#
# A fatal error has been detected by the Java Runtime Environment:
#
#  EXCEPTION_ACCESS_VIOLATION (0xc0000005) at pc=0x76689b60, pid=1468, tid=1320
#
# JRE version: 7.0_25-b17
# Java VM: Java HotSpot(TM) Client VM (23.25-b01 mixed mode, sharing windows-x86 )
# Problematic frame:
# C  [msvcrt.dll+0x9b60]
#
# Failed to write core dump. Minidumps are not enabled by default on client versions of Windows
#
# If you would like to submit a bug report, please visit:
#   http://bugreport.sun.com/bugreport/crash.jsp
# The crash happened outside the Java Virtual Machine in native code.
# See problematic frame for where to report the bug.
#

---------------  T H R E A D  ---------------

Current thread (0x04c13800):  JavaThread "LWJGL Application" [_thread_in_native, id=1320, stack(0x055c0000,0x05610000)]

siginfo: ExceptionCode=0xc0000005, writing address 0x00000000

Registers:
EAX=0x245defe4, EBX=0x04c13928, ECX=0x00000050, EDX=0x00000000
ESP=0x0560ef70, EBP=0x0560ef78, ESI=0x245deea4, EDI=0x00000000
EIP=0x76689b60, EFLAGS=0x00010216

Top of Stack: (sp=0x0560ef70)
0x0560ef70:   0560efc8 245deea4 00000000 6ceeab5d
0x0560ef80:   00000000 245deea4 00000140 00000000
0x0560ef90:   0777ab70 00000000 00000040 245de250
0x0560efa0:   0560efd0 04c13800 0560efe8 0279cb99
0x0560efb0:   04c13928 0560efd0 0560efc8 0560efcc
0x0560efc0:   00000050 00000000 245dee98 245de250
0x0560efd0:   299ede68 0560eff0 00000de1 00000021
0x0560efe0:   5238cad0 00000000 0560f35c 0279d798 

Instructions: (pc=0x76689b60)
0x76689b40:   8b 45 08 5e 5f c9 c3 8a 46 03 88 47 03 8a 46 02
0x76689b50:   88 47 02 8a 46 01 88 47 01 8b 45 08 5e 5f c9 c3
0x76689b60:   f3 a5 ff 24 95 b8 99 68 76 8a 06 88 07 8a 46 01
0x76689b70:   88 47 01 8b 45 08 5e 5f c9 c3 83 3d 44 00 72 76 


Register to memory mapping:

EAX=0x245defe4 is an oop
[F 
 - klass: {type array float}
 - length: 20000
EBX=0x04c13928 is an unknown value
ECX=0x00000050 is an unknown value
EDX=0x00000000 is an unknown value
ESP=0x0560ef70 is pointing into the stack for thread: 0x04c13800
EBP=0x0560ef78 is pointing into the stack for thread: 0x04c13800
ESI=0x245deea4 is an oop
[F 
 - klass: {type array float}
 - length: 20000
EDI=0x00000000 is an unknown value


Stack: [0x055c0000,0x05610000],  sp=0x0560ef70,  free space=315k
Native frames: (J=compiled Java code, j=interpreted, Vv=VM code, C=native code)
C  [msvcrt.dll+0x9b60]

Java frames: (J=compiled Java code, j=interpreted, Vv=VM code)
J  com.badlogic.gdx.utils.BufferUtils.copyJni([FLjava/nio/Buffer;II)V
J  com.badlogic.gdx.utils.BufferUtils.copy([FLjava/nio/Buffer;II)V
J  com.badlogic.gdx.graphics.g2d.SpriteBatch.renderMesh()V
J  com.badlogic.gdx.scenes.scene2d.Group.drawChildren(Lcom/badlogic/gdx/graphics/g2d/SpriteBatch;F)V
J  com.badlogic.gdx.scenes.scene2d.Group.draw(Lcom/badlogic/gdx/graphics/g2d/SpriteBatch;F)V
J  com.badlogic.gdx.scenes.scene2d.Stage.draw()V
J  deco2800.arcade.minigolf.WorldRenderer.render()V
J  deco2800.arcade.minigolf.GameScreen.render(F)V
J  com.badlogic.gdx.Game.render()V
j  com.badlogic.gdx.backends.lwjgl.LwjglApplication.mainLoop()V+491
j  com.badlogic.gdx.backends.lwjgl.LwjglApplication$1.run()V+27
v  ~StubRoutines::call_stub

---------------  P R O C E S S  ---------------

Java Threads: ( => current thread )
  0x04c73000 JavaThread "LWJGL Timer" daemon [_thread_blocked, id=2940, stack(0x087a0000,0x087f0000)]
  0x0036ac00 JavaThread "DestroyJavaVM" [_thread_blocked, id=6128, stack(0x00e90000,0x00ee0000)]
=>0x04c13800 JavaThread "LWJGL Application" [_thread_in_native, id=1320, stack(0x055c0000,0x05610000)]
  0x00fc9400 JavaThread "Service Thread" daemon [_thread_blocked, id=6880, stack(0x04af0000,0x04b40000)]
  0x00fc4c00 JavaThread "C1 CompilerThread0" daemon [_thread_blocked, id=5360, stack(0x046d0000,0x04720000)]
  0x00fb8000 JavaThread "Attach Listener" daemon [_thread_blocked, id=5484, stack(0x04890000,0x048e0000)]
  0x00fb5000 JavaThread "Signal Dispatcher" daemon [_thread_blocked, id=6868, stack(0x047e0000,0x04830000)]
  0x00fa4000 JavaThread "Finalizer" daemon [_thread_blocked, id=976, stack(0x04750000,0x047a0000)]
  0x00f9f400 JavaThread "Reference Handler" daemon [_thread_blocked, id=4728, stack(0x011b0000,0x01200000)]

Other Threads:
  0x00f9e000 VMThread [stack: 0x004a0000,0x004f0000] [id=6440]
  0x00fdac00 WatcherThread [stack: 0x04a70000,0x04ac0000] [id=680]

VM state:not at safepoint (normal execution)

VM Mutex/Monitor currently owned by a thread: None

Heap
 def new generation   total 4928K, used 3478K [0x242c0000, 0x24810000, 0x29810000)
  eden space 4416K,  74% used [0x242c0000, 0x245f8c00, 0x24710000)
  from space 512K,  35% used [0x24790000, 0x247bcf88, 0x24810000)
  to   space 512K,   0% used [0x24710000, 0x24710000, 0x24790000)
 tenured generation   total 10944K, used 10253K [0x29810000, 0x2a2c0000, 0x342c0000)
   the space 10944K,  93% used [0x29810000, 0x2a213420, 0x2a213600, 0x2a2c0000)
 compacting perm gen  total 12288K, used 2301K [0x342c0000, 0x34ec0000, 0x382c0000)
   the space 12288K,  18% used [0x342c0000, 0x344ff758, 0x344ff800, 0x34ec0000)
    ro space 10240K,  42% used [0x382c0000, 0x38704240, 0x38704400, 0x38cc0000)
    rw space 12288K,  54% used [0x38cc0000, 0x39344d58, 0x39344e00, 0x398c0000)

Card table byte_map: [0x002b0000,0x00360000] byte_map_base: 0x0018ea00

Polling page: 0x00130000

Code Cache  [0x026b0000, 0x02818000, 0x046b0000)
 total_blobs=849 nmethods=601 adapters=183 free_code_cache=31334Kb largest_free_block=32086336

Compilation events (10 events):
Event: 40.429 Thread 0x00fc4c00  597             com.badlogic.gdx.graphics.g2d.Sprite::setColor (76 bytes)
Event: 40.429 Thread 0x00fc4c00 nmethod 597 0x028101c8 code [0x02810310, 0x028104f0]
Event: 40.429 Thread 0x00fc4c00  598             com.badlogic.gdx.graphics.g2d.Sprite::setSize (131 bytes)
Event: 40.429 Thread 0x00fc4c00 nmethod 598 0x02810648 code [0x02810770, 0x02810980]
Event: 40.429 Thread 0x00fc4c00  599             com.badlogic.gdx.graphics.g2d.Sprite::setOrigin (16 bytes)
Event: 40.429 Thread 0x00fc4c00 nmethod 599 0x02810b48 code [0x02810c40, 0x02810cd0]
Event: 41.494 Thread 0x00fc4c00  600             deco2800.arcade.minigolf.DirectionLogic::<init> (52 bytes)
Event: 41.494 Thread 0x00fc4c00 nmethod 600 0x02810d08 code [0x02810e10, 0x02810fb0]
Event: 234.429 Thread 0x00fc4c00    1 % !         com.badlogic.gdx.backends.lwjgl.LwjglApplication::mainLoop @ 86 (660 bytes)
Event: 234.434 Thread 0x00fc4c00 nmethod 1% 0x02811088 code [0x02811760, 0x028136f8]

GC Heap History (10 events):
Event: 278.363 GC heap before
{Heap before GC invocations=386 (full 0):
 def new generation   total 4928K, used 4546K [0x242c0000, 0x24810000, 0x29810000)
  eden space 4416K,  98% used [0x242c0000, 0x246ff888, 0x24710000)
  from space 512K,  38% used [0x24710000, 0x24741008, 0x24790000)
  to   space 512K,   0% used [0x24790000, 0x24790000, 0x24810000)
 tenured generation   total 10944K, used 10157K [0x29810000, 0x2a2c0000, 0x342c0000)
   the space 10944K,  92% used [0x29810000, 0x2a1fb5a0, 0x2a1fb600, 0x2a2c0000)
 compacting perm gen  total 12288K, used 2301K [0x342c0000, 0x34ec0000, 0x382c0000)
   the space 12288K,  18% used [0x342c0000, 0x344ff758, 0x344ff800, 0x34ec0000)
    ro space 10240K,  42% used [0x382c0000, 0x38704240, 0x38704400, 0x38cc0000)
    rw space 12288K,  54% used [0x38cc0000, 0x39344d58, 0x39344e00, 0x398c0000)
Event: 278.364 GC heap after
Heap after GC invocations=387 (full 0):
 def new generation   total 4928K, used 211K [0x242c0000, 0x24810000, 0x29810000)
  eden space 4416K,   0% used [0x242c0000, 0x242c0000, 0x24710000)
  from space 512K,  41% used [0x24790000, 0x247c4f08, 0x24810000)
  to   space 512K,   0% used [0x24710000, 0x24710000, 0x24790000)
 tenured generation   total 10944K, used 10157K [0x29810000, 0x2a2c0000, 0x342c0000)
   the space 10944K,  92% used [0x29810000, 0x2a1fb5a0, 0x2a1fb600, 0x2a2c0000)
 compacting perm gen  total 12288K, used 2301K [0x342c0000, 0x34ec0000, 0x382c0000)
   the space 12288K,  18% used [0x342c0000, 0x344ff758, 0x344ff800, 0x34ec0000)
    ro space 10240K,  42% used [0x382c0000, 0x38704240, 0x38704400, 0x38cc0000)
    rw space 12288K,  54% used [0x38cc0000, 0x39344d58, 0x39344e00, 0x398c0000)
}
Event: 279.063 GC heap before
{Heap before GC invocations=387 (full 0):
 def new generation   total 4928K, used 4620K [0x242c0000, 0x24810000, 0x29810000)
  eden space 4416K,  99% used [0x242c0000, 0x2470e100, 0x24710000)
  from space 512K,  41% used [0x24790000, 0x247c4f08, 0x24810000)
  to   space 512K,   0% used [0x24710000, 0x24710000, 0x24790000)
 tenured generation   total 10944K, used 10157K [0x29810000, 0x2a2c0000, 0x342c0000)
   the space 10944K,  92% used [0x29810000, 0x2a1fb5a0, 0x2a1fb600, 0x2a2c0000)
 compacting perm gen  total 12288K, used 2301K [0x342c0000, 0x34ec0000, 0x382c0000)
   the space 12288K,  18% used [0x342c0000, 0x344ff758, 0x344ff800, 0x34ec0000)
    ro space 10240K,  42% used [0x382c0000, 0x38704240, 0x38704400, 0x38cc0000)
    rw space 12288K,  54% used [0x38cc0000, 0x39344d58, 0x39344e00, 0x398c0000)
Event: 279.064 GC heap after
Heap after GC invocations=388 (full 0):
 def new generation   total 4928K, used 305K [0x242c0000, 0x24810000, 0x29810000)
  eden space 4416K,   0% used [0x242c0000, 0x242c0000, 0x24710000)
  from space 512K,  59% used [0x24710000, 0x2475c698, 0x24790000)
  to   space 512K,   0% used [0x24790000, 0x24790000, 0x24810000)
 tenured generation   total 10944K, used 10157K [0x29810000, 0x2a2c0000, 0x342c0000)
   the space 10944K,  92% used [0x29810000, 0x2a1fb5a0, 0x2a1fb600, 0x2a2c0000)
 compacting perm gen  total 12288K, used 2301K [0x342c0000, 0x34ec0000, 0x382c0000)
   the space 12288K,  18% used [0x342c0000, 0x344ff758, 0x344ff800, 0x34ec0000)
    ro space 10240K,  42% used [0x382c0000, 0x38704240, 0x38704400, 0x38cc0000)
    rw space 12288K,  54% used [0x38cc0000, 0x39344d58, 0x39344e00, 0x398c0000)
}
Event: 279.779 GC heap before
{Heap before GC invocations=388 (full 0):
 def new generation   total 4928K, used 4686K [0x242c0000, 0x24810000, 0x29810000)
  eden space 4416K,  99% used [0x242c0000, 0x24707410, 0x24710000)
  from space 512K,  59% used [0x24710000, 0x2475c698, 0x24790000)
  to   space 512K,   0% used [0x24790000, 0x24790000, 0x24810000)
 tenured generation   total 10944K, used 10157K [0x29810000, 0x2a2c0000, 0x342c0000)
   the space 10944K,  92% used [0x29810000, 0x2a1fb5a0, 0x2a1fb600, 0x2a2c0000)
 compacting perm gen  total 12288K, used 2301K [0x342c0000, 0x34ec0000, 0x382c0000)
   the space 12288K,  18% used [0x342c0000, 0x344ff758, 0x344ff800, 0x34ec0000)
    ro space 10240K,  42% used [0x382c0000, 0x38704240, 0x38704400, 0x38cc0000)
    rw space 12288K,  54% used [0x38cc0000, 0x39344d58, 0x39344e00, 0x398c0000)
Event: 279.780 GC heap after
Heap after GC invocations=389 (full 0):
 def new generation   total 4928K, used 179K [0x242c0000, 0x24810000, 0x29810000)
  eden space 4416K,   0% used [0x242c0000, 0x242c0000, 0x24710000)
  from space 512K,  35% used [0x24790000, 0x247bcf88, 0x24810000)
  to   space 512K,   0% used [0x24710000, 0x24710000, 0x24790000)
 tenured generation   total 10944K, used 10221K [0x29810000, 0x2a2c0000, 0x342c0000)
   the space 10944K,  93% used [0x29810000, 0x2a20b4a0, 0x2a20b600, 0x2a2c0000)
 compacting perm gen  total 12288K, used 2301K [0x342c0000, 0x34ec0000, 0x382c0000)
   the space 12288K,  18% used [0x342c0000, 0x344ff758, 0x344ff800, 0x34ec0000)
    ro space 10240K,  42% used [0x382c0000, 0x38704240, 0x38704400, 0x38cc0000)
    rw space 12288K,  54% used [0x38cc0000, 0x39344d58, 0x39344e00, 0x398c0000)
}
Event: 280.479 GC heap before
{Heap before GC invocations=389 (full 0):
 def new generation   total 4928K, used 4591K [0x242c0000, 0x24810000, 0x29810000)
  eden space 4416K,  99% used [0x242c0000, 0x2470ed90, 0x24710000)
  from space 512K,  35% used [0x24790000, 0x247bcf88, 0x24810000)
  to   space 512K,   0% used [0x24710000, 0x24710000, 0x24790000)
 tenured generation   total 10944K, used 10221K [0x29810000, 0x2a2c0000, 0x342c0000)
   the space 10944K,  93% used [0x29810000, 0x2a20b4a0, 0x2a20b600, 0x2a2c0000)
 compacting perm gen  total 12288K, used 2301K [0x342c0000, 0x34ec0000, 0x382c0000)
   the space 12288K,  18% used [0x342c0000, 0x344ff758, 0x344ff800, 0x34ec0000)
    ro space 10240K,  42% used [0x382c0000, 0x38704240, 0x38704400, 0x38cc0000)
    rw space 12288K,  54% used [0x38cc0000, 0x39344d58, 0x39344e00, 0x398c0000)
Event: 280.480 GC heap after
Heap after GC invocations=390 (full 0):
 def new generation   total 4928K, used 273K [0x242c0000, 0x24810000, 0x29810000)
  eden space 4416K,   0% used [0x242c0000, 0x242c0000, 0x24710000)
  from space 512K,  53% used [0x24710000, 0x24754718, 0x24790000)
  to   space 512K,   0% used [0x24790000, 0x24790000, 0x24810000)
 tenured generation   total 10944K, used 10221K [0x29810000, 0x2a2c0000, 0x342c0000)
   the space 10944K,  93% used [0x29810000, 0x2a20b4a0, 0x2a20b600, 0x2a2c0000)
 compacting perm gen  total 12288K, used 2301K [0x342c0000, 0x34ec0000, 0x382c0000)
   the space 12288K,  18% used [0x342c0000, 0x344ff758, 0x344ff800, 0x34ec0000)
    ro space 10240K,  42% used [0x382c0000, 0x38704240, 0x38704400, 0x38cc0000)
    rw space 12288K,  54% used [0x38cc0000, 0x39344d58, 0x39344e00, 0x398c0000)
}
Event: 281.195 GC heap before
{Heap before GC invocations=390 (full 0):
 def new generation   total 4928K, used 4639K [0x242c0000, 0x24810000, 0x29810000)
  eden space 4416K,  98% used [0x242c0000, 0x247036b8, 0x24710000)
  from space 512K,  53% used [0x24710000, 0x24754718, 0x24790000)
  to   space 512K,   0% used [0x24790000, 0x24790000, 0x24810000)
 tenured generation   total 10944K, used 10221K [0x29810000, 0x2a2c0000, 0x342c0000)
   the space 10944K,  93% used [0x29810000, 0x2a20b4a0, 0x2a20b600, 0x2a2c0000)
 compacting perm gen  total 12288K, used 2301K [0x342c0000, 0x34ec0000, 0x382c0000)
   the space 12288K,  18% used [0x342c0000, 0x344ff758, 0x344ff800, 0x34ec0000)
    ro space 10240K,  42% used [0x382c0000, 0x38704240, 0x38704400, 0x38cc0000)
    rw space 12288K,  54% used [0x38cc0000, 0x39344d58, 0x39344e00, 0x398c0000)
Event: 281.196 GC heap after
Heap after GC invocations=391 (full 0):
 def new generation   total 4928K, used 179K [0x242c0000, 0x24810000, 0x29810000)
  eden space 4416K,   0% used [0x242c0000, 0x242c0000, 0x24710000)
  from space 512K,  35% used [0x24790000, 0x247bcf88, 0x24810000)
  to   space 512K,   0% used [0x24710000, 0x24710000, 0x24790000)
 tenured generation   total 10944K, used 10253K [0x29810000, 0x2a2c0000, 0x342c0000)
   the space 10944K,  93% used [0x29810000, 0x2a213420, 0x2a213600, 0x2a2c0000)
 compacting perm gen  total 12288K, used 2301K [0x342c0000, 0x34ec0000, 0x382c0000)
   the space 12288K,  18% used [0x342c0000, 0x344ff758, 0x344ff800, 0x34ec0000)
    ro space 10240K,  42% used [0x382c0000, 0x38704240, 0x38704400, 0x38cc0000)
    rw space 12288K,  54% used [0x38cc0000, 0x39344d58, 0x39344e00, 0x398c0000)
}

Deoptimization events (0 events):
No events

Internal exceptions (10 events):
Event: 2.508 Thread 0x04c13800 Threw 0x2440bad0 at C:\jdk7u2_32P\jdk7u25\hotspot\src\share\vm\prims\jvm.cpp:1235
Event: 2.556 Thread 0x04c13800 Threw 0x2446c690 at C:\jdk7u2_32P\jdk7u25\hotspot\src\share\vm\prims\jvm.cpp:1235
Event: 2.566 Thread 0x04c13800 Threw 0x2453bf98 at C:\jdk7u2_32P\jdk7u25\hotspot\src\share\vm\prims\jvm.cpp:1235
Event: 2.567 Thread 0x04c13800 Threw 0x24597e68 at C:\jdk7u2_32P\jdk7u25\hotspot\src\share\vm\prims\jvm.cpp:1235
Event: 2.568 Thread 0x04c13800 Threw 0x24599be0 at C:\jdk7u2_32P\jdk7u25\hotspot\src\share\vm\prims\jvm.cpp:1235
Event: 2.568 Thread 0x04c13800 Threw 0x2459bdb8 at C:\jdk7u2_32P\jdk7u25\hotspot\src\share\vm\prims\jvm.cpp:1235
Event: 2.568 Thread 0x04c13800 Threw 0x2459d3a8 at C:\jdk7u2_32P\jdk7u25\hotspot\src\share\vm\prims\jvm.cpp:1235
Event: 2.572 Thread 0x04c13800 Threw 0x245a51d8 at C:\jdk7u2_32P\jdk7u25\hotspot\src\share\vm\prims\jvm.cpp:1235
Event: 2.573 Thread 0x04c13800 Threw 0x245ccbf8 at C:\jdk7u2_32P\jdk7u25\hotspot\src\share\vm\prims\jvm.cpp:1235
Event: 2.581 Thread 0x04c13800 Threw 0x245d7798 at C:\jdk7u2_32P\jdk7u25\hotspot\src\share\vm\prims\jvm.cpp:1235

Events (10 events):
Event: 278.363 Executing VM operation: GenCollectForAllocation
Event: 278.364 Executing VM operation: GenCollectForAllocation done
Event: 279.063 Executing VM operation: GenCollectForAllocation
Event: 279.064 Executing VM operation: GenCollectForAllocation done
Event: 279.779 Executing VM operation: GenCollectForAllocation
Event: 279.780 Executing VM operation: GenCollectForAllocation done
Event: 280.479 Executing VM operation: GenCollectForAllocation
Event: 280.480 Executing VM operation: GenCollectForAllocation done
Event: 281.195 Executing VM operation: GenCollectForAllocation
Event: 281.196 Executing VM operation: GenCollectForAllocation done


Dynamic libraries:
0x01280000 - 0x012af000 	C:\Program Files (x86)\Java\jre7\bin\javaw.exe
0x77320000 - 0x774a0000 	C:\Windows\SysWOW64\ntdll.dll
0x76930000 - 0x76a40000 	C:\Windows\syswow64\kernel32.dll
0x76ea0000 - 0x76ee7000 	C:\Windows\syswow64\KERNELBASE.dll
0x75e50000 - 0x75ef0000 	C:\Windows\syswow64\ADVAPI32.dll
0x76680000 - 0x7672c000 	C:\Windows\syswow64\msvcrt.dll
0x75cb0000 - 0x75cc9000 	C:\Windows\SysWOW64\sechost.dll
0x75cd0000 - 0x75dc0000 	C:\Windows\syswow64\RPCRT4.dll
0x74d70000 - 0x74dd0000 	C:\Windows\syswow64\SspiCli.dll
0x74d60000 - 0x74d6c000 	C:\Windows\syswow64\CRYPTBASE.dll
0x75b80000 - 0x75c80000 	C:\Windows\syswow64\USER32.dll
0x765d0000 - 0x76660000 	C:\Windows\syswow64\GDI32.dll
0x772f0000 - 0x772fa000 	C:\Windows\syswow64\LPK.dll
0x76e00000 - 0x76e9d000 	C:\Windows\syswow64\USP10.dll
0x6df90000 - 0x6e12e000 	C:\Windows\WinSxS\x86_microsoft.windows.common-controls_6595b64144ccf1df_6.0.7601.17514_none_41e6975e2bd6f2b2\COMCTL32.dll
0x76ba0000 - 0x76bf7000 	C:\Windows\syswow64\SHLWAPI.dll
0x76570000 - 0x765d0000 	C:\Windows\system32\IMM32.DLL
0x76860000 - 0x7692c000 	C:\Windows\syswow64\MSCTF.dll
0x5b8e0000 - 0x5b99e000 	C:\Program Files (x86)\Java\jre7\bin\msvcr100.dll
0x6d9a0000 - 0x6dce2000 	C:\Program Files (x86)\Java\jre7\bin\client\jvm.dll
0x72260000 - 0x72267000 	C:\Windows\system32\WSOCK32.dll
0x76530000 - 0x76565000 	C:\Windows\syswow64\WS2_32.dll
0x75a30000 - 0x75a36000 	C:\Windows\syswow64\NSI.dll
0x70ad0000 - 0x70b02000 	C:\Windows\system32\WINMM.dll
0x75a20000 - 0x75a25000 	C:\Windows\syswow64\PSAPI.DLL
0x73530000 - 0x7353c000 	C:\Program Files (x86)\Java\jre7\bin\verify.dll
0x70ea0000 - 0x70ec0000 	C:\Program Files (x86)\Java\jre7\bin\java.dll
0x70870000 - 0x70883000 	C:\Program Files (x86)\Java\jre7\bin\zip.dll
0x6cec0000 - 0x6cf3f000 	C:\Users\Rig\AppData\Local\Temp\libgdxRig\3406029919\gdx.dll
0x10000000 - 0x1004c000 	C:\Users\Rig\AppData\Local\Temp\libgdxRig\658158746\lwjgl.dll
0x6b700000 - 0x6b7c8000 	C:\Windows\system32\OPENGL32.dll
0x734e0000 - 0x73502000 	C:\Windows\system32\GLU32.dll
0x68020000 - 0x68107000 	C:\Windows\system32\DDRAW.dll
0x739e0000 - 0x739e6000 	C:\Windows\system32\DCIMAN32.dll
0x75f00000 - 0x7609d000 	C:\Windows\syswow64\SETUPAPI.dll
0x75b30000 - 0x75b57000 	C:\Windows\syswow64\CFGMGR32.dll
0x76410000 - 0x7649f000 	C:\Windows\syswow64\OLEAUT32.dll
0x76a40000 - 0x76b9c000 	C:\Windows\syswow64\ole32.dll
0x75b60000 - 0x75b72000 	C:\Windows\syswow64\DEVOBJ.dll
0x70e80000 - 0x70e93000 	C:\Windows\system32\dwmapi.dll
0x74c90000 - 0x74c99000 	C:\Windows\system32\VERSION.dll
0x049c0000 - 0x04a27000 	C:\Users\Rig\AppData\Local\Temp\libgdxRig\658158746\OpenAL32.dll
0x74dd0000 - 0x75a1a000 	C:\Windows\syswow64\SHELL32.dll
0x71c70000 - 0x71cf0000 	C:\Windows\system32\uxtheme.dll
0x72910000 - 0x72968000 	C:\Program Files (x86)\Common Files\microsoft shared\ink\tiptsf.dll
0x75a40000 - 0x75ac3000 	C:\Windows\syswow64\CLBCatQ.DLL
0x738e0000 - 0x739d5000 	C:\Windows\System32\PROPSYS.dll
0x76ef0000 - 0x76f1e000 	C:\Windows\syswow64\WINTRUST.dll
0x760e0000 - 0x76200000 	C:\Windows\syswow64\CRYPT32.dll
0x75ca0000 - 0x75cac000 	C:\Windows\syswow64\MSASN1.dll
0x65780000 - 0x657f2000 	C:\Windows\system32\dsound.dll
0x6bae0000 - 0x6bb05000 	C:\Windows\system32\POWRPROF.dll
0x68bd0000 - 0x68c09000 	C:\Windows\System32\MMDevApi.dll
0x6b640000 - 0x6b676000 	C:\Windows\system32\AUDIOSES.DLL
0x51bf0000 - 0x5312b000 	C:\Windows\system32\nvoglv32.DLL
0x74c00000 - 0x74c21000 	C:\Windows\system32\ntmarta.dll
0x763c0000 - 0x76405000 	C:\Windows\syswow64\WLDAP32.dll
0x6d830000 - 0x6d86c000 	C:\Windows\system32\oleacc.dll
0x71300000 - 0x71379000 	C:\Windows\system32\mscms.dll
0x70a60000 - 0x70a77000 	C:\Windows\system32\USERENV.dll
0x70a50000 - 0x70a5b000 	C:\Windows\system32\profapi.dll
0x6f730000 - 0x6f768000 	C:\Windows\system32\icm32.dll

VM Arguments:
jvm_args: -Dfile.encoding=Cp1252 
java_command: deco2800.arcade.minigolf.Main
Launcher Type: SUN_STANDARD

Environment Variables:
JAVA_HOME=C:\Program Files\Java\jdk1.7.0_40
CLASSPATH=.;C:\Program Files (x86)\Java\jre7\lib\ext\QTJava.zip
PATH=C:/Program Files (x86)/Java/jre7/bin/client;C:/Program Files (x86)/Java/jre7/bin;C:/Program Files (x86)/Java/jre7/lib/i386;C:\Program Files (x86)\NVIDIA Corporation\PhysX\Common;C:\Windows\system32;C:\Windows;C:\Windows\System32\Wbem;C:\Windows\System32\WindowsPowerShell\v1.0\;C:\Program Files (x86)\QuickTime\QTSystem\;C:\Program Files\TortoiseSVN\bin;C:\Gradle\gradle-1.6\bin;;C:\eclipse;
USERNAME=Rig
OS=Windows_NT
PROCESSOR_IDENTIFIER=AMD64 Family 21 Model 2 Stepping 0, AuthenticAMD



---------------  S Y S T E M  ---------------

OS: Windows 7 , 64 bit Build 7601 Service Pack 1

CPU:total 6 (6 cores per cpu, 1 threads per core) family 21 model 2 stepping 0, cmov, cx8, fxsr, mmx, sse, sse2, sse3, ssse3, sse4.1, sse4.2, popcnt, avx, mmxext, 3dnowpref, lzcnt, sse4a, tsc, tscinvbit, tscinv

Memory: 4k page, physical 8287832k(4256928k free), swap 16573804k(10727916k free)

vm_info: Java HotSpot(TM) Client VM (23.25-b01) for windows-x86 JRE (1.7.0_25-b17), built on Jun 21 2013 13:06:48 by "java_re" with unknown MS VC++:1600

time: Fri Oct 11 17:48:09 2013
elapsed time: 281 seconds

