#
# A fatal error has been detected by the Java Runtime Environment:
#
#  EXCEPTION_ACCESS_VIOLATION (0xc0000005) at pc=0x76689b60, pid=2136, tid=4404
#
# JRE version: 7.0_25-b17
# Java VM: Java HotSpot(TM) Client VM (23.25-b01 mixed mode, sharing windows-x86 )
# Problematic frame:
# C  [msvcrt.dll+0x9b60]
#
# Failed to write core dump. Minidumps are not enabled by default on client versions of Windows
#
# If you would like to submit a bug report, please visit:
#   http://bugreport.sun.com/bugreport/crash.jsp
# The crash happened outside the Java Virtual Machine in native code.
# See problematic frame for where to report the bug.
#

---------------  T H R E A D  ---------------

Current thread (0x04ad0000):  JavaThread "LWJGL Application" [_thread_in_native, id=4404, stack(0x052b0000,0x05300000)]

siginfo: ExceptionCode=0xc0000005, writing address 0x00000000

Registers:
EAX=0x2430ea4c, EBX=0x04ad0128, ECX=0x00000050, EDX=0x00000000
ESP=0x052ff370, EBP=0x052ff378, ESI=0x2430e90c, EDI=0x00000000
EIP=0x76689b60, EFLAGS=0x00010216

Top of Stack: (sp=0x052ff370)
0x052ff370:   052ff3c8 2430e90c 00000000 6ceeab5d
0x052ff380:   00000000 2430e90c 00000140 00000000
0x052ff390:   07f1a360 00000000 00000040 2430ce10
0x052ff3a0:   052ff3d0 04ad0000 052ff3e8 028fb499
0x052ff3b0:   04ad0128 052ff3d0 052ff3c8 052ff3cc
0x052ff3c0:   00000050 00000000 2430e900 2430ce10
0x052ff3d0:   299ead38 052ff3f0 00000de1 00000021
0x052ff3e0:   5b92cad0 00000000 052ff74c 028fb6d8 

Instructions: (pc=0x76689b60)
0x76689b40:   8b 45 08 5e 5f c9 c3 8a 46 03 88 47 03 8a 46 02
0x76689b50:   88 47 02 8a 46 01 88 47 01 8b 45 08 5e 5f c9 c3
0x76689b60:   f3 a5 ff 24 95 b8 99 68 76 8a 06 88 07 8a 46 01
0x76689b70:   88 47 01 8b 45 08 5e 5f c9 c3 83 3d 44 00 72 76 


Register to memory mapping:

EAX=
[error occurred during error reporting (printing register info), id 0xc0000005]

Stack: [0x052b0000,0x05300000],  sp=0x052ff370,  free space=316k
Native frames: (J=compiled Java code, j=interpreted, Vv=VM code, C=native code)
C  [msvcrt.dll+0x9b60]

Java frames: (J=compiled Java code, j=interpreted, Vv=VM code)
J  com.badlogic.gdx.utils.BufferUtils.copyJni([FLjava/nio/Buffer;II)V
J  com.badlogic.gdx.utils.BufferUtils.copy([FLjava/nio/Buffer;II)V
J  com.badlogic.gdx.graphics.g2d.SpriteBatch.renderMesh()V
J  com.badlogic.gdx.scenes.scene2d.Group.drawChildren(Lcom/badlogic/gdx/graphics/g2d/SpriteBatch;F)V
J  com.badlogic.gdx.scenes.scene2d.Group.draw(Lcom/badlogic/gdx/graphics/g2d/SpriteBatch;F)V
J  com.badlogic.gdx.scenes.scene2d.Stage.draw()V
J  deco2800.arcade.minigolf.WorldRenderer.render()V
J  deco2800.arcade.minigolf.GameScreen.render(F)V
J  com.badlogic.gdx.Game.render()V
j  com.badlogic.gdx.backends.lwjgl.LwjglApplication.mainLoop()V+491
j  com.badlogic.gdx.backends.lwjgl.LwjglApplication$1.run()V+27
v  ~StubRoutines::call_stub

---------------  P R O C E S S  ---------------

Java Threads: ( => current thread )
  0x07f25c00 JavaThread "LWJGL Timer" daemon [_thread_blocked, id=2228, stack(0x08a00000,0x08a50000)]
  0x0029ac00 JavaThread "DestroyJavaVM" [_thread_blocked, id=5896, stack(0x00cc0000,0x00d10000)]
=>0x04ad0000 JavaThread "LWJGL Application" [_thread_in_native, id=4404, stack(0x052b0000,0x05300000)]
  0x00def000 JavaThread "Service Thread" daemon [_thread_blocked, id=5108, stack(0x04950000,0x049a0000)]
  0x00de9400 JavaThread "C1 CompilerThread0" daemon [_thread_blocked, id=3288, stack(0x049a0000,0x049f0000)]
  0x00de8000 JavaThread "Attach Listener" daemon [_thread_blocked, id=5396, stack(0x01390000,0x013e0000)]
  0x00de5000 JavaThread "Signal Dispatcher" daemon [_thread_blocked, id=5264, stack(0x04830000,0x04880000)]
  0x00dd4000 JavaThread "Finalizer" daemon [_thread_blocked, id=728, stack(0x01000000,0x01050000)]
  0x00dcf400 JavaThread "Reference Handler" daemon [_thread_blocked, id=3816, stack(0x01060000,0x010b0000)]

Other Threads:
  0x00dce000 VMThread [stack: 0x00450000,0x004a0000] [id=4160]
  0x00e09c00 WatcherThread [stack: 0x04880000,0x048d0000] [id=5420]

VM state:not at safepoint (normal execution)

VM Mutex/Monitor currently owned by a thread: None

Heap
 def new generation   total 4928K, used 666K [0x242c0000, 0x24810000, 0x29810000)
  eden space 4416K,   9% used [0x242c0000, 0x24325080, 0x24710000)
  from space 512K,  51% used [0x24790000, 0x247d1790, 0x24810000)
  to   space 512K,   0% used [0x24710000, 0x24710000, 0x24790000)
 tenured generation   total 10944K, used 10120K [0x29810000, 0x2a2c0000, 0x342c0000)
   the space 10944K,  92% used [0x29810000, 0x2a1f23d0, 0x2a1f2400, 0x2a2c0000)
 compacting perm gen  total 12288K, used 2299K [0x342c0000, 0x34ec0000, 0x382c0000)
   the space 12288K,  18% used [0x342c0000, 0x344feff8, 0x344ff000, 0x34ec0000)
    ro space 10240K,  42% used [0x382c0000, 0x38704240, 0x38704400, 0x38cc0000)
    rw space 12288K,  54% used [0x38cc0000, 0x39344d58, 0x39344e00, 0x398c0000)

Card table byte_map: [0x00e90000,0x00f40000] byte_map_base: 0x00d6ea00

Polling page: 0x001c0000

Code Cache  [0x02810000, 0x02978000, 0x04810000)
 total_blobs=844 nmethods=596 adapters=183 free_code_cache=31354Kb largest_free_block=32107264

Compilation events (10 events):
Event: 40.640 Thread 0x00de9400  592             java.util.ArrayList::ensureCapacityInternal (26 bytes)
Event: 40.640 Thread 0x00de9400 nmethod 592 0x0296a648 code [0x0296a750, 0x0296a7fc]
Event: 43.473 Thread 0x00de9400  593             com.badlogic.gdx.scenes.scene2d.Stage::<init> (88 bytes)
Event: 43.474 Thread 0x00de9400 nmethod 593 0x0296a888 code [0x0296a9c0, 0x0296ae54]
Event: 43.474 Thread 0x00de9400  594             com.badlogic.gdx.scenes.scene2d.Stage::initialize (48 bytes)
Event: 43.474 Thread 0x00de9400 nmethod 594 0x0296b0c8 code [0x0296b1f0, 0x0296b410]
Event: 43.474 Thread 0x00de9400  595             com.badlogic.gdx.scenes.scene2d.Stage::setViewport (235 bytes)
Event: 43.475 Thread 0x00de9400 nmethod 595 0x0296b588 code [0x0296b720, 0x0296bab8]
Event: 234.105 Thread 0x00de9400    1 % !         com.badlogic.gdx.backends.lwjgl.LwjglApplication::mainLoop @ 86 (660 bytes)
Event: 234.112 Thread 0x00de9400 nmethod 1% 0x0296bec8 code [0x0296c5a0, 0x0296e538]

GC Heap History (10 events):
Event: 281.861 GC heap before
{Heap before GC invocations=384 (full 0):
 def new generation   total 4928K, used 4677K [0x242c0000, 0x24810000, 0x29810000)
  eden space 4416K,  99% used [0x242c0000, 0x2470fc70, 0x24710000)
  from space 512K,  51% used [0x24710000, 0x24751790, 0x24790000)
  to   space 512K,   0% used [0x24790000, 0x24790000, 0x24810000)
 tenured generation   total 10944K, used 10040K [0x29810000, 0x2a2c0000, 0x342c0000)
   the space 10944K,  91% used [0x29810000, 0x2a1de150, 0x2a1de200, 0x2a2c0000)
 compacting perm gen  total 12288K, used 2299K [0x342c0000, 0x34ec0000, 0x382c0000)
   the space 12288K,  18% used [0x342c0000, 0x344feff8, 0x344ff000, 0x34ec0000)
    ro space 10240K,  42% used [0x382c0000, 0x38704240, 0x38704400, 0x38cc0000)
    rw space 12288K,  54% used [0x38cc0000, 0x39344d58, 0x39344e00, 0x398c0000)
Event: 281.863 GC heap after
Heap after GC invocations=385 (full 0):
 def new generation   total 4928K, used 261K [0x242c0000, 0x24810000, 0x29810000)
  eden space 4416K,   0% used [0x242c0000, 0x242c0000, 0x24710000)
  from space 512K,  51% used [0x24790000, 0x247d1790, 0x24810000)
  to   space 512K,   0% used [0x24710000, 0x24710000, 0x24790000)
 tenured generation   total 10944K, used 10056K [0x29810000, 0x2a2c0000, 0x342c0000)
   the space 10944K,  91% used [0x29810000, 0x2a1e21d0, 0x2a1e2200, 0x2a2c0000)
 compacting perm gen  total 12288K, used 2299K [0x342c0000, 0x34ec0000, 0x382c0000)
   the space 12288K,  18% used [0x342c0000, 0x344feff8, 0x344ff000, 0x34ec0000)
    ro space 10240K,  42% used [0x382c0000, 0x38704240, 0x38704400, 0x38cc0000)
    rw space 12288K,  54% used [0x38cc0000, 0x39344d58, 0x39344e00, 0x398c0000)
}
Event: 282.579 GC heap before
{Heap before GC invocations=385 (full 0):
 def new generation   total 4928K, used 4677K [0x242c0000, 0x24810000, 0x29810000)
  eden space 4416K, 100% used [0x242c0000, 0x24710000, 0x24710000)
  from space 512K,  51% used [0x24790000, 0x247d1790, 0x24810000)
  to   space 512K,   0% used [0x24710000, 0x24710000, 0x24790000)
 tenured generation   total 10944K, used 10056K [0x29810000, 0x2a2c0000, 0x342c0000)
   the space 10944K,  91% used [0x29810000, 0x2a1e21d0, 0x2a1e2200, 0x2a2c0000)
 compacting perm gen  total 12288K, used 2299K [0x342c0000, 0x34ec0000, 0x382c0000)
   the space 12288K,  18% used [0x342c0000, 0x344feff8, 0x344ff000, 0x34ec0000)
    ro space 10240K,  42% used [0x382c0000, 0x38704240, 0x38704400, 0x38cc0000)
    rw space 12288K,  54% used [0x38cc0000, 0x39344d58, 0x39344e00, 0x398c0000)
Event: 282.581 GC heap after
Heap after GC invocations=386 (full 0):
 def new generation   total 4928K, used 261K [0x242c0000, 0x24810000, 0x29810000)
  eden space 4416K,   0% used [0x242c0000, 0x242c0000, 0x24710000)
  from space 512K,  51% used [0x24710000, 0x24751790, 0x24790000)
  to   space 512K,   0% used [0x24790000, 0x24790000, 0x24810000)
 tenured generation   total 10944K, used 10072K [0x29810000, 0x2a2c0000, 0x342c0000)
   the space 10944K,  92% used [0x29810000, 0x2a1e6250, 0x2a1e6400, 0x2a2c0000)
 compacting perm gen  total 12288K, used 2299K [0x342c0000, 0x34ec0000, 0x382c0000)
   the space 12288K,  18% used [0x342c0000, 0x344feff8, 0x344ff000, 0x34ec0000)
    ro space 10240K,  42% used [0x382c0000, 0x38704240, 0x38704400, 0x38cc0000)
    rw space 12288K,  54% used [0x38cc0000, 0x39344d58, 0x39344e00, 0x398c0000)
}
Event: 283.295 GC heap before
{Heap before GC invocations=386 (full 0):
 def new generation   total 4928K, used 4677K [0x242c0000, 0x24810000, 0x29810000)
  eden space 4416K,  99% used [0x242c0000, 0x2470fc70, 0x24710000)
  from space 512K,  51% used [0x24710000, 0x24751790, 0x24790000)
  to   space 512K,   0% used [0x24790000, 0x24790000, 0x24810000)
 tenured generation   total 10944K, used 10072K [0x29810000, 0x2a2c0000, 0x342c0000)
   the space 10944K,  92% used [0x29810000, 0x2a1e6250, 0x2a1e6400, 0x2a2c0000)
 compacting perm gen  total 12288K, used 2299K [0x342c0000, 0x34ec0000, 0x382c0000)
   the space 12288K,  18% used [0x342c0000, 0x344feff8, 0x344ff000, 0x34ec0000)
    ro space 10240K,  42% used [0x382c0000, 0x38704240, 0x38704400, 0x38cc0000)
    rw space 12288K,  54% used [0x38cc0000, 0x39344d58, 0x39344e00, 0x398c0000)
Event: 283.297 GC heap after
Heap after GC invocations=387 (full 0):
 def new generation   total 4928K, used 261K [0x242c0000, 0x24810000, 0x29810000)
  eden space 4416K,   0% used [0x242c0000, 0x242c0000, 0x24710000)
  from space 512K,  51% used [0x24790000, 0x247d1790, 0x24810000)
  to   space 512K,   0% used [0x24710000, 0x24710000, 0x24790000)
 tenured generation   total 10944K, used 10088K [0x29810000, 0x2a2c0000, 0x342c0000)
   the space 10944K,  92% used [0x29810000, 0x2a1ea2d0, 0x2a1ea400, 0x2a2c0000)
 compacting perm gen  total 12288K, used 2299K [0x342c0000, 0x34ec0000, 0x382c0000)
   the space 12288K,  18% used [0x342c0000, 0x344feff8, 0x344ff000, 0x34ec0000)
    ro space 10240K,  42% used [0x382c0000, 0x38704240, 0x38704400, 0x38cc0000)
    rw space 12288K,  54% used [0x38cc0000, 0x39344d58, 0x39344e00, 0x398c0000)
}
Event: 284.012 GC heap before
{Heap before GC invocations=387 (full 0):
 def new generation   total 4928K, used 4677K [0x242c0000, 0x24810000, 0x29810000)
  eden space 4416K, 100% used [0x242c0000, 0x24710000, 0x24710000)
  from space 512K,  51% used [0x24790000, 0x247d1790, 0x24810000)
  to   space 512K,   0% used [0x24710000, 0x24710000, 0x24790000)
 tenured generation   total 10944K, used 10088K [0x29810000, 0x2a2c0000, 0x342c0000)
   the space 10944K,  92% used [0x29810000, 0x2a1ea2d0, 0x2a1ea400, 0x2a2c0000)
 compacting perm gen  total 12288K, used 2299K [0x342c0000, 0x34ec0000, 0x382c0000)
   the space 12288K,  18% used [0x342c0000, 0x344feff8, 0x344ff000, 0x34ec0000)
    ro space 10240K,  42% used [0x382c0000, 0x38704240, 0x38704400, 0x38cc0000)
    rw space 12288K,  54% used [0x38cc0000, 0x39344d58, 0x39344e00, 0x398c0000)
Event: 284.013 GC heap after
Heap after GC invocations=388 (full 0):
 def new generation   total 4928K, used 261K [0x242c0000, 0x24810000, 0x29810000)
  eden space 4416K,   0% used [0x242c0000, 0x242c0000, 0x24710000)
  from space 512K,  51% used [0x24710000, 0x24751790, 0x24790000)
  to   space 512K,   0% used [0x24790000, 0x24790000, 0x24810000)
 tenured generation   total 10944K, used 10104K [0x29810000, 0x2a2c0000, 0x342c0000)
   the space 10944K,  92% used [0x29810000, 0x2a1ee350, 0x2a1ee400, 0x2a2c0000)
 compacting perm gen  total 12288K, used 2299K [0x342c0000, 0x34ec0000, 0x382c0000)
   the space 12288K,  18% used [0x342c0000, 0x344feff8, 0x344ff000, 0x34ec0000)
    ro space 10240K,  42% used [0x382c0000, 0x38704240, 0x38704400, 0x38cc0000)
    rw space 12288K,  54% used [0x38cc0000, 0x39344d58, 0x39344e00, 0x398c0000)
}
Event: 284.729 GC heap before
{Heap before GC invocations=388 (full 0):
 def new generation   total 4928K, used 4677K [0x242c0000, 0x24810000, 0x29810000)
  eden space 4416K,  99% used [0x242c0000, 0x2470fc70, 0x24710000)
  from space 512K,  51% used [0x24710000, 0x24751790, 0x24790000)
  to   space 512K,   0% used [0x24790000, 0x24790000, 0x24810000)
 tenured generation   total 10944K, used 10104K [0x29810000, 0x2a2c0000, 0x342c0000)
   the space 10944K,  92% used [0x29810000, 0x2a1ee350, 0x2a1ee400, 0x2a2c0000)
 compacting perm gen  total 12288K, used 2299K [0x342c0000, 0x34ec0000, 0x382c0000)
   the space 12288K,  18% used [0x342c0000, 0x344feff8, 0x344ff000, 0x34ec0000)
    ro space 10240K,  42% used [0x382c0000, 0x38704240, 0x38704400, 0x38cc0000)
    rw space 12288K,  54% used [0x38cc0000, 0x39344d58, 0x39344e00, 0x398c0000)
Event: 284.731 GC heap after
Heap after GC invocations=389 (full 0):
 def new generation   total 4928K, used 261K [0x242c0000, 0x24810000, 0x29810000)
  eden space 4416K,   0% used [0x242c0000, 0x242c0000, 0x24710000)
  from space 512K,  51% used [0x24790000, 0x247d1790, 0x24810000)
  to   space 512K,   0% used [0x24710000, 0x24710000, 0x24790000)
 tenured generation   total 10944K, used 10120K [0x29810000, 0x2a2c0000, 0x342c0000)
   the space 10944K,  92% used [0x29810000, 0x2a1f23d0, 0x2a1f2400, 0x2a2c0000)
 compacting perm gen  total 12288K, used 2299K [0x342c0000, 0x34ec0000, 0x382c0000)
   the space 12288K,  18% used [0x342c0000, 0x344feff8, 0x344ff000, 0x34ec0000)
    ro space 10240K,  42% used [0x382c0000, 0x38704240, 0x38704400, 0x38cc0000)
    rw space 12288K,  54% used [0x38cc0000, 0x39344d58, 0x39344e00, 0x398c0000)
}

Deoptimization events (0 events):
No events

Internal exceptions (10 events):
Event: 1.279 Thread 0x04ad0000 Threw 0x24405ad8 at C:\jdk7u2_32P\jdk7u25\hotspot\src\share\vm\prims\jvm.cpp:1235
Event: 1.329 Thread 0x04ad0000 Threw 0x24465738 at C:\jdk7u2_32P\jdk7u25\hotspot\src\share\vm\prims\jvm.cpp:1235
Event: 1.334 Thread 0x04ad0000 Threw 0x244b2ab8 at C:\jdk7u2_32P\jdk7u25\hotspot\src\share\vm\prims\jvm.cpp:1235
Event: 1.335 Thread 0x04ad0000 Threw 0x244bb0c0 at C:\jdk7u2_32P\jdk7u25\hotspot\src\share\vm\prims\jvm.cpp:1235
Event: 1.335 Thread 0x04ad0000 Threw 0x24510858 at C:\jdk7u2_32P\jdk7u25\hotspot\src\share\vm\prims\jvm.cpp:1235
Event: 1.335 Thread 0x04ad0000 Threw 0x24512a30 at C:\jdk7u2_32P\jdk7u25\hotspot\src\share\vm\prims\jvm.cpp:1235
Event: 1.336 Thread 0x04ad0000 Threw 0x24514020 at C:\jdk7u2_32P\jdk7u25\hotspot\src\share\vm\prims\jvm.cpp:1235
Event: 1.339 Thread 0x04ad0000 Threw 0x2451be50 at C:\jdk7u2_32P\jdk7u25\hotspot\src\share\vm\prims\jvm.cpp:1235
Event: 1.341 Thread 0x04ad0000 Threw 0x245438d8 at C:\jdk7u2_32P\jdk7u25\hotspot\src\share\vm\prims\jvm.cpp:1235
Event: 1.347 Thread 0x04ad0000 Threw 0x2454e4a0 at C:\jdk7u2_32P\jdk7u25\hotspot\src\share\vm\prims\jvm.cpp:1235

Events (10 events):
Event: 281.861 Executing VM operation: GenCollectForAllocation
Event: 281.863 Executing VM operation: GenCollectForAllocation done
Event: 282.579 Executing VM operation: GenCollectForAllocation
Event: 282.581 Executing VM operation: GenCollectForAllocation done
Event: 283.295 Executing VM operation: GenCollectForAllocation
Event: 283.297 Executing VM operation: GenCollectForAllocation done
Event: 284.011 Executing VM operation: GenCollectForAllocation
Event: 284.014 Executing VM operation: GenCollectForAllocation done
Event: 284.729 Executing VM operation: GenCollectForAllocation
Event: 284.731 Executing VM operation: GenCollectForAllocation done


Dynamic libraries:
0x013e0000 - 0x0140f000 	C:\Program Files (x86)\Java\jre7\bin\javaw.exe
0x77320000 - 0x774a0000 	C:\Windows\SysWOW64\ntdll.dll
0x76930000 - 0x76a40000 	C:\Windows\syswow64\kernel32.dll
0x76ea0000 - 0x76ee7000 	C:\Windows\syswow64\KERNELBASE.dll
0x75e50000 - 0x75ef0000 	C:\Windows\syswow64\ADVAPI32.dll
0x76680000 - 0x7672c000 	C:\Windows\syswow64\msvcrt.dll
0x75cb0000 - 0x75cc9000 	C:\Windows\SysWOW64\sechost.dll
0x75cd0000 - 0x75dc0000 	C:\Windows\syswow64\RPCRT4.dll
0x74d70000 - 0x74dd0000 	C:\Windows\syswow64\SspiCli.dll
0x74d60000 - 0x74d6c000 	C:\Windows\syswow64\CRYPTBASE.dll
0x75b80000 - 0x75c80000 	C:\Windows\syswow64\USER32.dll
0x765d0000 - 0x76660000 	C:\Windows\syswow64\GDI32.dll
0x772f0000 - 0x772fa000 	C:\Windows\syswow64\LPK.dll
0x76e00000 - 0x76e9d000 	C:\Windows\syswow64\USP10.dll
0x6df90000 - 0x6e12e000 	C:\Windows\WinSxS\x86_microsoft.windows.common-controls_6595b64144ccf1df_6.0.7601.17514_none_41e6975e2bd6f2b2\COMCTL32.dll
0x76ba0000 - 0x76bf7000 	C:\Windows\syswow64\SHLWAPI.dll
0x76570000 - 0x765d0000 	C:\Windows\system32\IMM32.DLL
0x76860000 - 0x7692c000 	C:\Windows\syswow64\MSCTF.dll
0x62d80000 - 0x62e3e000 	C:\Program Files (x86)\Java\jre7\bin\msvcr100.dll
0x6d9a0000 - 0x6dce2000 	C:\Program Files (x86)\Java\jre7\bin\client\jvm.dll
0x72260000 - 0x72267000 	C:\Windows\system32\WSOCK32.dll
0x76530000 - 0x76565000 	C:\Windows\syswow64\WS2_32.dll
0x75a30000 - 0x75a36000 	C:\Windows\syswow64\NSI.dll
0x70ad0000 - 0x70b02000 	C:\Windows\system32\WINMM.dll
0x75a20000 - 0x75a25000 	C:\Windows\syswow64\PSAPI.DLL
0x73530000 - 0x7353c000 	C:\Program Files (x86)\Java\jre7\bin\verify.dll
0x70ea0000 - 0x70ec0000 	C:\Program Files (x86)\Java\jre7\bin\java.dll
0x70870000 - 0x70883000 	C:\Program Files (x86)\Java\jre7\bin\zip.dll
0x6cec0000 - 0x6cf3f000 	C:\Users\Rig\AppData\Local\Temp\libgdxRig\3406029919\gdx.dll
0x10000000 - 0x1004c000 	C:\Users\Rig\AppData\Local\Temp\libgdxRig\658158746\lwjgl.dll
0x6b700000 - 0x6b7c8000 	C:\Windows\system32\OPENGL32.dll
0x734e0000 - 0x73502000 	C:\Windows\system32\GLU32.dll
0x68020000 - 0x68107000 	C:\Windows\system32\DDRAW.dll
0x739e0000 - 0x739e6000 	C:\Windows\system32\DCIMAN32.dll
0x75f00000 - 0x7609d000 	C:\Windows\syswow64\SETUPAPI.dll
0x75b30000 - 0x75b57000 	C:\Windows\syswow64\CFGMGR32.dll
0x76410000 - 0x7649f000 	C:\Windows\syswow64\OLEAUT32.dll
0x76a40000 - 0x76b9c000 	C:\Windows\syswow64\ole32.dll
0x75b60000 - 0x75b72000 	C:\Windows\syswow64\DEVOBJ.dll
0x70e80000 - 0x70e93000 	C:\Windows\system32\dwmapi.dll
0x74c90000 - 0x74c99000 	C:\Windows\system32\VERSION.dll
0x00f40000 - 0x00fa7000 	C:\Users\Rig\AppData\Local\Temp\libgdxRig\658158746\OpenAL32.dll
0x74dd0000 - 0x75a1a000 	C:\Windows\syswow64\SHELL32.dll
0x71c70000 - 0x71cf0000 	C:\Windows\system32\uxtheme.dll
0x72910000 - 0x72968000 	C:\Program Files (x86)\Common Files\microsoft shared\ink\tiptsf.dll
0x75a40000 - 0x75ac3000 	C:\Windows\syswow64\CLBCatQ.DLL
0x738e0000 - 0x739d5000 	C:\Windows\System32\PROPSYS.dll
0x76ef0000 - 0x76f1e000 	C:\Windows\syswow64\WINTRUST.dll
0x760e0000 - 0x76200000 	C:\Windows\syswow64\CRYPT32.dll
0x75ca0000 - 0x75cac000 	C:\Windows\syswow64\MSASN1.dll
0x65780000 - 0x657f2000 	C:\Windows\system32\dsound.dll
0x6bae0000 - 0x6bb05000 	C:\Windows\system32\POWRPROF.dll
0x68bd0000 - 0x68c09000 	C:\Windows\System32\MMDevApi.dll
0x6b640000 - 0x6b676000 	C:\Windows\system32\AUDIOSES.DLL
0x5b190000 - 0x5c6cb000 	C:\Windows\system32\nvoglv32.DLL
0x74c00000 - 0x74c21000 	C:\Windows\system32\ntmarta.dll
0x763c0000 - 0x76405000 	C:\Windows\syswow64\WLDAP32.dll
0x6d830000 - 0x6d86c000 	C:\Windows\system32\oleacc.dll
0x71300000 - 0x71379000 	C:\Windows\system32\mscms.dll
0x70a60000 - 0x70a77000 	C:\Windows\system32\USERENV.dll
0x70a50000 - 0x70a5b000 	C:\Windows\system32\profapi.dll
0x6f730000 - 0x6f768000 	C:\Windows\system32\icm32.dll

VM Arguments:
jvm_args: -Dfile.encoding=Cp1252 
java_command: deco2800.arcade.minigolf.Main
Launcher Type: SUN_STANDARD

Environment Variables:
JAVA_HOME=C:\Program Files\Java\jdk1.7.0_40
CLASSPATH=.;C:\Program Files (x86)\Java\jre7\lib\ext\QTJava.zip
PATH=C:/Program Files (x86)/Java/jre7/bin/client;C:/Program Files (x86)/Java/jre7/bin;C:/Program Files (x86)/Java/jre7/lib/i386;C:\Program Files (x86)\NVIDIA Corporation\PhysX\Common;C:\Windows\system32;C:\Windows;C:\Windows\System32\Wbem;C:\Windows\System32\WindowsPowerShell\v1.0\;C:\Program Files (x86)\QuickTime\QTSystem\;C:\Program Files\TortoiseSVN\bin;C:\Gradle\gradle-1.6\bin;;C:\eclipse;
USERNAME=Rig
OS=Windows_NT
PROCESSOR_IDENTIFIER=AMD64 Family 21 Model 2 Stepping 0, AuthenticAMD



---------------  S Y S T E M  ---------------

OS: Windows 7 , 64 bit Build 7601 Service Pack 1

CPU:total 6 (6 cores per cpu, 1 threads per core) family 21 model 2 stepping 0, cmov, cx8, fxsr, mmx, sse, sse2, sse3, ssse3, sse4.1, sse4.2, popcnt, avx, mmxext, 3dnowpref, lzcnt, sse4a, tsc, tscinvbit, tscinv

Memory: 4k page, physical 8287832k(5072120k free), swap 16573804k(11481820k free)

vm_info: Java HotSpot(TM) Client VM (23.25-b01) for windows-x86 JRE (1.7.0_25-b17), built on Jun 21 2013 13:06:48 by "java_re" with unknown MS VC++:1600

time: Fri Oct 11 13:46:45 2013
elapsed time: 284 seconds

