#
# A fatal error has been detected by the Java Runtime Environment:
#
#  EXCEPTION_ACCESS_VIOLATION (0xc0000005) at pc=0x75889b60, pid=4772, tid=3228
#
# JRE version: 7.0_25-b17
# Java VM: Java HotSpot(TM) Client VM (23.25-b01 mixed mode, sharing windows-x86 )
# Problematic frame:
# C  [msvcrt.dll+0x9b60]
#
# Failed to write core dump. Minidumps are not enabled by default on client versions of Windows
#
# If you would like to submit a bug report, please visit:
#   http://bugreport.sun.com/bugreport/crash.jsp
# The crash happened outside the Java Virtual Machine in native code.
# See problematic frame for where to report the bug.
#

---------------  T H R E A D  ---------------

Current thread (0x04b23c00):  JavaThread "LWJGL Application" [_thread_in_native, id=3228, stack(0x04e50000,0x04ea0000)]

siginfo: ExceptionCode=0xc0000005, writing address 0x00000000

Registers:
EAX=0x24648a1c, EBX=0x04b23d28, ECX=0x00000050, EDX=0x00000000
ESP=0x04e9ef10, EBP=0x04e9ef18, ESI=0x246488dc, EDI=0x00000000
EIP=0x75889b60, EFLAGS=0x00010216

Top of Stack: (sp=0x04e9ef10)
0x04e9ef10:   04e9ef68 246488dc 00000000 6ceeab5d
0x04e9ef20:   00000000 246488dc 00000140 00000000
0x04e9ef30:   080088b0 00000000 00000040 24646038
0x04e9ef40:   04e9ef70 04b23c00 04e9ef88 023fbf19
0x04e9ef50:   04b23d28 04e9ef70 04e9ef68 04e9ef6c
0x04e9ef60:   00000050 00000000 246488d0 24646038
0x04e9ef70:   299e90f8 04e9ef90 00000de1 00000022
0x04e9ef80:   5ccbcad0 00000000 04e9f2fc 023fc158 

Instructions: (pc=0x75889b60)
0x75889b40:   8b 45 08 5e 5f c9 c3 8a 46 03 88 47 03 8a 46 02
0x75889b50:   88 47 02 8a 46 01 88 47 01 8b 45 08 5e 5f c9 c3
0x75889b60:   f3 a5 ff 24 95 b8 99 88 75 8a 06 88 07 8a 46 01
0x75889b70:   88 47 01 8b 45 08 5e 5f c9 c3 83 3d 44 00 92 75 


Register to memory mapping:

EAX=
[error occurred during error reporting (printing register info), id 0xc0000005]

Stack: [0x04e50000,0x04ea0000],  sp=0x04e9ef10,  free space=315k
Native frames: (J=compiled Java code, j=interpreted, Vv=VM code, C=native code)
C  [msvcrt.dll+0x9b60]

Java frames: (J=compiled Java code, j=interpreted, Vv=VM code)
J  com.badlogic.gdx.utils.BufferUtils.copyJni([FLjava/nio/Buffer;II)V
J  com.badlogic.gdx.utils.BufferUtils.copy([FLjava/nio/Buffer;II)V
J  com.badlogic.gdx.graphics.g2d.SpriteBatch.renderMesh()V
J  com.badlogic.gdx.scenes.scene2d.Group.drawChildren(Lcom/badlogic/gdx/graphics/g2d/SpriteBatch;F)V
J  com.badlogic.gdx.scenes.scene2d.Group.draw(Lcom/badlogic/gdx/graphics/g2d/SpriteBatch;F)V
J  com.badlogic.gdx.scenes.scene2d.Stage.draw()V
J  deco2800.arcade.minigolf.WorldRenderer.render()V
J  deco2800.arcade.minigolf.GameScreen.render(F)V
J  com.badlogic.gdx.Game.render()V
j  com.badlogic.gdx.backends.lwjgl.LwjglApplication.mainLoop()V+491
j  com.badlogic.gdx.backends.lwjgl.LwjglApplication$1.run()V+27
v  ~StubRoutines::call_stub

---------------  P R O C E S S  ---------------

Java Threads: ( => current thread )
  0x08012800 JavaThread "LWJGL Timer" daemon [_thread_blocked, id=3608, stack(0x04f60000,0x04fb0000)]
  0x0205ac00 JavaThread "DestroyJavaVM" [_thread_blocked, id=5248, stack(0x021c0000,0x02210000)]
=>0x04b23c00 JavaThread "LWJGL Application" [_thread_in_native, id=3228, stack(0x04e50000,0x04ea0000)]
  0x022f8800 JavaThread "Service Thread" daemon [_thread_blocked, id=684, stack(0x045d0000,0x04620000)]
  0x022f0000 JavaThread "C1 CompilerThread0" daemon [_thread_blocked, id=6040, stack(0x04910000,0x04960000)]
  0x022ef400 JavaThread "Attach Listener" daemon [_thread_blocked, id=4432, stack(0x04630000,0x04680000)]
  0x022ec800 JavaThread "Signal Dispatcher" daemon [_thread_blocked, id=1244, stack(0x04860000,0x048b0000)]
  0x022d0c00 JavaThread "Finalizer" daemon [_thread_blocked, id=1916, stack(0x04770000,0x047c0000)]
  0x022cf400 JavaThread "Reference Handler" daemon [_thread_blocked, id=5148, stack(0x04690000,0x046e0000)]

Other Threads:
  0x022ce000 VMThread [stack: 0x043d0000,0x04420000] [id=5508]
  0x0230a000 WatcherThread [stack: 0x04990000,0x049e0000] [id=5988]

VM state:not at safepoint (normal execution)

VM Mutex/Monitor currently owned by a thread: None

Heap
 def new generation   total 4928K, used 3903K [0x242c0000, 0x24810000, 0x29810000)
  eden space 4416K,  83% used [0x242c0000, 0x2465f050, 0x24710000)
  from space 512K,  38% used [0x24710000, 0x24740ea8, 0x24790000)
  to   space 512K,   0% used [0x24790000, 0x24790000, 0x24810000)
 tenured generation   total 10944K, used 10217K [0x29810000, 0x2a2c0000, 0x342c0000)
   the space 10944K,  93% used [0x29810000, 0x2a20a6f0, 0x2a20a800, 0x2a2c0000)
 compacting perm gen  total 12288K, used 2303K [0x342c0000, 0x34ec0000, 0x382c0000)
   the space 12288K,  18% used [0x342c0000, 0x344ffc38, 0x344ffe00, 0x34ec0000)
    ro space 10240K,  42% used [0x382c0000, 0x38704240, 0x38704400, 0x38cc0000)
    rw space 12288K,  54% used [0x38cc0000, 0x39344d58, 0x39344e00, 0x398c0000)

Card table byte_map: [0x02110000,0x021c0000] byte_map_base: 0x01feea00

Polling page: 0x001e0000

Code Cache  [0x02310000, 0x02488000, 0x04310000)
 total_blobs=890 nmethods=642 adapters=183 free_code_cache=31288Kb largest_free_block=32039424

Compilation events (10 events):
Event: 306.396 Thread 0x022f0000  637             com.badlogic.gdx.scenes.scene2d.Event::reset (41 bytes)
Event: 306.396 Thread 0x022f0000 nmethod 637 0x02481488 code [0x02481580, 0x02481650]
Event: 311.529 Thread 0x022f0000  638             com.badlogic.gdx.scenes.scene2d.InputEvent::setType (6 bytes)
Event: 311.529 Thread 0x022f0000 nmethod 638 0x02481688 code [0x02481780, 0x02481810]
Event: 311.529 Thread 0x022f0000  639             com.badlogic.gdx.scenes.scene2d.InputEvent::setStageX (6 bytes)
Event: 311.529 Thread 0x022f0000 nmethod 639 0x02481848 code [0x02481940, 0x024819c0]
Event: 311.529 Thread 0x022f0000  640             com.badlogic.gdx.scenes.scene2d.InputEvent::setStageY (6 bytes)
Event: 311.529 Thread 0x022f0000 nmethod 640 0x02481a08 code [0x02481b00, 0x02481b80]
Event: 311.529 Thread 0x022f0000  641             com.badlogic.gdx.scenes.scene2d.InputEvent::reset (15 bytes)
Event: 311.530 Thread 0x022f0000 nmethod 641 0x02481bc8 code [0x02481cc0, 0x02481d7c]

GC Heap History (10 events):
Event: 325.029 GC heap before
{Heap before GC invocations=391 (full 0):
 def new generation   total 4928K, used 4648K [0x242c0000, 0x24810000, 0x29810000)
  eden space 4416K,  98% used [0x242c0000, 0x247019c0, 0x24710000)
  from space 512K,  56% used [0x24790000, 0x247d87b8, 0x24810000)
  to   space 512K,   0% used [0x24710000, 0x24710000, 0x24790000)
 tenured generation   total 10944K, used 10122K [0x29810000, 0x2a2c0000, 0x342c0000)
   the space 10944K,  92% used [0x29810000, 0x2a1f2870, 0x2a1f2a00, 0x2a2c0000)
 compacting perm gen  total 12288K, used 2303K [0x342c0000, 0x34ec0000, 0x382c0000)
   the space 12288K,  18% used [0x342c0000, 0x344ffc38, 0x344ffe00, 0x34ec0000)
    ro space 10240K,  42% used [0x382c0000, 0x38704240, 0x38704400, 0x38cc0000)
    rw space 12288K,  54% used [0x38cc0000, 0x39344d58, 0x39344e00, 0x398c0000)
Event: 325.030 GC heap after
Heap after GC invocations=392 (full 0):
 def new generation   total 4928K, used 179K [0x242c0000, 0x24810000, 0x29810000)
  eden space 4416K,   0% used [0x242c0000, 0x242c0000, 0x24710000)
  from space 512K,  35% used [0x24710000, 0x2473cfa8, 0x24790000)
  to   space 512K,   0% used [0x24790000, 0x24790000, 0x24810000)
 tenured generation   total 10944K, used 10170K [0x29810000, 0x2a2c0000, 0x342c0000)
   the space 10944K,  92% used [0x29810000, 0x2a1fe870, 0x2a1fea00, 0x2a2c0000)
 compacting perm gen  total 12288K, used 2303K [0x342c0000, 0x34ec0000, 0x382c0000)
   the space 12288K,  18% used [0x342c0000, 0x344ffc38, 0x344ffe00, 0x34ec0000)
    ro space 10240K,  42% used [0x382c0000, 0x38704240, 0x38704400, 0x38cc0000)
    rw space 12288K,  54% used [0x38cc0000, 0x39344d58, 0x39344e00, 0x398c0000)
}
Event: 325.729 GC heap before
{Heap before GC invocations=392 (full 0):
 def new generation   total 4928K, used 4538K [0x242c0000, 0x24810000, 0x29810000)
  eden space 4416K,  98% used [0x242c0000, 0x24701888, 0x24710000)
  from space 512K,  35% used [0x24710000, 0x2473cfa8, 0x24790000)
  to   space 512K,   0% used [0x24790000, 0x24790000, 0x24810000)
 tenured generation   total 10944K, used 10170K [0x29810000, 0x2a2c0000, 0x342c0000)
   the space 10944K,  92% used [0x29810000, 0x2a1fe870, 0x2a1fea00, 0x2a2c0000)
 compacting perm gen  total 12288K, used 2303K [0x342c0000, 0x34ec0000, 0x382c0000)
   the space 12288K,  18% used [0x342c0000, 0x344ffc38, 0x344ffe00, 0x34ec0000)
    ro space 10240K,  42% used [0x382c0000, 0x38704240, 0x38704400, 0x38cc0000)
    rw space 12288K,  54% used [0x38cc0000, 0x39344d58, 0x39344e00, 0x398c0000)
Event: 325.730 GC heap after
Heap after GC invocations=393 (full 0):
 def new generation   total 4928K, used 195K [0x242c0000, 0x24810000, 0x29810000)
  eden space 4416K,   0% used [0x242c0000, 0x242c0000, 0x24710000)
  from space 512K,  38% used [0x24790000, 0x247c0ea8, 0x24810000)
  to   space 512K,   0% used [0x24710000, 0x24710000, 0x24790000)
 tenured generation   total 10944K, used 10170K [0x29810000, 0x2a2c0000, 0x342c0000)
   the space 10944K,  92% used [0x29810000, 0x2a1fe870, 0x2a1fea00, 0x2a2c0000)
 compacting perm gen  total 12288K, used 2303K [0x342c0000, 0x34ec0000, 0x382c0000)
   the space 12288K,  18% used [0x342c0000, 0x344ffc38, 0x344ffe00, 0x34ec0000)
    ro space 10240K,  42% used [0x382c0000, 0x38704240, 0x38704400, 0x38cc0000)
    rw space 12288K,  54% used [0x38cc0000, 0x39344d58, 0x39344e00, 0x398c0000)
}
Event: 326.429 GC heap before
{Heap before GC invocations=393 (full 0):
 def new generation   total 4928K, used 4611K [0x242c0000, 0x24810000, 0x29810000)
  eden space 4416K,  99% used [0x242c0000, 0x2470fdc0, 0x24710000)
  from space 512K,  38% used [0x24790000, 0x247c0ea8, 0x24810000)
  to   space 512K,   0% used [0x24710000, 0x24710000, 0x24790000)
 tenured generation   total 10944K, used 10170K [0x29810000, 0x2a2c0000, 0x342c0000)
   the space 10944K,  92% used [0x29810000, 0x2a1fe870, 0x2a1fea00, 0x2a2c0000)
 compacting perm gen  total 12288K, used 2303K [0x342c0000, 0x34ec0000, 0x382c0000)
   the space 12288K,  18% used [0x342c0000, 0x344ffc38, 0x344ffe00, 0x34ec0000)
    ro space 10240K,  42% used [0x382c0000, 0x38704240, 0x38704400, 0x38cc0000)
    rw space 12288K,  54% used [0x38cc0000, 0x39344d58, 0x39344e00, 0x398c0000)
Event: 326.430 GC heap after
Heap after GC invocations=394 (full 0):
 def new generation   total 4928K, used 289K [0x242c0000, 0x24810000, 0x29810000)
  eden space 4416K,   0% used [0x242c0000, 0x242c0000, 0x24710000)
  from space 512K,  56% used [0x24710000, 0x24758638, 0x24790000)
  to   space 512K,   0% used [0x24790000, 0x24790000, 0x24810000)
 tenured generation   total 10944K, used 10170K [0x29810000, 0x2a2c0000, 0x342c0000)
   the space 10944K,  92% used [0x29810000, 0x2a1fe870, 0x2a1fea00, 0x2a2c0000)
 compacting perm gen  total 12288K, used 2303K [0x342c0000, 0x34ec0000, 0x382c0000)
   the space 12288K,  18% used [0x342c0000, 0x344ffc38, 0x344ffe00, 0x34ec0000)
    ro space 10240K,  42% used [0x382c0000, 0x38704240, 0x38704400, 0x38cc0000)
    rw space 12288K,  54% used [0x38cc0000, 0x39344d58, 0x39344e00, 0x398c0000)
}
Event: 327.146 GC heap before
{Heap before GC invocations=394 (full 0):
 def new generation   total 4928K, used 4653K [0x242c0000, 0x24810000, 0x29810000)
  eden space 4416K,  98% used [0x242c0000, 0x24702ee0, 0x24710000)
  from space 512K,  56% used [0x24710000, 0x24758638, 0x24790000)
  to   space 512K,   0% used [0x24790000, 0x24790000, 0x24810000)
 tenured generation   total 10944K, used 10170K [0x29810000, 0x2a2c0000, 0x342c0000)
   the space 10944K,  92% used [0x29810000, 0x2a1fe870, 0x2a1fea00, 0x2a2c0000)
 compacting perm gen  total 12288K, used 2303K [0x342c0000, 0x34ec0000, 0x382c0000)
   the space 12288K,  18% used [0x342c0000, 0x344ffc38, 0x344ffe00, 0x34ec0000)
    ro space 10240K,  42% used [0x382c0000, 0x38704240, 0x38704400, 0x38cc0000)
    rw space 12288K,  54% used [0x38cc0000, 0x39344d58, 0x39344e00, 0x398c0000)
Event: 327.147 GC heap after
Heap after GC invocations=395 (full 0):
 def new generation   total 4928K, used 179K [0x242c0000, 0x24810000, 0x29810000)
  eden space 4416K,   0% used [0x242c0000, 0x242c0000, 0x24710000)
  from space 512K,  35% used [0x24790000, 0x247bcfa8, 0x24810000)
  to   space 512K,   0% used [0x24710000, 0x24710000, 0x24790000)
 tenured generation   total 10944K, used 10217K [0x29810000, 0x2a2c0000, 0x342c0000)
   the space 10944K,  93% used [0x29810000, 0x2a20a6f0, 0x2a20a800, 0x2a2c0000)
 compacting perm gen  total 12288K, used 2303K [0x342c0000, 0x34ec0000, 0x382c0000)
   the space 12288K,  18% used [0x342c0000, 0x344ffc38, 0x344ffe00, 0x34ec0000)
    ro space 10240K,  42% used [0x382c0000, 0x38704240, 0x38704400, 0x38cc0000)
    rw space 12288K,  54% used [0x38cc0000, 0x39344d58, 0x39344e00, 0x398c0000)
}
Event: 327.846 GC heap before
{Heap before GC invocations=395 (full 0):
 def new generation   total 4928K, used 4519K [0x242c0000, 0x24810000, 0x29810000)
  eden space 4416K,  98% used [0x242c0000, 0x246fcf00, 0x24710000)
  from space 512K,  35% used [0x24790000, 0x247bcfa8, 0x24810000)
  to   space 512K,   0% used [0x24710000, 0x24710000, 0x24790000)
 tenured generation   total 10944K, used 10217K [0x29810000, 0x2a2c0000, 0x342c0000)
   the space 10944K,  93% used [0x29810000, 0x2a20a6f0, 0x2a20a800, 0x2a2c0000)
 compacting perm gen  total 12288K, used 2303K [0x342c0000, 0x34ec0000, 0x382c0000)
   the space 12288K,  18% used [0x342c0000, 0x344ffc38, 0x344ffe00, 0x34ec0000)
    ro space 10240K,  42% used [0x382c0000, 0x38704240, 0x38704400, 0x38cc0000)
    rw space 12288K,  54% used [0x38cc0000, 0x39344d58, 0x39344e00, 0x398c0000)
Event: 327.847 GC heap after
Heap after GC invocations=396 (full 0):
 def new generation   total 4928K, used 195K [0x242c0000, 0x24810000, 0x29810000)
  eden space 4416K,   0% used [0x242c0000, 0x242c0000, 0x24710000)
  from space 512K,  38% used [0x24710000, 0x24740ea8, 0x24790000)
  to   space 512K,   0% used [0x24790000, 0x24790000, 0x24810000)
 tenured generation   total 10944K, used 10217K [0x29810000, 0x2a2c0000, 0x342c0000)
   the space 10944K,  93% used [0x29810000, 0x2a20a6f0, 0x2a20a800, 0x2a2c0000)
 compacting perm gen  total 12288K, used 2303K [0x342c0000, 0x34ec0000, 0x382c0000)
   the space 12288K,  18% used [0x342c0000, 0x344ffc38, 0x344ffe00, 0x34ec0000)
    ro space 10240K,  42% used [0x382c0000, 0x38704240, 0x38704400, 0x38cc0000)
    rw space 12288K,  54% used [0x38cc0000, 0x39344d58, 0x39344e00, 0x398c0000)
}

Deoptimization events (0 events):
No events

Internal exceptions (10 events):
Event: 1.616 Thread 0x04b23c00 Threw 0x244220c8 at C:\jdk7u2_32P\jdk7u25\hotspot\src\share\vm\prims\jvm.cpp:1235
Event: 1.660 Thread 0x04b23c00 Threw 0x24482ea0 at C:\jdk7u2_32P\jdk7u25\hotspot\src\share\vm\prims\jvm.cpp:1235
Event: 1.668 Thread 0x04b23c00 Threw 0x2454fce8 at C:\jdk7u2_32P\jdk7u25\hotspot\src\share\vm\prims\jvm.cpp:1235
Event: 1.669 Thread 0x04b23c00 Threw 0x245aeab8 at C:\jdk7u2_32P\jdk7u25\hotspot\src\share\vm\prims\jvm.cpp:1235
Event: 1.669 Thread 0x04b23c00 Threw 0x245b0830 at C:\jdk7u2_32P\jdk7u25\hotspot\src\share\vm\prims\jvm.cpp:1235
Event: 1.670 Thread 0x04b23c00 Threw 0x245b2a08 at C:\jdk7u2_32P\jdk7u25\hotspot\src\share\vm\prims\jvm.cpp:1235
Event: 1.670 Thread 0x04b23c00 Threw 0x245b3ff8 at C:\jdk7u2_32P\jdk7u25\hotspot\src\share\vm\prims\jvm.cpp:1235
Event: 1.674 Thread 0x04b23c00 Threw 0x245bc148 at C:\jdk7u2_32P\jdk7u25\hotspot\src\share\vm\prims\jvm.cpp:1235
Event: 1.676 Thread 0x04b23c00 Threw 0x245c14f8 at C:\jdk7u2_32P\jdk7u25\hotspot\src\share\vm\prims\jvm.cpp:1235
Event: 1.682 Thread 0x04b23c00 Threw 0x245ee6c8 at C:\jdk7u2_32P\jdk7u25\hotspot\src\share\vm\prims\jvm.cpp:1235

Events (10 events):
Event: 325.029 Executing VM operation: GenCollectForAllocation
Event: 325.030 Executing VM operation: GenCollectForAllocation done
Event: 325.729 Executing VM operation: GenCollectForAllocation
Event: 325.730 Executing VM operation: GenCollectForAllocation done
Event: 326.429 Executing VM operation: GenCollectForAllocation
Event: 326.430 Executing VM operation: GenCollectForAllocation done
Event: 327.146 Executing VM operation: GenCollectForAllocation
Event: 327.147 Executing VM operation: GenCollectForAllocation done
Event: 327.846 Executing VM operation: GenCollectForAllocation
Event: 327.847 Executing VM operation: GenCollectForAllocation done


Dynamic libraries:
0x003b0000 - 0x003df000 	C:\Program Files (x86)\Java\jre7\bin\javaw.exe
0x77030000 - 0x771b0000 	C:\Windows\SysWOW64\ntdll.dll
0x74b00000 - 0x74c10000 	C:\Windows\syswow64\kernel32.dll
0x75510000 - 0x75557000 	C:\Windows\syswow64\KERNELBASE.dll
0x75930000 - 0x759d0000 	C:\Windows\syswow64\ADVAPI32.dll
0x75880000 - 0x7592c000 	C:\Windows\syswow64\msvcrt.dll
0x76c10000 - 0x76c29000 	C:\Windows\SysWOW64\sechost.dll
0x75c60000 - 0x75d50000 	C:\Windows\syswow64\RPCRT4.dll
0x74a80000 - 0x74ae0000 	C:\Windows\syswow64\SspiCli.dll
0x74a70000 - 0x74a7c000 	C:\Windows\syswow64\CRYPTBASE.dll
0x75d50000 - 0x75e50000 	C:\Windows\syswow64\USER32.dll
0x75080000 - 0x75110000 	C:\Windows\syswow64\GDI32.dll
0x75500000 - 0x7550a000 	C:\Windows\syswow64\LPK.dll
0x74c30000 - 0x74ccd000 	C:\Windows\syswow64\USP10.dll
0x73c80000 - 0x73e1e000 	C:\Windows\WinSxS\x86_microsoft.windows.common-controls_6595b64144ccf1df_6.0.7601.17514_none_41e6975e2bd6f2b2\COMCTL32.dll
0x74d60000 - 0x74db7000 	C:\Windows\syswow64\SHLWAPI.dll
0x75110000 - 0x75170000 	C:\Windows\system32\IMM32.DLL
0x76b40000 - 0x76c0c000 	C:\Windows\syswow64\MSCTF.dll
0x69280000 - 0x6933e000 	C:\Program Files (x86)\Java\jre7\bin\msvcr100.dll
0x614c0000 - 0x61802000 	C:\Program Files (x86)\Java\jre7\bin\client\jvm.dll
0x72cd0000 - 0x72cd7000 	C:\Windows\system32\WSOCK32.dll
0x759d0000 - 0x75a05000 	C:\Windows\syswow64\WS2_32.dll
0x76b30000 - 0x76b36000 	C:\Windows\syswow64\NSI.dll
0x70890000 - 0x708c2000 	C:\Windows\system32\WINMM.dll
0x75a50000 - 0x75a55000 	C:\Windows\syswow64\PSAPI.DLL
0x71a50000 - 0x71a5c000 	C:\Program Files (x86)\Java\jre7\bin\verify.dll
0x70c20000 - 0x70c40000 	C:\Program Files (x86)\Java\jre7\bin\java.dll
0x70f10000 - 0x70f23000 	C:\Program Files (x86)\Java\jre7\bin\zip.dll
0x6cec0000 - 0x6cf3f000 	C:\Users\Rig\AppData\Local\Temp\libgdxRig\3406029919\gdx.dll
0x10000000 - 0x1004c000 	C:\Users\Rig\AppData\Local\Temp\libgdxRig\658158746\lwjgl.dll
0x72760000 - 0x72828000 	C:\Windows\system32\OPENGL32.dll
0x72d00000 - 0x72d22000 	C:\Windows\system32\GLU32.dll
0x6cbc0000 - 0x6cca7000 	C:\Windows\system32\DDRAW.dll
0x73300000 - 0x73306000 	C:\Windows\system32\DCIMAN32.dll
0x74e40000 - 0x74fdd000 	C:\Windows\syswow64\SETUPAPI.dll
0x75a20000 - 0x75a47000 	C:\Windows\syswow64\CFGMGR32.dll
0x75e50000 - 0x75edf000 	C:\Windows\syswow64\OLEAUT32.dll
0x753a0000 - 0x754fc000 	C:\Windows\syswow64\ole32.dll
0x74e20000 - 0x74e32000 	C:\Windows\syswow64\DEVOBJ.dll
0x70b80000 - 0x70b93000 	C:\Windows\system32\dwmapi.dll
0x749a0000 - 0x749a9000 	C:\Windows\system32\VERSION.dll
0x04d60000 - 0x04dc7000 	C:\Users\Rig\AppData\Local\Temp\libgdxRig\658158746\OpenAL32.dll
0x75ee0000 - 0x76b2a000 	C:\Windows\syswow64\SHELL32.dll
0x70ba0000 - 0x70c20000 	C:\Windows\system32\uxtheme.dll
0x72620000 - 0x72678000 	C:\Program Files (x86)\Common Files\microsoft shared\ink\tiptsf.dll
0x75310000 - 0x75393000 	C:\Windows\syswow64\CLBCatQ.DLL
0x698c0000 - 0x699b5000 	C:\Windows\System32\PROPSYS.dll
0x75050000 - 0x7507e000 	C:\Windows\syswow64\WINTRUST.dll
0x75170000 - 0x75290000 	C:\Windows\syswow64\CRYPT32.dll
0x75a10000 - 0x75a1c000 	C:\Windows\syswow64\MSASN1.dll
0x68750000 - 0x687c2000 	C:\Windows\system32\dsound.dll
0x699c0000 - 0x699e5000 	C:\Windows\system32\POWRPROF.dll
0x69010000 - 0x69049000 	C:\Windows\System32\MMDevApi.dll
0x687f0000 - 0x68826000 	C:\Windows\system32\AUDIOSES.DLL
0x5c520000 - 0x5da5b000 	C:\Windows\system32\nvoglv32.DLL
0x74910000 - 0x74931000 	C:\Windows\system32\ntmarta.dll
0x74dd0000 - 0x74e15000 	C:\Windows\syswow64\WLDAP32.dll
0x6a1a0000 - 0x6a1dc000 	C:\Windows\system32\oleacc.dll
0x71b30000 - 0x71ba9000 	C:\Windows\system32\mscms.dll
0x70820000 - 0x70837000 	C:\Windows\system32\USERENV.dll
0x70810000 - 0x7081b000 	C:\Windows\system32\profapi.dll
0x6e870000 - 0x6e8a8000 	C:\Windows\system32\icm32.dll

VM Arguments:
jvm_args: -Dfile.encoding=Cp1252 
java_command: deco2800.arcade.minigolf.Main
Launcher Type: SUN_STANDARD

Environment Variables:
JAVA_HOME=C:\Program Files\Java\jdk1.7.0_40
CLASSPATH=.;C:\Program Files (x86)\Java\jre7\lib\ext\QTJava.zip
PATH=C:/Program Files (x86)/Java/jre7/bin/client;C:/Program Files (x86)/Java/jre7/bin;C:/Program Files (x86)/Java/jre7/lib/i386;C:\Program Files (x86)\NVIDIA Corporation\PhysX\Common;C:\Windows\system32;C:\Windows;C:\Windows\System32\Wbem;C:\Windows\System32\WindowsPowerShell\v1.0\;C:\Program Files (x86)\QuickTime\QTSystem\;C:\Program Files\TortoiseSVN\bin;C:\Gradle\gradle-1.6\bin;;C:\eclipse;
USERNAME=Rig
OS=Windows_NT
PROCESSOR_IDENTIFIER=AMD64 Family 21 Model 2 Stepping 0, AuthenticAMD



---------------  S Y S T E M  ---------------

OS: Windows 7 , 64 bit Build 7601 Service Pack 1

CPU:total 6 (6 cores per cpu, 1 threads per core) family 21 model 2 stepping 0, cmov, cx8, fxsr, mmx, sse, sse2, sse3, ssse3, sse4.1, sse4.2, popcnt, avx, mmxext, 3dnowpref, lzcnt, sse4a, tsc, tscinvbit, tscinv

Memory: 4k page, physical 8287832k(4108692k free), swap 16573804k(10469268k free)

vm_info: Java HotSpot(TM) Client VM (23.25-b01) for windows-x86 JRE (1.7.0_25-b17), built on Jun 21 2013 13:06:48 by "java_re" with unknown MS VC++:1600

time: Sat Oct 12 21:53:46 2013
elapsed time: 328 seconds

