#
# A fatal error has been detected by the Java Runtime Environment:
#
#  EXCEPTION_ACCESS_VIOLATION (0xc0000005) at pc=0x75889b60, pid=4168, tid=6852
#
# JRE version: 7.0_25-b17
# Java VM: Java HotSpot(TM) Client VM (23.25-b01 mixed mode, sharing windows-x86 )
# Problematic frame:
# C  [msvcrt.dll+0x9b60]
#
# Failed to write core dump. Minidumps are not enabled by default on client versions of Windows
#
# If you would like to submit a bug report, please visit:
#   http://bugreport.sun.com/bugreport/crash.jsp
# The crash happened outside the Java Virtual Machine in native code.
# See problematic frame for where to report the bug.
#

---------------  T H R E A D  ---------------

Current thread (0x04c0cc00):  JavaThread "LWJGL Application" [_thread_in_native, id=6852, stack(0x047c0000,0x04810000)]

siginfo: ExceptionCode=0xc0000005, writing address 0x00000000

Registers:
EAX=0x247ecd4c, EBX=0x04c0cd28, ECX=0x00000050, EDX=0x00000000
ESP=0x0480f4d0, EBP=0x0480f4d8, ESI=0x247ecc0c, EDI=0x00000000
EIP=0x75889b60, EFLAGS=0x00010216

Top of Stack: (sp=0x0480f4d0)
0x0480f4d0:   0480f528 247ecc0c 00000000 6ceeab5d
0x0480f4e0:   00000000 247ecc0c 00000140 00000000
0x0480f4f0:   07d38080 00000000 00000040 247d29a0
0x0480f500:   0480f530 04c0cc00 0480f548 027c11d9
0x0480f510:   04c0cd28 0480f530 0480f528 0480f52c
0x0480f520:   00000050 00000000 247ecc00 247d29a0
0x0480f530:   298a2f40 0480f550 00000de1 00000045
0x0480f540:   5455cad0 00000000 0480f8bc 027c0dd8 

Instructions: (pc=0x75889b60)
0x75889b40:   8b 45 08 5e 5f c9 c3 8a 46 03 88 47 03 8a 46 02
0x75889b50:   88 47 02 8a 46 01 88 47 01 8b 45 08 5e 5f c9 c3
0x75889b60:   f3 a5 ff 24 95 b8 99 88 75 8a 06 88 07 8a 46 01
0x75889b70:   88 47 01 8b 45 08 5e 5f c9 c3 83 3d 44 00 92 75 


Register to memory mapping:

EAX=
[error occurred during error reporting (printing register info), id 0xc0000005]

Stack: [0x047c0000,0x04810000],  sp=0x0480f4d0,  free space=317k
Native frames: (J=compiled Java code, j=interpreted, Vv=VM code, C=native code)
C  [msvcrt.dll+0x9b60]

Java frames: (J=compiled Java code, j=interpreted, Vv=VM code)
J  com.badlogic.gdx.utils.BufferUtils.copyJni([FLjava/nio/Buffer;II)V
J  com.badlogic.gdx.utils.BufferUtils.copy([FLjava/nio/Buffer;II)V
J  com.badlogic.gdx.graphics.g2d.SpriteBatch.renderMesh()V
J  com.badlogic.gdx.scenes.scene2d.Group.drawChildren(Lcom/badlogic/gdx/graphics/g2d/SpriteBatch;F)V
J  com.badlogic.gdx.scenes.scene2d.Group.draw(Lcom/badlogic/gdx/graphics/g2d/SpriteBatch;F)V
J  com.badlogic.gdx.scenes.scene2d.Stage.draw()V
J  deco2800.arcade.minigolf.WorldRenderer.render()V
J  deco2800.arcade.minigolf.GameScreen.render(F)V
J  com.badlogic.gdx.Game.render()V
j  com.badlogic.gdx.backends.lwjgl.LwjglApplication.mainLoop()V+491
j  com.badlogic.gdx.backends.lwjgl.LwjglApplication$1.run()V+27
v  ~StubRoutines::call_stub

---------------  P R O C E S S  ---------------

Java Threads: ( => current thread )
  0x07cb2000 JavaThread "LWJGL Timer" daemon [_thread_blocked, id=2596, stack(0x048a0000,0x048f0000)]
  0x00a3ac00 JavaThread "DestroyJavaVM" [_thread_blocked, id=7108, stack(0x00e50000,0x00ea0000)]
=>0x04c0cc00 JavaThread "LWJGL Application" [_thread_in_native, id=6852, stack(0x047c0000,0x04810000)]
  0x0105e400 JavaThread "Service Thread" daemon [_thread_blocked, id=6704, stack(0x04af0000,0x04b40000)]
  0x0105c800 JavaThread "C1 CompilerThread0" daemon [_thread_blocked, id=4672, stack(0x04a30000,0x04a80000)]
  0x01058000 JavaThread "Attach Listener" daemon [_thread_blocked, id=6896, stack(0x04850000,0x048a0000)]
  0x01055000 JavaThread "Signal Dispatcher" daemon [_thread_blocked, id=5084, stack(0x00dc0000,0x00e10000)]
  0x01040c00 JavaThread "Finalizer" daemon [_thread_blocked, id=6740, stack(0x00ef0000,0x00f40000)]
  0x0103f400 JavaThread "Reference Handler" daemon [_thread_blocked, id=3256, stack(0x011f0000,0x01240000)]

Other Threads:
  0x0103e000 VMThread [stack: 0x011a0000,0x011f0000] [id=4308]
  0x01070c00 WatcherThread [stack: 0x04a90000,0x04ae0000] [id=5508]

VM state:not at safepoint (normal execution)

VM Mutex/Monitor currently owned by a thread: None

Heap
 def new generation   total 6336K, used 5745K [0x242c0000, 0x249a0000, 0x29810000)
  eden space 5632K,  95% used [0x242c0000, 0x24800490, 0x24840000)
  from space 704K,  52% used [0x24840000, 0x2489c050, 0x248f0000)
  to   space 704K,   0% used [0x248f0000, 0x248f0000, 0x249a0000)
 tenured generation   total 14048K, used 8427K [0x29810000, 0x2a5c8000, 0x342c0000)
   the space 14048K,  59% used [0x29810000, 0x2a04acb0, 0x2a04ae00, 0x2a5c8000)
 compacting perm gen  total 12288K, used 2304K [0x342c0000, 0x34ec0000, 0x382c0000)
   the space 12288K,  18% used [0x342c0000, 0x345000b0, 0x34500200, 0x34ec0000)
    ro space 10240K,  42% used [0x382c0000, 0x38704240, 0x38704400, 0x38cc0000)
    rw space 12288K,  54% used [0x38cc0000, 0x39344d58, 0x39344e00, 0x398c0000)

Card table byte_map: [0x00950000,0x00a00000] byte_map_base: 0x0082ea00

Polling page: 0x00180000

Code Cache  [0x026d0000, 0x02848000, 0x046d0000)
 total_blobs=890 nmethods=642 adapters=183 free_code_cache=31268Kb largest_free_block=32019200

Compilation events (10 events):
Event: 63.599 Thread 0x0105c800  638             java.nio.DirectByteBuffer::asShortBuffer (151 bytes)
Event: 63.600 Thread 0x0105c800 nmethod 638 0x028408c8 code [0x028409e0, 0x02840be8]
Event: 64.299 Thread 0x0105c800  639             java.nio.DirectShortBufferU::put (154 bytes)
Event: 64.300 Thread 0x0105c800 nmethod 639 0x02840d48 code [0x02840e80, 0x0284112c]
Event: 64.300 Thread 0x0105c800  640             java.nio.DirectShortBufferU::order (19 bytes)
Event: 64.300 Thread 0x0105c800 nmethod 640 0x02841348 code [0x02841440, 0x028414c0]
Event: 64.300 Thread 0x0105c800  641             java.nio.DirectShortBufferU::ix (10 bytes)
Event: 64.300 Thread 0x0105c800 nmethod 641 0x02841508 code [0x02841600, 0x02841690]
Event: 237.701 Thread 0x0105c800    1 % !         com.badlogic.gdx.backends.lwjgl.LwjglApplication::mainLoop @ 86 (660 bytes)
Event: 237.706 Thread 0x0105c800 nmethod 1% 0x028416c8 code [0x02841da0, 0x02843d38]

GC Heap History (10 events):
Event: 298.626 GC heap before
{Heap before GC invocations=385 (full 1):
 def new generation   total 6336K, used 5848K [0x242c0000, 0x249a0000, 0x29810000)
  eden space 5632K,  99% used [0x242c0000, 0x24833588, 0x24840000)
  from space 704K,  37% used [0x248f0000, 0x24932b50, 0x249a0000)
  to   space 704K,   0% used [0x24840000, 0x24840000, 0x248f0000)
 tenured generation   total 14048K, used 8427K [0x29810000, 0x2a5c8000, 0x342c0000)
   the space 14048K,  59% used [0x29810000, 0x2a04acb0, 0x2a04ae00, 0x2a5c8000)
 compacting perm gen  total 12288K, used 2304K [0x342c0000, 0x34ec0000, 0x382c0000)
   the space 12288K,  18% used [0x342c0000, 0x345000b0, 0x34500200, 0x34ec0000)
    ro space 10240K,  42% used [0x382c0000, 0x38704240, 0x38704400, 0x38cc0000)
    rw space 12288K,  54% used [0x38cc0000, 0x39344d58, 0x39344e00, 0x398c0000)
Event: 298.628 GC heap after
Heap after GC invocations=386 (full 1):
 def new generation   total 6336K, used 287K [0x242c0000, 0x249a0000, 0x29810000)
  eden space 5632K,   0% used [0x242c0000, 0x242c0000, 0x24840000)
  from space 704K,  40% used [0x24840000, 0x24887c50, 0x248f0000)
  to   space 704K,   0% used [0x248f0000, 0x248f0000, 0x249a0000)
 tenured generation   total 14048K, used 8427K [0x29810000, 0x2a5c8000, 0x342c0000)
   the space 14048K,  59% used [0x29810000, 0x2a04acb0, 0x2a04ae00, 0x2a5c8000)
 compacting perm gen  total 12288K, used 2304K [0x342c0000, 0x34ec0000, 0x382c0000)
   the space 12288K,  18% used [0x342c0000, 0x345000b0, 0x34500200, 0x34ec0000)
    ro space 10240K,  42% used [0x382c0000, 0x38704240, 0x38704400, 0x38cc0000)
    rw space 12288K,  54% used [0x38cc0000, 0x39344d58, 0x39344e00, 0x398c0000)
}
Event: 299.526 GC heap before
{Heap before GC invocations=386 (full 1):
 def new generation   total 6336K, used 5866K [0x242c0000, 0x249a0000, 0x29810000)
  eden space 5632K,  99% used [0x242c0000, 0x24832c88, 0x24840000)
  from space 704K,  40% used [0x24840000, 0x24887c50, 0x248f0000)
  to   space 704K,   0% used [0x248f0000, 0x248f0000, 0x249a0000)
 tenured generation   total 14048K, used 8427K [0x29810000, 0x2a5c8000, 0x342c0000)
   the space 14048K,  59% used [0x29810000, 0x2a04acb0, 0x2a04ae00, 0x2a5c8000)
 compacting perm gen  total 12288K, used 2304K [0x342c0000, 0x34ec0000, 0x382c0000)
   the space 12288K,  18% used [0x342c0000, 0x345000b0, 0x34500200, 0x34ec0000)
    ro space 10240K,  42% used [0x382c0000, 0x38704240, 0x38704400, 0x38cc0000)
    rw space 12288K,  54% used [0x38cc0000, 0x39344d58, 0x39344e00, 0x398c0000)
Event: 299.526 GC heap after
Heap after GC invocations=387 (full 1):
 def new generation   total 6336K, used 307K [0x242c0000, 0x249a0000, 0x29810000)
  eden space 5632K,   0% used [0x242c0000, 0x242c0000, 0x24840000)
  from space 704K,  43% used [0x248f0000, 0x2493cd50, 0x249a0000)
  to   space 704K,   0% used [0x24840000, 0x24840000, 0x248f0000)
 tenured generation   total 14048K, used 8427K [0x29810000, 0x2a5c8000, 0x342c0000)
   the space 14048K,  59% used [0x29810000, 0x2a04acb0, 0x2a04ae00, 0x2a5c8000)
 compacting perm gen  total 12288K, used 2304K [0x342c0000, 0x34ec0000, 0x382c0000)
   the space 12288K,  18% used [0x342c0000, 0x345000b0, 0x34500200, 0x34ec0000)
    ro space 10240K,  42% used [0x382c0000, 0x38704240, 0x38704400, 0x38cc0000)
    rw space 12288K,  54% used [0x38cc0000, 0x39344d58, 0x39344e00, 0x398c0000)
}
Event: 300.442 GC heap before
{Heap before GC invocations=387 (full 1):
 def new generation   total 6336K, used 5886K [0x242c0000, 0x249a0000, 0x29810000)
  eden space 5632K,  99% used [0x242c0000, 0x24832c20, 0x24840000)
  from space 704K,  43% used [0x248f0000, 0x2493cd50, 0x249a0000)
  to   space 704K,   0% used [0x24840000, 0x24840000, 0x248f0000)
 tenured generation   total 14048K, used 8427K [0x29810000, 0x2a5c8000, 0x342c0000)
   the space 14048K,  59% used [0x29810000, 0x2a04acb0, 0x2a04ae00, 0x2a5c8000)
 compacting perm gen  total 12288K, used 2304K [0x342c0000, 0x34ec0000, 0x382c0000)
   the space 12288K,  18% used [0x342c0000, 0x345000b0, 0x34500200, 0x34ec0000)
    ro space 10240K,  42% used [0x382c0000, 0x38704240, 0x38704400, 0x38cc0000)
    rw space 12288K,  54% used [0x38cc0000, 0x39344d58, 0x39344e00, 0x398c0000)
Event: 300.443 GC heap after
Heap after GC invocations=388 (full 1):
 def new generation   total 6336K, used 327K [0x242c0000, 0x249a0000, 0x29810000)
  eden space 5632K,   0% used [0x242c0000, 0x242c0000, 0x24840000)
  from space 704K,  46% used [0x24840000, 0x24891e50, 0x248f0000)
  to   space 704K,   0% used [0x248f0000, 0x248f0000, 0x249a0000)
 tenured generation   total 14048K, used 8427K [0x29810000, 0x2a5c8000, 0x342c0000)
   the space 14048K,  59% used [0x29810000, 0x2a04acb0, 0x2a04ae00, 0x2a5c8000)
 compacting perm gen  total 12288K, used 2304K [0x342c0000, 0x34ec0000, 0x382c0000)
   the space 12288K,  18% used [0x342c0000, 0x345000b0, 0x34500200, 0x34ec0000)
    ro space 10240K,  42% used [0x382c0000, 0x38704240, 0x38704400, 0x38cc0000)
    rw space 12288K,  54% used [0x38cc0000, 0x39344d58, 0x39344e00, 0x398c0000)
}
Event: 301.376 GC heap before
{Heap before GC invocations=388 (full 1):
 def new generation   total 6336K, used 5908K [0x242c0000, 0x249a0000, 0x29810000)
  eden space 5632K,  99% used [0x242c0000, 0x24833298, 0x24840000)
  from space 704K,  46% used [0x24840000, 0x24891e50, 0x248f0000)
  to   space 704K,   0% used [0x248f0000, 0x248f0000, 0x249a0000)
 tenured generation   total 14048K, used 8427K [0x29810000, 0x2a5c8000, 0x342c0000)
   the space 14048K,  59% used [0x29810000, 0x2a04acb0, 0x2a04ae00, 0x2a5c8000)
 compacting perm gen  total 12288K, used 2304K [0x342c0000, 0x34ec0000, 0x382c0000)
   the space 12288K,  18% used [0x342c0000, 0x345000b0, 0x34500200, 0x34ec0000)
    ro space 10240K,  42% used [0x382c0000, 0x38704240, 0x38704400, 0x38cc0000)
    rw space 12288K,  54% used [0x38cc0000, 0x39344d58, 0x39344e00, 0x398c0000)
Event: 301.377 GC heap after
Heap after GC invocations=389 (full 1):
 def new generation   total 6336K, used 347K [0x242c0000, 0x249a0000, 0x29810000)
  eden space 5632K,   0% used [0x242c0000, 0x242c0000, 0x24840000)
  from space 704K,  49% used [0x248f0000, 0x24946f50, 0x249a0000)
  to   space 704K,   0% used [0x24840000, 0x24840000, 0x248f0000)
 tenured generation   total 14048K, used 8427K [0x29810000, 0x2a5c8000, 0x342c0000)
   the space 14048K,  59% used [0x29810000, 0x2a04acb0, 0x2a04ae00, 0x2a5c8000)
 compacting perm gen  total 12288K, used 2304K [0x342c0000, 0x34ec0000, 0x382c0000)
   the space 12288K,  18% used [0x342c0000, 0x345000b0, 0x34500200, 0x34ec0000)
    ro space 10240K,  42% used [0x382c0000, 0x38704240, 0x38704400, 0x38cc0000)
    rw space 12288K,  54% used [0x38cc0000, 0x39344d58, 0x39344e00, 0x398c0000)
}
Event: 302.308 GC heap before
{Heap before GC invocations=389 (full 1):
 def new generation   total 6336K, used 5931K [0x242c0000, 0x249a0000, 0x29810000)
  eden space 5632K,  99% used [0x242c0000, 0x24833ff0, 0x24840000)
  from space 704K,  49% used [0x248f0000, 0x24946f50, 0x249a0000)
  to   space 704K,   0% used [0x24840000, 0x24840000, 0x248f0000)
 tenured generation   total 14048K, used 8427K [0x29810000, 0x2a5c8000, 0x342c0000)
   the space 14048K,  59% used [0x29810000, 0x2a04acb0, 0x2a04ae00, 0x2a5c8000)
 compacting perm gen  total 12288K, used 2304K [0x342c0000, 0x34ec0000, 0x382c0000)
   the space 12288K,  18% used [0x342c0000, 0x345000b0, 0x34500200, 0x34ec0000)
    ro space 10240K,  42% used [0x382c0000, 0x38704240, 0x38704400, 0x38cc0000)
    rw space 12288K,  54% used [0x38cc0000, 0x39344d58, 0x39344e00, 0x398c0000)
Event: 302.309 GC heap after
Heap after GC invocations=390 (full 1):
 def new generation   total 6336K, used 368K [0x242c0000, 0x249a0000, 0x29810000)
  eden space 5632K,   0% used [0x242c0000, 0x242c0000, 0x24840000)
  from space 704K,  52% used [0x24840000, 0x2489c050, 0x248f0000)
  to   space 704K,   0% used [0x248f0000, 0x248f0000, 0x249a0000)
 tenured generation   total 14048K, used 8427K [0x29810000, 0x2a5c8000, 0x342c0000)
   the space 14048K,  59% used [0x29810000, 0x2a04acb0, 0x2a04ae00, 0x2a5c8000)
 compacting perm gen  total 12288K, used 2304K [0x342c0000, 0x34ec0000, 0x382c0000)
   the space 12288K,  18% used [0x342c0000, 0x345000b0, 0x34500200, 0x34ec0000)
    ro space 10240K,  42% used [0x382c0000, 0x38704240, 0x38704400, 0x38cc0000)
    rw space 12288K,  54% used [0x38cc0000, 0x39344d58, 0x39344e00, 0x398c0000)
}

Deoptimization events (0 events):
No events

Internal exceptions (10 events):
Event: 4.128 Thread 0x04c0cc00 Threw 0x24435b30 at C:\jdk7u2_32P\jdk7u25\hotspot\src\share\vm\prims\jvm.cpp:1235
Event: 4.175 Thread 0x04c0cc00 Threw 0x2448f528 at C:\jdk7u2_32P\jdk7u25\hotspot\src\share\vm\prims\jvm.cpp:1235
Event: 4.184 Thread 0x04c0cc00 Threw 0x2455ee18 at C:\jdk7u2_32P\jdk7u25\hotspot\src\share\vm\prims\jvm.cpp:1235
Event: 4.185 Thread 0x04c0cc00 Threw 0x245bacf8 at C:\jdk7u2_32P\jdk7u25\hotspot\src\share\vm\prims\jvm.cpp:1235
Event: 4.186 Thread 0x04c0cc00 Threw 0x245bca70 at C:\jdk7u2_32P\jdk7u25\hotspot\src\share\vm\prims\jvm.cpp:1235
Event: 4.186 Thread 0x04c0cc00 Threw 0x245bec48 at C:\jdk7u2_32P\jdk7u25\hotspot\src\share\vm\prims\jvm.cpp:1235
Event: 4.186 Thread 0x04c0cc00 Threw 0x245c0238 at C:\jdk7u2_32P\jdk7u25\hotspot\src\share\vm\prims\jvm.cpp:1235
Event: 4.197 Thread 0x04c0cc00 Threw 0x245db930 at C:\jdk7u2_32P\jdk7u25\hotspot\src\share\vm\prims\jvm.cpp:1235
Event: 4.200 Thread 0x04c0cc00 Threw 0x245e65a0 at C:\jdk7u2_32P\jdk7u25\hotspot\src\share\vm\prims\jvm.cpp:1235
Event: 4.208 Thread 0x04c0cc00 Threw 0x245fa928 at C:\jdk7u2_32P\jdk7u25\hotspot\src\share\vm\prims\jvm.cpp:1235

Events (10 events):
Event: 298.626 Executing VM operation: GenCollectForAllocation
Event: 298.628 Executing VM operation: GenCollectForAllocation done
Event: 299.526 Executing VM operation: GenCollectForAllocation
Event: 299.526 Executing VM operation: GenCollectForAllocation done
Event: 300.442 Executing VM operation: GenCollectForAllocation
Event: 300.443 Executing VM operation: GenCollectForAllocation done
Event: 301.376 Executing VM operation: GenCollectForAllocation
Event: 301.377 Executing VM operation: GenCollectForAllocation done
Event: 302.308 Executing VM operation: GenCollectForAllocation
Event: 302.309 Executing VM operation: GenCollectForAllocation done


Dynamic libraries:
0x012a0000 - 0x012cf000 	C:\Program Files (x86)\Java\jre7\bin\javaw.exe
0x77030000 - 0x771b0000 	C:\Windows\SysWOW64\ntdll.dll
0x74b00000 - 0x74c10000 	C:\Windows\syswow64\kernel32.dll
0x75510000 - 0x75557000 	C:\Windows\syswow64\KERNELBASE.dll
0x75930000 - 0x759d0000 	C:\Windows\syswow64\ADVAPI32.dll
0x75880000 - 0x7592c000 	C:\Windows\syswow64\msvcrt.dll
0x76c10000 - 0x76c29000 	C:\Windows\SysWOW64\sechost.dll
0x75c60000 - 0x75d50000 	C:\Windows\syswow64\RPCRT4.dll
0x74a80000 - 0x74ae0000 	C:\Windows\syswow64\SspiCli.dll
0x74a70000 - 0x74a7c000 	C:\Windows\syswow64\CRYPTBASE.dll
0x75d50000 - 0x75e50000 	C:\Windows\syswow64\USER32.dll
0x75080000 - 0x75110000 	C:\Windows\syswow64\GDI32.dll
0x75500000 - 0x7550a000 	C:\Windows\syswow64\LPK.dll
0x74c30000 - 0x74ccd000 	C:\Windows\syswow64\USP10.dll
0x73c80000 - 0x73e1e000 	C:\Windows\WinSxS\x86_microsoft.windows.common-controls_6595b64144ccf1df_6.0.7601.17514_none_41e6975e2bd6f2b2\COMCTL32.dll
0x74d60000 - 0x74db7000 	C:\Windows\syswow64\SHLWAPI.dll
0x75110000 - 0x75170000 	C:\Windows\system32\IMM32.DLL
0x76b40000 - 0x76c0c000 	C:\Windows\syswow64\MSCTF.dll
0x5bda0000 - 0x5be5e000 	C:\Program Files (x86)\Java\jre7\bin\msvcr100.dll
0x614c0000 - 0x61802000 	C:\Program Files (x86)\Java\jre7\bin\client\jvm.dll
0x72cd0000 - 0x72cd7000 	C:\Windows\system32\WSOCK32.dll
0x759d0000 - 0x75a05000 	C:\Windows\syswow64\WS2_32.dll
0x76b30000 - 0x76b36000 	C:\Windows\syswow64\NSI.dll
0x70890000 - 0x708c2000 	C:\Windows\system32\WINMM.dll
0x75a50000 - 0x75a55000 	C:\Windows\syswow64\PSAPI.DLL
0x71a50000 - 0x71a5c000 	C:\Program Files (x86)\Java\jre7\bin\verify.dll
0x70c20000 - 0x70c40000 	C:\Program Files (x86)\Java\jre7\bin\java.dll
0x70f10000 - 0x70f23000 	C:\Program Files (x86)\Java\jre7\bin\zip.dll
0x6cec0000 - 0x6cf3f000 	C:\Users\Rig\AppData\Local\Temp\libgdxRig\3406029919\gdx.dll
0x10000000 - 0x1004c000 	C:\Users\Rig\AppData\Local\Temp\libgdxRig\658158746\lwjgl.dll
0x72760000 - 0x72828000 	C:\Windows\system32\OPENGL32.dll
0x72d00000 - 0x72d22000 	C:\Windows\system32\GLU32.dll
0x6cbc0000 - 0x6cca7000 	C:\Windows\system32\DDRAW.dll
0x73300000 - 0x73306000 	C:\Windows\system32\DCIMAN32.dll
0x74e40000 - 0x74fdd000 	C:\Windows\syswow64\SETUPAPI.dll
0x75a20000 - 0x75a47000 	C:\Windows\syswow64\CFGMGR32.dll
0x75e50000 - 0x75edf000 	C:\Windows\syswow64\OLEAUT32.dll
0x753a0000 - 0x754fc000 	C:\Windows\syswow64\ole32.dll
0x74e20000 - 0x74e32000 	C:\Windows\syswow64\DEVOBJ.dll
0x70b80000 - 0x70b93000 	C:\Windows\system32\dwmapi.dll
0x749a0000 - 0x749a9000 	C:\Windows\system32\VERSION.dll
0x046d0000 - 0x04737000 	C:\Users\Rig\AppData\Local\Temp\libgdxRig\658158746\OpenAL32.dll
0x75ee0000 - 0x76b2a000 	C:\Windows\syswow64\SHELL32.dll
0x70ba0000 - 0x70c20000 	C:\Windows\system32\uxtheme.dll
0x72620000 - 0x72678000 	C:\Program Files (x86)\Common Files\microsoft shared\ink\tiptsf.dll
0x75310000 - 0x75393000 	C:\Windows\syswow64\CLBCatQ.DLL
0x698c0000 - 0x699b5000 	C:\Windows\System32\PROPSYS.dll
0x75050000 - 0x7507e000 	C:\Windows\syswow64\WINTRUST.dll
0x75170000 - 0x75290000 	C:\Windows\syswow64\CRYPT32.dll
0x75a10000 - 0x75a1c000 	C:\Windows\syswow64\MSASN1.dll
0x68750000 - 0x687c2000 	C:\Windows\system32\dsound.dll
0x699c0000 - 0x699e5000 	C:\Windows\system32\POWRPROF.dll
0x69010000 - 0x69049000 	C:\Windows\System32\MMDevApi.dll
0x687f0000 - 0x68826000 	C:\Windows\system32\AUDIOSES.DLL
0x53dc0000 - 0x552fb000 	C:\Windows\system32\nvoglv32.DLL
0x74910000 - 0x74931000 	C:\Windows\system32\ntmarta.dll
0x74dd0000 - 0x74e15000 	C:\Windows\syswow64\WLDAP32.dll
0x6a1a0000 - 0x6a1dc000 	C:\Windows\system32\oleacc.dll
0x71b30000 - 0x71ba9000 	C:\Windows\system32\mscms.dll
0x70820000 - 0x70837000 	C:\Windows\system32\USERENV.dll
0x70810000 - 0x7081b000 	C:\Windows\system32\profapi.dll
0x6e870000 - 0x6e8a8000 	C:\Windows\system32\icm32.dll

VM Arguments:
jvm_args: -Dfile.encoding=Cp1252 
java_command: deco2800.arcade.minigolf.Main
Launcher Type: SUN_STANDARD

Environment Variables:
JAVA_HOME=C:\Program Files\Java\jdk1.7.0_40
CLASSPATH=.;C:\Program Files (x86)\Java\jre7\lib\ext\QTJava.zip
PATH=C:/Program Files (x86)/Java/jre7/bin/client;C:/Program Files (x86)/Java/jre7/bin;C:/Program Files (x86)/Java/jre7/lib/i386;C:\Program Files (x86)\NVIDIA Corporation\PhysX\Common;C:\Windows\system32;C:\Windows;C:\Windows\System32\Wbem;C:\Windows\System32\WindowsPowerShell\v1.0\;C:\Program Files (x86)\QuickTime\QTSystem\;C:\Program Files\TortoiseSVN\bin;C:\Gradle\gradle-1.6\bin;;C:\eclipse;
USERNAME=Rig
OS=Windows_NT
PROCESSOR_IDENTIFIER=AMD64 Family 21 Model 2 Stepping 0, AuthenticAMD



---------------  S Y S T E M  ---------------

OS: Windows 7 , 64 bit Build 7601 Service Pack 1

CPU:total 6 (6 cores per cpu, 1 threads per core) family 21 model 2 stepping 0, cmov, cx8, fxsr, mmx, sse, sse2, sse3, ssse3, sse4.1, sse4.2, popcnt, avx, mmxext, 3dnowpref, lzcnt, sse4a, tsc, tscinvbit, tscinv

Memory: 4k page, physical 8287832k(3975616k free), swap 16573804k(10109116k free)

vm_info: Java HotSpot(TM) Client VM (23.25-b01) for windows-x86 JRE (1.7.0_25-b17), built on Jun 21 2013 13:06:48 by "java_re" with unknown MS VC++:1600

time: Sat Oct 12 23:10:57 2013
elapsed time: 303 seconds

