#
# A fatal error has been detected by the Java Runtime Environment:
#
#  EXCEPTION_ACCESS_VIOLATION (0xc0000005) at pc=0x75889b60, pid=5588, tid=5392
#
# JRE version: 7.0_25-b17
# Java VM: Java HotSpot(TM) Client VM (23.25-b01 mixed mode, sharing windows-x86 )
# Problematic frame:
# C  [msvcrt.dll+0x9b60]
#
# Failed to write core dump. Minidumps are not enabled by default on client versions of Windows
#
# If you would like to submit a bug report, please visit:
#   http://bugreport.sun.com/bugreport/crash.jsp
# The crash happened outside the Java Virtual Machine in native code.
# See problematic frame for where to report the bug.
#

---------------  T H R E A D  ---------------

Current thread (0x04ad9400):  JavaThread "LWJGL Application" [_thread_in_native, id=5392, stack(0x05200000,0x05250000)]

siginfo: ExceptionCode=0xc0000005, writing address 0x00000000

Registers:
EAX=0x242f4434, EBX=0x04ad9528, ECX=0x00000050, EDX=0x00000000
ESP=0x0524eed0, EBP=0x0524eed8, ESI=0x242f42f4, EDI=0x00000000
EIP=0x75889b60, EFLAGS=0x00010216

Top of Stack: (sp=0x0524eed0)
0x0524eed0:   0524ef28 242f42f4 00000000 6ceeab5d
0x0524eee0:   00000000 242f42f4 00000140 00000000
0x0524eef0:   07faaf28 00000000 00000040 242f37e0
0x0524ef00:   0524ef30 04ad9400 0524ef48 0277ba59
0x0524ef10:   04ad9528 0524ef30 0524ef28 0524ef2c
0x0524ef20:   00000050 00000000 242f42e8 242f37e0
0x0524ef30:   299e90e8 0524ef50 00000de1 00000022
0x0524ef40:   5d3acad0 00000000 0524f2bc 0277bc98 

Instructions: (pc=0x75889b60)
0x75889b40:   8b 45 08 5e 5f c9 c3 8a 46 03 88 47 03 8a 46 02
0x75889b50:   88 47 02 8a 46 01 88 47 01 8b 45 08 5e 5f c9 c3
0x75889b60:   f3 a5 ff 24 95 b8 99 88 75 8a 06 88 07 8a 46 01
0x75889b70:   88 47 01 8b 45 08 5e 5f c9 c3 83 3d 44 00 92 75 


Register to memory mapping:

EAX=0x242f4434 is an oop
[F 
 - klass: {type array float}
 - length: 20000
EBX=0x04ad9528 is an unknown value
ECX=0x00000050 is an unknown value
EDX=0x00000000 is an unknown value
ESP=0x0524eed0 is pointing into the stack for thread: 0x04ad9400
EBP=0x0524eed8 is pointing into the stack for thread: 0x04ad9400
ESI=0x242f42f4 is an oop
[F 
 - klass: {type array float}
 - length: 20000
EDI=0x00000000 is an unknown value


Stack: [0x05200000,0x05250000],  sp=0x0524eed0,  free space=315k
Native frames: (J=compiled Java code, j=interpreted, Vv=VM code, C=native code)
C  [msvcrt.dll+0x9b60]

Java frames: (J=compiled Java code, j=interpreted, Vv=VM code)
J  com.badlogic.gdx.utils.BufferUtils.copyJni([FLjava/nio/Buffer;II)V
J  com.badlogic.gdx.utils.BufferUtils.copy([FLjava/nio/Buffer;II)V
J  com.badlogic.gdx.graphics.g2d.SpriteBatch.renderMesh()V
J  com.badlogic.gdx.scenes.scene2d.Group.drawChildren(Lcom/badlogic/gdx/graphics/g2d/SpriteBatch;F)V
J  com.badlogic.gdx.scenes.scene2d.Group.draw(Lcom/badlogic/gdx/graphics/g2d/SpriteBatch;F)V
J  com.badlogic.gdx.scenes.scene2d.Stage.draw()V
J  deco2800.arcade.minigolf.WorldRenderer.render()V
J  deco2800.arcade.minigolf.GameScreen.render(F)V
J  com.badlogic.gdx.Game.render()V
j  com.badlogic.gdx.backends.lwjgl.LwjglApplication.mainLoop()V+491
j  com.badlogic.gdx.backends.lwjgl.LwjglApplication$1.run()V+27
v  ~StubRoutines::call_stub

---------------  P R O C E S S  ---------------

Java Threads: ( => current thread )
  0x07fb5400 JavaThread "LWJGL Timer" daemon [_thread_blocked, id=5476, stack(0x08a30000,0x08a80000)]
  0x00e4ac00 JavaThread "DestroyJavaVM" [_thread_blocked, id=5380, stack(0x00ed0000,0x00f20000)]
=>0x04ad9400 JavaThread "LWJGL Application" [_thread_in_native, id=5392, stack(0x05200000,0x05250000)]
  0x00d9cc00 JavaThread "Service Thread" daemon [_thread_blocked, id=3596, stack(0x04920000,0x04970000)]
  0x00d89800 JavaThread "C1 CompilerThread0" daemon [_thread_blocked, id=3604, stack(0x04800000,0x04850000)]
  0x00d88000 JavaThread "Attach Listener" daemon [_thread_blocked, id=1040, stack(0x046a0000,0x046f0000)]
  0x00d85000 JavaThread "Signal Dispatcher" daemon [_thread_blocked, id=3632, stack(0x04860000,0x048b0000)]
  0x00d70c00 JavaThread "Finalizer" daemon [_thread_blocked, id=3708, stack(0x04700000,0x04750000)]
  0x00d6f400 JavaThread "Reference Handler" daemon [_thread_blocked, id=5636, stack(0x01020000,0x01070000)]

Other Threads:
  0x00d6e000 VMThread [stack: 0x01120000,0x01170000] [id=4148]
  0x00daf400 WatcherThread [stack: 0x04d70000,0x04dc0000] [id=4836]

VM state:not at safepoint (normal execution)

VM Mutex/Monitor currently owned by a thread: None

Heap
 def new generation   total 4928K, used 539K [0x242c0000, 0x24810000, 0x29810000)
  eden space 4416K,   7% used [0x242c0000, 0x2430e0b0, 0x24710000)
  from space 512K,  44% used [0x24790000, 0x247c8c88, 0x24810000)
  to   space 512K,   0% used [0x24710000, 0x24710000, 0x24790000)
 tenured generation   total 10944K, used 10251K [0x29810000, 0x2a2c0000, 0x342c0000)
   the space 10944K,  93% used [0x29810000, 0x2a212e28, 0x2a213000, 0x2a2c0000)
 compacting perm gen  total 12288K, used 2302K [0x342c0000, 0x34ec0000, 0x382c0000)
   the space 12288K,  18% used [0x342c0000, 0x344ffb48, 0x344ffc00, 0x34ec0000)
    ro space 10240K,  42% used [0x382c0000, 0x38704240, 0x38704400, 0x38cc0000)
    rw space 12288K,  54% used [0x38cc0000, 0x39344d58, 0x39344e00, 0x398c0000)

Card table byte_map: [0x00f20000,0x00fd0000] byte_map_base: 0x00dfea00

Polling page: 0x001b0000

Code Cache  [0x02690000, 0x02808000, 0x04690000)
 total_blobs=900 nmethods=652 adapters=183 free_code_cache=31282Kb largest_free_block=32033024

Compilation events (10 events):
Event: 99.560 Thread 0x00d89800  648             com.badlogic.gdx.graphics.g2d.Sprite::setRegion (64 bytes)
Event: 99.560 Thread 0x00d89800 nmethod 648 0x027fd0c8 code [0x027fd1e0, 0x027fd3bc]
Event: 99.560 Thread 0x00d89800  649             com.badlogic.gdx.graphics.g2d.Sprite::setColor (76 bytes)
Event: 99.560 Thread 0x00d89800 nmethod 649 0x027fd588 code [0x027fd6d0, 0x027fd8b0]
Event: 99.560 Thread 0x00d89800  650             com.badlogic.gdx.graphics.g2d.Sprite::setSize (131 bytes)
Event: 99.561 Thread 0x00d89800 nmethod 650 0x027fda08 code [0x027fdb30, 0x027fdd40]
Event: 99.561 Thread 0x00d89800  651             com.badlogic.gdx.graphics.g2d.Sprite::setOrigin (16 bytes)
Event: 99.561 Thread 0x00d89800 nmethod 651 0x027fdf08 code [0x027fe000, 0x027fe090]
Event: 234.181 Thread 0x00d89800    1 % !         com.badlogic.gdx.backends.lwjgl.LwjglApplication::mainLoop @ 86 (660 bytes)
Event: 234.193 Thread 0x00d89800 nmethod 1% 0x027fe0c8 code [0x027fe7a0, 0x02800738]

GC Heap History (10 events):
Event: 335.532 GC heap before
{Heap before GC invocations=396 (full 0):
 def new generation   total 4928K, used 4589K [0x242c0000, 0x24810000, 0x29810000)
  eden space 4416K,  99% used [0x242c0000, 0x2470e7f8, 0x24710000)
  from space 512K,  35% used [0x24710000, 0x2473cf88, 0x24790000)
  to   space 512K,   0% used [0x24790000, 0x24790000, 0x24810000)
 tenured generation   total 10944K, used 10219K [0x29810000, 0x2a2c0000, 0x342c0000)
   the space 10944K,  93% used [0x29810000, 0x2a20aea8, 0x2a20b000, 0x2a2c0000)
 compacting perm gen  total 12288K, used 2302K [0x342c0000, 0x34ec0000, 0x382c0000)
   the space 12288K,  18% used [0x342c0000, 0x344ffb48, 0x344ffc00, 0x34ec0000)
    ro space 10240K,  42% used [0x382c0000, 0x38704240, 0x38704400, 0x38cc0000)
    rw space 12288K,  54% used [0x38cc0000, 0x39344d58, 0x39344e00, 0x398c0000)
Event: 335.534 GC heap after
Heap after GC invocations=397 (full 0):
 def new generation   total 4928K, used 273K [0x242c0000, 0x24810000, 0x29810000)
  eden space 4416K,   0% used [0x242c0000, 0x242c0000, 0x24710000)
  from space 512K,  53% used [0x24790000, 0x247d4718, 0x24810000)
  to   space 512K,   0% used [0x24710000, 0x24710000, 0x24790000)
 tenured generation   total 10944K, used 10219K [0x29810000, 0x2a2c0000, 0x342c0000)
   the space 10944K,  93% used [0x29810000, 0x2a20aea8, 0x2a20b000, 0x2a2c0000)
 compacting perm gen  total 12288K, used 2302K [0x342c0000, 0x34ec0000, 0x382c0000)
   the space 12288K,  18% used [0x342c0000, 0x344ffb48, 0x344ffc00, 0x34ec0000)
    ro space 10240K,  42% used [0x382c0000, 0x38704240, 0x38704400, 0x38cc0000)
    rw space 12288K,  54% used [0x38cc0000, 0x39344d58, 0x39344e00, 0x398c0000)
}
Event: 336.248 GC heap before
{Heap before GC invocations=397 (full 0):
 def new generation   total 4928K, used 4636K [0x242c0000, 0x24810000, 0x29810000)
  eden space 4416K,  98% used [0x242c0000, 0x24702a10, 0x24710000)
  from space 512K,  53% used [0x24790000, 0x247d4718, 0x24810000)
  to   space 512K,   0% used [0x24710000, 0x24710000, 0x24790000)
 tenured generation   total 10944K, used 10219K [0x29810000, 0x2a2c0000, 0x342c0000)
   the space 10944K,  93% used [0x29810000, 0x2a20aea8, 0x2a20b000, 0x2a2c0000)
 compacting perm gen  total 12288K, used 2302K [0x342c0000, 0x34ec0000, 0x382c0000)
   the space 12288K,  18% used [0x342c0000, 0x344ffb48, 0x344ffc00, 0x34ec0000)
    ro space 10240K,  42% used [0x382c0000, 0x38704240, 0x38704400, 0x38cc0000)
    rw space 12288K,  54% used [0x38cc0000, 0x39344d58, 0x39344e00, 0x398c0000)
Event: 336.250 GC heap after
Heap after GC invocations=398 (full 0):
 def new generation   total 4928K, used 179K [0x242c0000, 0x24810000, 0x29810000)
  eden space 4416K,   0% used [0x242c0000, 0x242c0000, 0x24710000)
  from space 512K,  35% used [0x24710000, 0x2473cf88, 0x24790000)
  to   space 512K,   0% used [0x24790000, 0x24790000, 0x24810000)
 tenured generation   total 10944K, used 10251K [0x29810000, 0x2a2c0000, 0x342c0000)
   the space 10944K,  93% used [0x29810000, 0x2a212e28, 0x2a213000, 0x2a2c0000)
 compacting perm gen  total 12288K, used 2302K [0x342c0000, 0x34ec0000, 0x382c0000)
   the space 12288K,  18% used [0x342c0000, 0x344ffb48, 0x344ffc00, 0x34ec0000)
    ro space 10240K,  42% used [0x382c0000, 0x38704240, 0x38704400, 0x38cc0000)
    rw space 12288K,  54% used [0x38cc0000, 0x39344d58, 0x39344e00, 0x398c0000)
}
Event: 336.949 GC heap before
{Heap before GC invocations=398 (full 0):
 def new generation   total 4928K, used 4534K [0x242c0000, 0x24810000, 0x29810000)
  eden space 4416K,  98% used [0x242c0000, 0x24700a18, 0x24710000)
  from space 512K,  35% used [0x24710000, 0x2473cf88, 0x24790000)
  to   space 512K,   0% used [0x24790000, 0x24790000, 0x24810000)
 tenured generation   total 10944K, used 10251K [0x29810000, 0x2a2c0000, 0x342c0000)
   the space 10944K,  93% used [0x29810000, 0x2a212e28, 0x2a213000, 0x2a2c0000)
 compacting perm gen  total 12288K, used 2302K [0x342c0000, 0x34ec0000, 0x382c0000)
   the space 12288K,  18% used [0x342c0000, 0x344ffb48, 0x344ffc00, 0x34ec0000)
    ro space 10240K,  42% used [0x382c0000, 0x38704240, 0x38704400, 0x38cc0000)
    rw space 12288K,  54% used [0x38cc0000, 0x39344d58, 0x39344e00, 0x398c0000)
Event: 336.950 GC heap after
Heap after GC invocations=399 (full 0):
 def new generation   total 4928K, used 195K [0x242c0000, 0x24810000, 0x29810000)
  eden space 4416K,   0% used [0x242c0000, 0x242c0000, 0x24710000)
  from space 512K,  38% used [0x24790000, 0x247c0e88, 0x24810000)
  to   space 512K,   0% used [0x24710000, 0x24710000, 0x24790000)
 tenured generation   total 10944K, used 10251K [0x29810000, 0x2a2c0000, 0x342c0000)
   the space 10944K,  93% used [0x29810000, 0x2a212e28, 0x2a213000, 0x2a2c0000)
 compacting perm gen  total 12288K, used 2302K [0x342c0000, 0x34ec0000, 0x382c0000)
   the space 12288K,  18% used [0x342c0000, 0x344ffb48, 0x344ffc00, 0x34ec0000)
    ro space 10240K,  42% used [0x382c0000, 0x38704240, 0x38704400, 0x38cc0000)
    rw space 12288K,  54% used [0x38cc0000, 0x39344d58, 0x39344e00, 0x398c0000)
}
Event: 337.649 GC heap before
{Heap before GC invocations=399 (full 0):
 def new generation   total 4928K, used 4535K [0x242c0000, 0x24810000, 0x29810000)
  eden space 4416K,  98% used [0x242c0000, 0x246fcd90, 0x24710000)
  from space 512K,  38% used [0x24790000, 0x247c0e88, 0x24810000)
  to   space 512K,   0% used [0x24710000, 0x24710000, 0x24790000)
 tenured generation   total 10944K, used 10251K [0x29810000, 0x2a2c0000, 0x342c0000)
   the space 10944K,  93% used [0x29810000, 0x2a212e28, 0x2a213000, 0x2a2c0000)
 compacting perm gen  total 12288K, used 2302K [0x342c0000, 0x34ec0000, 0x382c0000)
   the space 12288K,  18% used [0x342c0000, 0x344ffb48, 0x344ffc00, 0x34ec0000)
    ro space 10240K,  42% used [0x382c0000, 0x38704240, 0x38704400, 0x38cc0000)
    rw space 12288K,  54% used [0x38cc0000, 0x39344d58, 0x39344e00, 0x398c0000)
Event: 337.650 GC heap after
Heap after GC invocations=400 (full 0):
 def new generation   total 4928K, used 211K [0x242c0000, 0x24810000, 0x29810000)
  eden space 4416K,   0% used [0x242c0000, 0x242c0000, 0x24710000)
  from space 512K,  41% used [0x24710000, 0x24744d88, 0x24790000)
  to   space 512K,   0% used [0x24790000, 0x24790000, 0x24810000)
 tenured generation   total 10944K, used 10251K [0x29810000, 0x2a2c0000, 0x342c0000)
   the space 10944K,  93% used [0x29810000, 0x2a212e28, 0x2a213000, 0x2a2c0000)
 compacting perm gen  total 12288K, used 2302K [0x342c0000, 0x34ec0000, 0x382c0000)
   the space 12288K,  18% used [0x342c0000, 0x344ffb48, 0x344ffc00, 0x34ec0000)
    ro space 10240K,  42% used [0x382c0000, 0x38704240, 0x38704400, 0x38cc0000)
    rw space 12288K,  54% used [0x38cc0000, 0x39344d58, 0x39344e00, 0x398c0000)
}
Event: 338.349 GC heap before
{Heap before GC invocations=400 (full 0):
 def new generation   total 4928K, used 4566K [0x242c0000, 0x24810000, 0x29810000)
  eden space 4416K,  98% used [0x242c0000, 0x24700b60, 0x24710000)
  from space 512K,  41% used [0x24710000, 0x24744d88, 0x24790000)
  to   space 512K,   0% used [0x24790000, 0x24790000, 0x24810000)
 tenured generation   total 10944K, used 10251K [0x29810000, 0x2a2c0000, 0x342c0000)
   the space 10944K,  93% used [0x29810000, 0x2a212e28, 0x2a213000, 0x2a2c0000)
 compacting perm gen  total 12288K, used 2302K [0x342c0000, 0x34ec0000, 0x382c0000)
   the space 12288K,  18% used [0x342c0000, 0x344ffb48, 0x344ffc00, 0x34ec0000)
    ro space 10240K,  42% used [0x382c0000, 0x38704240, 0x38704400, 0x38cc0000)
    rw space 12288K,  54% used [0x38cc0000, 0x39344d58, 0x39344e00, 0x398c0000)
Event: 338.350 GC heap after
Heap after GC invocations=401 (full 0):
 def new generation   total 4928K, used 227K [0x242c0000, 0x24810000, 0x29810000)
  eden space 4416K,   0% used [0x242c0000, 0x242c0000, 0x24710000)
  from space 512K,  44% used [0x24790000, 0x247c8c88, 0x24810000)
  to   space 512K,   0% used [0x24710000, 0x24710000, 0x24790000)
 tenured generation   total 10944K, used 10251K [0x29810000, 0x2a2c0000, 0x342c0000)
   the space 10944K,  93% used [0x29810000, 0x2a212e28, 0x2a213000, 0x2a2c0000)
 compacting perm gen  total 12288K, used 2302K [0x342c0000, 0x34ec0000, 0x382c0000)
   the space 12288K,  18% used [0x342c0000, 0x344ffb48, 0x344ffc00, 0x34ec0000)
    ro space 10240K,  42% used [0x382c0000, 0x38704240, 0x38704400, 0x38cc0000)
    rw space 12288K,  54% used [0x38cc0000, 0x39344d58, 0x39344e00, 0x398c0000)
}

Deoptimization events (0 events):
No events

Internal exceptions (10 events):
Event: 1.382 Thread 0x04ad9400 Threw 0x24429d40 at C:\jdk7u2_32P\jdk7u25\hotspot\src\share\vm\prims\jvm.cpp:1235
Event: 1.429 Thread 0x04ad9400 Threw 0x24480f38 at C:\jdk7u2_32P\jdk7u25\hotspot\src\share\vm\prims\jvm.cpp:1235
Event: 1.437 Thread 0x04ad9400 Threw 0x24550a70 at C:\jdk7u2_32P\jdk7u25\hotspot\src\share\vm\prims\jvm.cpp:1235
Event: 1.438 Thread 0x04ad9400 Threw 0x245ac940 at C:\jdk7u2_32P\jdk7u25\hotspot\src\share\vm\prims\jvm.cpp:1235
Event: 1.438 Thread 0x04ad9400 Threw 0x245ae6b8 at C:\jdk7u2_32P\jdk7u25\hotspot\src\share\vm\prims\jvm.cpp:1235
Event: 1.438 Thread 0x04ad9400 Threw 0x245b0890 at C:\jdk7u2_32P\jdk7u25\hotspot\src\share\vm\prims\jvm.cpp:1235
Event: 1.438 Thread 0x04ad9400 Threw 0x245b1e80 at C:\jdk7u2_32P\jdk7u25\hotspot\src\share\vm\prims\jvm.cpp:1235
Event: 1.442 Thread 0x04ad9400 Threw 0x245b9d10 at C:\jdk7u2_32P\jdk7u25\hotspot\src\share\vm\prims\jvm.cpp:1235
Event: 1.444 Thread 0x04ad9400 Threw 0x245e1a48 at C:\jdk7u2_32P\jdk7u25\hotspot\src\share\vm\prims\jvm.cpp:1235
Event: 1.450 Thread 0x04ad9400 Threw 0x245e45d8 at C:\jdk7u2_32P\jdk7u25\hotspot\src\share\vm\prims\jvm.cpp:1235

Events (10 events):
Event: 335.532 Executing VM operation: GenCollectForAllocation
Event: 335.534 Executing VM operation: GenCollectForAllocation done
Event: 336.248 Executing VM operation: GenCollectForAllocation
Event: 336.250 Executing VM operation: GenCollectForAllocation done
Event: 336.949 Executing VM operation: GenCollectForAllocation
Event: 336.950 Executing VM operation: GenCollectForAllocation done
Event: 337.648 Executing VM operation: GenCollectForAllocation
Event: 337.650 Executing VM operation: GenCollectForAllocation done
Event: 338.349 Executing VM operation: GenCollectForAllocation
Event: 338.350 Executing VM operation: GenCollectForAllocation done


Dynamic libraries:
0x01260000 - 0x0128f000 	C:\Program Files (x86)\Java\jre7\bin\javaw.exe
0x77030000 - 0x771b0000 	C:\Windows\SysWOW64\ntdll.dll
0x74b00000 - 0x74c10000 	C:\Windows\syswow64\kernel32.dll
0x75510000 - 0x75557000 	C:\Windows\syswow64\KERNELBASE.dll
0x75930000 - 0x759d0000 	C:\Windows\syswow64\ADVAPI32.dll
0x75880000 - 0x7592c000 	C:\Windows\syswow64\msvcrt.dll
0x76c10000 - 0x76c29000 	C:\Windows\SysWOW64\sechost.dll
0x75c60000 - 0x75d50000 	C:\Windows\syswow64\RPCRT4.dll
0x74a80000 - 0x74ae0000 	C:\Windows\syswow64\SspiCli.dll
0x74a70000 - 0x74a7c000 	C:\Windows\syswow64\CRYPTBASE.dll
0x75d50000 - 0x75e50000 	C:\Windows\syswow64\USER32.dll
0x75080000 - 0x75110000 	C:\Windows\syswow64\GDI32.dll
0x75500000 - 0x7550a000 	C:\Windows\syswow64\LPK.dll
0x74c30000 - 0x74ccd000 	C:\Windows\syswow64\USP10.dll
0x73c80000 - 0x73e1e000 	C:\Windows\WinSxS\x86_microsoft.windows.common-controls_6595b64144ccf1df_6.0.7601.17514_none_41e6975e2bd6f2b2\COMCTL32.dll
0x74d60000 - 0x74db7000 	C:\Windows\syswow64\SHLWAPI.dll
0x75110000 - 0x75170000 	C:\Windows\system32\IMM32.DLL
0x76b40000 - 0x76c0c000 	C:\Windows\syswow64\MSCTF.dll
0x6a230000 - 0x6a2ee000 	C:\Program Files (x86)\Java\jre7\bin\msvcr100.dll
0x614c0000 - 0x61802000 	C:\Program Files (x86)\Java\jre7\bin\client\jvm.dll
0x72cd0000 - 0x72cd7000 	C:\Windows\system32\WSOCK32.dll
0x759d0000 - 0x75a05000 	C:\Windows\syswow64\WS2_32.dll
0x76b30000 - 0x76b36000 	C:\Windows\syswow64\NSI.dll
0x70890000 - 0x708c2000 	C:\Windows\system32\WINMM.dll
0x75a50000 - 0x75a55000 	C:\Windows\syswow64\PSAPI.DLL
0x71a50000 - 0x71a5c000 	C:\Program Files (x86)\Java\jre7\bin\verify.dll
0x70c20000 - 0x70c40000 	C:\Program Files (x86)\Java\jre7\bin\java.dll
0x70f10000 - 0x70f23000 	C:\Program Files (x86)\Java\jre7\bin\zip.dll
0x6cec0000 - 0x6cf3f000 	C:\Users\Rig\AppData\Local\Temp\libgdxRig\3406029919\gdx.dll
0x10000000 - 0x1004c000 	C:\Users\Rig\AppData\Local\Temp\libgdxRig\658158746\lwjgl.dll
0x72760000 - 0x72828000 	C:\Windows\system32\OPENGL32.dll
0x72d00000 - 0x72d22000 	C:\Windows\system32\GLU32.dll
0x6cbc0000 - 0x6cca7000 	C:\Windows\system32\DDRAW.dll
0x73300000 - 0x73306000 	C:\Windows\system32\DCIMAN32.dll
0x74e40000 - 0x74fdd000 	C:\Windows\syswow64\SETUPAPI.dll
0x75a20000 - 0x75a47000 	C:\Windows\syswow64\CFGMGR32.dll
0x75e50000 - 0x75edf000 	C:\Windows\syswow64\OLEAUT32.dll
0x753a0000 - 0x754fc000 	C:\Windows\syswow64\ole32.dll
0x74e20000 - 0x74e32000 	C:\Windows\syswow64\DEVOBJ.dll
0x70b80000 - 0x70b93000 	C:\Windows\system32\dwmapi.dll
0x749a0000 - 0x749a9000 	C:\Windows\system32\VERSION.dll
0x011f0000 - 0x01257000 	C:\Users\Rig\AppData\Local\Temp\libgdxRig\658158746\OpenAL32.dll
0x75ee0000 - 0x76b2a000 	C:\Windows\syswow64\SHELL32.dll
0x70ba0000 - 0x70c20000 	C:\Windows\system32\uxtheme.dll
0x72620000 - 0x72678000 	C:\Program Files (x86)\Common Files\microsoft shared\ink\tiptsf.dll
0x75310000 - 0x75393000 	C:\Windows\syswow64\CLBCatQ.DLL
0x698c0000 - 0x699b5000 	C:\Windows\System32\PROPSYS.dll
0x75050000 - 0x7507e000 	C:\Windows\syswow64\WINTRUST.dll
0x75170000 - 0x75290000 	C:\Windows\syswow64\CRYPT32.dll
0x75a10000 - 0x75a1c000 	C:\Windows\syswow64\MSASN1.dll
0x68750000 - 0x687c2000 	C:\Windows\system32\dsound.dll
0x699c0000 - 0x699e5000 	C:\Windows\system32\POWRPROF.dll
0x69010000 - 0x69049000 	C:\Windows\System32\MMDevApi.dll
0x687f0000 - 0x68826000 	C:\Windows\system32\AUDIOSES.DLL
0x5cc10000 - 0x5e14b000 	C:\Windows\system32\nvoglv32.DLL
0x74910000 - 0x74931000 	C:\Windows\system32\ntmarta.dll
0x74dd0000 - 0x74e15000 	C:\Windows\syswow64\WLDAP32.dll
0x6a1a0000 - 0x6a1dc000 	C:\Windows\system32\oleacc.dll
0x71b30000 - 0x71ba9000 	C:\Windows\system32\mscms.dll
0x70820000 - 0x70837000 	C:\Windows\system32\USERENV.dll
0x70810000 - 0x7081b000 	C:\Windows\system32\profapi.dll
0x6e870000 - 0x6e8a8000 	C:\Windows\system32\icm32.dll

VM Arguments:
jvm_args: -Dfile.encoding=Cp1252 
java_command: deco2800.arcade.minigolf.Main
Launcher Type: SUN_STANDARD

Environment Variables:
JAVA_HOME=C:\Program Files\Java\jdk1.7.0_40
CLASSPATH=.;C:\Program Files (x86)\Java\jre7\lib\ext\QTJava.zip
PATH=C:/Program Files (x86)/Java/jre7/bin/client;C:/Program Files (x86)/Java/jre7/bin;C:/Program Files (x86)/Java/jre7/lib/i386;C:\Program Files (x86)\NVIDIA Corporation\PhysX\Common;C:\Windows\system32;C:\Windows;C:\Windows\System32\Wbem;C:\Windows\System32\WindowsPowerShell\v1.0\;C:\Program Files (x86)\QuickTime\QTSystem\;C:\Program Files\TortoiseSVN\bin;C:\Gradle\gradle-1.6\bin;;C:\eclipse;
USERNAME=Rig
OS=Windows_NT
PROCESSOR_IDENTIFIER=AMD64 Family 21 Model 2 Stepping 0, AuthenticAMD



---------------  S Y S T E M  ---------------

OS: Windows 7 , 64 bit Build 7601 Service Pack 1

CPU:total 6 (6 cores per cpu, 1 threads per core) family 21 model 2 stepping 0, cmov, cx8, fxsr, mmx, sse, sse2, sse3, ssse3, sse4.1, sse4.2, popcnt, avx, mmxext, 3dnowpref, lzcnt, sse4a, tsc, tscinvbit, tscinv

Memory: 4k page, physical 8287832k(4775180k free), swap 16573804k(11634092k free)

vm_info: Java HotSpot(TM) Client VM (23.25-b01) for windows-x86 JRE (1.7.0_25-b17), built on Jun 21 2013 13:06:48 by "java_re" with unknown MS VC++:1600

time: Sat Oct 12 17:24:48 2013
elapsed time: 338 seconds

