#
# A fatal error has been detected by the Java Runtime Environment:
#
#  EXCEPTION_ACCESS_VIOLATION (0xc0000005) at pc=0x76869b60, pid=6108, tid=3624
#
# JRE version: 7.0_25-b17
# Java VM: Java HotSpot(TM) Client VM (23.25-b01 mixed mode, sharing windows-x86 )
# Problematic frame:
# C  [msvcrt.dll+0x9b60]
#
# Failed to write core dump. Minidumps are not enabled by default on client versions of Windows
#
# If you would like to submit a bug report, please visit:
#   http://bugreport.sun.com/bugreport/crash.jsp
# The crash happened outside the Java Virtual Machine in native code.
# See problematic frame for where to report the bug.
#

---------------  T H R E A D  ---------------

Current thread (0x04a6a800):  JavaThread "LWJGL Application" [_thread_in_native, id=3624, stack(0x05d50000,0x05da0000)]

siginfo: ExceptionCode=0xc0000005, writing address 0x00000000

Registers:
EAX=0x245e3b6c, EBX=0x04a6a928, ECX=0x00000050, EDX=0x00000000
ESP=0x05d9f1d0, EBP=0x05d9f1d8, ESI=0x245e3a2c, EDI=0x00000000
EIP=0x76869b60, EFLAGS=0x00010216

Top of Stack: (sp=0x05d9f1d0)
0x05d9f1d0:   05d9f228 245e3a2c 00000000 6ceeab5d
0x05d9f1e0:   00000000 245e3a2c 00000140 00000000
0x05d9f1f0:   07e80d78 00000000 00000040 245e2ad8
0x05d9f200:   05d9f230 04a6a800 05d9f248 025ed619
0x05d9f210:   04a6a928 05d9f230 05d9f228 05d9f22c
0x05d9f220:   00000050 00000000 245e3a20 245e2ad8
0x05d9f230:   299ff048 05d9f250 00000de1 0000000d
0x05d9f240:   5234a230 00000000 05d9f55c 025edcd8 

Instructions: (pc=0x76869b60)
0x76869b40:   8b 45 08 5e 5f c9 c3 8a 46 03 88 47 03 8a 46 02
0x76869b50:   88 47 02 8a 46 01 88 47 01 8b 45 08 5e 5f c9 c3
0x76869b60:   f3 a5 ff 24 95 b8 99 86 76 8a 06 88 07 8a 46 01
0x76869b70:   88 47 01 8b 45 08 5e 5f c9 c3 83 3d 44 00 90 76 


Register to memory mapping:

EAX=
[error occurred during error reporting (printing register info), id 0xc0000005]

Stack: [0x05d50000,0x05da0000],  sp=0x05d9f1d0,  free space=316k
Native frames: (J=compiled Java code, j=interpreted, Vv=VM code, C=native code)
C  [msvcrt.dll+0x9b60]

Java frames: (J=compiled Java code, j=interpreted, Vv=VM code)
J  com.badlogic.gdx.utils.BufferUtils.copyJni([FLjava/nio/Buffer;II)V
J  com.badlogic.gdx.utils.BufferUtils.copy([FLjava/nio/Buffer;II)V
J  com.badlogic.gdx.graphics.g2d.SpriteBatch.renderMesh()V
J  com.badlogic.gdx.scenes.scene2d.Group.drawChildren(Lcom/badlogic/gdx/graphics/g2d/SpriteBatch;F)V
J  com.badlogic.gdx.scenes.scene2d.Stage.draw()V
J  com.me.mygdxgame.WorldRenderer.render()V
J  com.me.mygdxgame.GameScreen.render(F)V
J  com.badlogic.gdx.Game.render()V
j  com.badlogic.gdx.backends.lwjgl.LwjglApplication.mainLoop()V+491
j  com.badlogic.gdx.backends.lwjgl.LwjglApplication$1.run()V+27
v  ~StubRoutines::call_stub

---------------  P R O C E S S  ---------------

Java Threads: ( => current thread )
  0x07e80000 JavaThread "LWJGL Timer" daemon [_thread_blocked, id=3364, stack(0x086b0000,0x08700000)]
  0x00f2ac00 JavaThread "DestroyJavaVM" [_thread_blocked, id=6120, stack(0x005e0000,0x00630000)]
=>0x04a6a800 JavaThread "LWJGL Application" [_thread_in_native, id=3624, stack(0x05d50000,0x05da0000)]
  0x0100e800 JavaThread "Service Thread" daemon [_thread_blocked, id=5308, stack(0x048f0000,0x04940000)]
  0x01009800 JavaThread "C1 CompilerThread0" daemon [_thread_blocked, id=6112, stack(0x04660000,0x046b0000)]
  0x01008000 JavaThread "Attach Listener" daemon [_thread_blocked, id=1116, stack(0x04730000,0x04780000)]
  0x01005000 JavaThread "Signal Dispatcher" daemon [_thread_blocked, id=6036, stack(0x045c0000,0x04610000)]
  0x00ff4000 JavaThread "Finalizer" daemon [_thread_blocked, id=5140, stack(0x00d60000,0x00db0000)]
  0x00fef400 JavaThread "Reference Handler" daemon [_thread_blocked, id=5984, stack(0x04610000,0x04660000)]

Other Threads:
  0x00fed800 VMThread [stack: 0x00640000,0x00690000] [id=6128]
  0x01028c00 WatcherThread [stack: 0x04950000,0x049a0000] [id=5220]

VM state:not at safepoint (normal execution)

VM Mutex/Monitor currently owned by a thread: None

Heap
 def new generation   total 4928K, used 3570K [0x242c0000, 0x24810000, 0x29810000)
  eden space 4416K,  74% used [0x242c0000, 0x245fa1a0, 0x24710000)
  from space 512K,  51% used [0x24710000, 0x24752720, 0x24790000)
  to   space 512K,   0% used [0x24790000, 0x24790000, 0x24810000)
 tenured generation   total 10944K, used 9565K [0x29810000, 0x2a2c0000, 0x342c0000)
   the space 10944K,  87% used [0x29810000, 0x2a1675b0, 0x2a167600, 0x2a2c0000)
 compacting perm gen  total 12288K, used 1885K [0x342c0000, 0x34ec0000, 0x382c0000)
   the space 12288K,  15% used [0x342c0000, 0x34497610, 0x34497800, 0x34ec0000)
    ro space 10240K,  42% used [0x382c0000, 0x38704240, 0x38704400, 0x38cc0000)
    rw space 12288K,  54% used [0x38cc0000, 0x39344d58, 0x39344e00, 0x398c0000)

Card table byte_map: [0x003e0000,0x00490000] byte_map_base: 0x002bea00

Polling page: 0x00180000

Code Cache  [0x02510000, 0x02678000, 0x04510000)
 total_blobs=815 nmethods=576 adapters=174 free_code_cache=31355Kb largest_free_block=32107584

Compilation events (10 events):
Event: 48.421 Thread 0x01009800  572             com.badlogic.gdx.graphics.glutils.IndexArray::setIndices (48 bytes)
Event: 48.422 Thread 0x01009800 nmethod 572 0x0266a0c8 code [0x0266a1f0, 0x0266a324]
Event: 48.437 Thread 0x01009800  573             com.badlogic.gdx.graphics.glutils.IndexArray::<init> (42 bytes)
Event: 48.437 Thread 0x01009800 nmethod 573 0x0266a488 code [0x0266a5a0, 0x0266a6a8]
Event: 50.554 Thread 0x01009800  574             com.badlogic.gdx.graphics.Mesh::<init> (137 bytes)
Event: 50.555 Thread 0x01009800 nmethod 574 0x0266a788 code [0x0266a910, 0x0266ad60]
Event: 50.555 Thread 0x01009800  575             com.badlogic.gdx.graphics.Mesh::addManagedMesh (45 bytes)
Event: 50.555 Thread 0x01009800 nmethod 575 0x0266b148 code [0x0266b280, 0x0266b410]
Event: 233.958 Thread 0x01009800    1 % !         com.badlogic.gdx.backends.lwjgl.LwjglApplication::mainLoop @ 86 (660 bytes)
Event: 233.964 Thread 0x01009800 nmethod 1% 0x0266b508 code [0x0266bbf0, 0x0266de10]

GC Heap History (10 events):
Event: 289.241 GC heap before
{Heap before GC invocations=373 (full 0):
 def new generation   total 4928K, used 4682K [0x242c0000, 0x24810000, 0x29810000)
  eden space 4416K, 100% used [0x242c0000, 0x24710000, 0x24710000)
  from space 512K,  52% used [0x24790000, 0x247d2918, 0x24810000)
  to   space 512K,   0% used [0x24710000, 0x24710000, 0x24790000)
 tenured generation   total 10944K, used 9482K [0x29810000, 0x2a2c0000, 0x342c0000)
   the space 10944K,  86% used [0x29810000, 0x2a152aa8, 0x2a152c00, 0x2a2c0000)
 compacting perm gen  total 12288K, used 1885K [0x342c0000, 0x34ec0000, 0x382c0000)
   the space 12288K,  15% used [0x342c0000, 0x34497610, 0x34497800, 0x34ec0000)
    ro space 10240K,  42% used [0x382c0000, 0x38704240, 0x38704400, 0x38cc0000)
    rw space 12288K,  54% used [0x38cc0000, 0x39344d58, 0x39344e00, 0x398c0000)
Event: 289.242 GC heap after
Heap after GC invocations=374 (full 0):
 def new generation   total 4928K, used 265K [0x242c0000, 0x24810000, 0x29810000)
  eden space 4416K,   0% used [0x242c0000, 0x242c0000, 0x24710000)
  from space 512K,  51% used [0x24710000, 0x24752720, 0x24790000)
  to   space 512K,   0% used [0x24790000, 0x24790000, 0x24810000)
 tenured generation   total 10944K, used 9499K [0x29810000, 0x2a2c0000, 0x342c0000)
   the space 10944K,  86% used [0x29810000, 0x2a156db0, 0x2a156e00, 0x2a2c0000)
 compacting perm gen  total 12288K, used 1885K [0x342c0000, 0x34ec0000, 0x382c0000)
   the space 12288K,  15% used [0x342c0000, 0x34497610, 0x34497800, 0x34ec0000)
    ro space 10240K,  42% used [0x382c0000, 0x38704240, 0x38704400, 0x38cc0000)
    rw space 12288K,  54% used [0x38cc0000, 0x39344d58, 0x39344e00, 0x398c0000)
}
Event: 289.975 GC heap before
{Heap before GC invocations=374 (full 0):
 def new generation   total 4928K, used 4681K [0x242c0000, 0x24810000, 0x29810000)
  eden space 4416K, 100% used [0x242c0000, 0x24710000, 0x24710000)
  from space 512K,  51% used [0x24710000, 0x24752720, 0x24790000)
  to   space 512K,   0% used [0x24790000, 0x24790000, 0x24810000)
 tenured generation   total 10944K, used 9499K [0x29810000, 0x2a2c0000, 0x342c0000)
   the space 10944K,  86% used [0x29810000, 0x2a156db0, 0x2a156e00, 0x2a2c0000)
 compacting perm gen  total 12288K, used 1885K [0x342c0000, 0x34ec0000, 0x382c0000)
   the space 12288K,  15% used [0x342c0000, 0x34497610, 0x34497800, 0x34ec0000)
    ro space 10240K,  42% used [0x382c0000, 0x38704240, 0x38704400, 0x38cc0000)
    rw space 12288K,  54% used [0x38cc0000, 0x39344d58, 0x39344e00, 0x398c0000)
Event: 289.976 GC heap after
Heap after GC invocations=375 (full 0):
 def new generation   total 4928K, used 266K [0x242c0000, 0x24810000, 0x29810000)
  eden space 4416K,   0% used [0x242c0000, 0x242c0000, 0x24710000)
  from space 512K,  52% used [0x24790000, 0x247d2918, 0x24810000)
  to   space 512K,   0% used [0x24710000, 0x24710000, 0x24790000)
 tenured generation   total 10944K, used 9515K [0x29810000, 0x2a2c0000, 0x342c0000)
   the space 10944K,  86% used [0x29810000, 0x2a15aea8, 0x2a15b000, 0x2a2c0000)
 compacting perm gen  total 12288K, used 1885K [0x342c0000, 0x34ec0000, 0x382c0000)
   the space 12288K,  15% used [0x342c0000, 0x34497610, 0x34497800, 0x34ec0000)
    ro space 10240K,  42% used [0x382c0000, 0x38704240, 0x38704400, 0x38cc0000)
    rw space 12288K,  54% used [0x38cc0000, 0x39344d58, 0x39344e00, 0x398c0000)
}
Event: 290.708 GC heap before
{Heap before GC invocations=375 (full 0):
 def new generation   total 4928K, used 4682K [0x242c0000, 0x24810000, 0x29810000)
  eden space 4416K, 100% used [0x242c0000, 0x24710000, 0x24710000)
  from space 512K,  52% used [0x24790000, 0x247d2918, 0x24810000)
  to   space 512K,   0% used [0x24710000, 0x24710000, 0x24790000)
 tenured generation   total 10944K, used 9515K [0x29810000, 0x2a2c0000, 0x342c0000)
   the space 10944K,  86% used [0x29810000, 0x2a15aea8, 0x2a15b000, 0x2a2c0000)
 compacting perm gen  total 12288K, used 1885K [0x342c0000, 0x34ec0000, 0x382c0000)
   the space 12288K,  15% used [0x342c0000, 0x34497610, 0x34497800, 0x34ec0000)
    ro space 10240K,  42% used [0x382c0000, 0x38704240, 0x38704400, 0x38cc0000)
    rw space 12288K,  54% used [0x38cc0000, 0x39344d58, 0x39344e00, 0x398c0000)
Event: 290.710 GC heap after
Heap after GC invocations=376 (full 0):
 def new generation   total 4928K, used 265K [0x242c0000, 0x24810000, 0x29810000)
  eden space 4416K,   0% used [0x242c0000, 0x242c0000, 0x24710000)
  from space 512K,  51% used [0x24710000, 0x24752720, 0x24790000)
  to   space 512K,   0% used [0x24790000, 0x24790000, 0x24810000)
 tenured generation   total 10944K, used 9532K [0x29810000, 0x2a2c0000, 0x342c0000)
   the space 10944K,  87% used [0x29810000, 0x2a15f1b0, 0x2a15f200, 0x2a2c0000)
 compacting perm gen  total 12288K, used 1885K [0x342c0000, 0x34ec0000, 0x382c0000)
   the space 12288K,  15% used [0x342c0000, 0x34497610, 0x34497800, 0x34ec0000)
    ro space 10240K,  42% used [0x382c0000, 0x38704240, 0x38704400, 0x38cc0000)
    rw space 12288K,  54% used [0x38cc0000, 0x39344d58, 0x39344e00, 0x398c0000)
}
Event: 291.441 GC heap before
{Heap before GC invocations=376 (full 0):
 def new generation   total 4928K, used 4681K [0x242c0000, 0x24810000, 0x29810000)
  eden space 4416K, 100% used [0x242c0000, 0x24710000, 0x24710000)
  from space 512K,  51% used [0x24710000, 0x24752720, 0x24790000)
  to   space 512K,   0% used [0x24790000, 0x24790000, 0x24810000)
 tenured generation   total 10944K, used 9532K [0x29810000, 0x2a2c0000, 0x342c0000)
   the space 10944K,  87% used [0x29810000, 0x2a15f1b0, 0x2a15f200, 0x2a2c0000)
 compacting perm gen  total 12288K, used 1885K [0x342c0000, 0x34ec0000, 0x382c0000)
   the space 12288K,  15% used [0x342c0000, 0x34497610, 0x34497800, 0x34ec0000)
    ro space 10240K,  42% used [0x382c0000, 0x38704240, 0x38704400, 0x38cc0000)
    rw space 12288K,  54% used [0x38cc0000, 0x39344d58, 0x39344e00, 0x398c0000)
Event: 291.442 GC heap after
Heap after GC invocations=377 (full 0):
 def new generation   total 4928K, used 266K [0x242c0000, 0x24810000, 0x29810000)
  eden space 4416K,   0% used [0x242c0000, 0x242c0000, 0x24710000)
  from space 512K,  52% used [0x24790000, 0x247d2918, 0x24810000)
  to   space 512K,   0% used [0x24710000, 0x24710000, 0x24790000)
 tenured generation   total 10944K, used 9548K [0x29810000, 0x2a2c0000, 0x342c0000)
   the space 10944K,  87% used [0x29810000, 0x2a1632a8, 0x2a163400, 0x2a2c0000)
 compacting perm gen  total 12288K, used 1885K [0x342c0000, 0x34ec0000, 0x382c0000)
   the space 12288K,  15% used [0x342c0000, 0x34497610, 0x34497800, 0x34ec0000)
    ro space 10240K,  42% used [0x382c0000, 0x38704240, 0x38704400, 0x38cc0000)
    rw space 12288K,  54% used [0x38cc0000, 0x39344d58, 0x39344e00, 0x398c0000)
}
Event: 292.175 GC heap before
{Heap before GC invocations=377 (full 0):
 def new generation   total 4928K, used 4682K [0x242c0000, 0x24810000, 0x29810000)
  eden space 4416K, 100% used [0x242c0000, 0x24710000, 0x24710000)
  from space 512K,  52% used [0x24790000, 0x247d2918, 0x24810000)
  to   space 512K,   0% used [0x24710000, 0x24710000, 0x24790000)
 tenured generation   total 10944K, used 9548K [0x29810000, 0x2a2c0000, 0x342c0000)
   the space 10944K,  87% used [0x29810000, 0x2a1632a8, 0x2a163400, 0x2a2c0000)
 compacting perm gen  total 12288K, used 1885K [0x342c0000, 0x34ec0000, 0x382c0000)
   the space 12288K,  15% used [0x342c0000, 0x34497610, 0x34497800, 0x34ec0000)
    ro space 10240K,  42% used [0x382c0000, 0x38704240, 0x38704400, 0x38cc0000)
    rw space 12288K,  54% used [0x38cc0000, 0x39344d58, 0x39344e00, 0x398c0000)
Event: 292.177 GC heap after
Heap after GC invocations=378 (full 0):
 def new generation   total 4928K, used 265K [0x242c0000, 0x24810000, 0x29810000)
  eden space 4416K,   0% used [0x242c0000, 0x242c0000, 0x24710000)
  from space 512K,  51% used [0x24710000, 0x24752720, 0x24790000)
  to   space 512K,   0% used [0x24790000, 0x24790000, 0x24810000)
 tenured generation   total 10944K, used 9565K [0x29810000, 0x2a2c0000, 0x342c0000)
   the space 10944K,  87% used [0x29810000, 0x2a1675b0, 0x2a167600, 0x2a2c0000)
 compacting perm gen  total 12288K, used 1885K [0x342c0000, 0x34ec0000, 0x382c0000)
   the space 12288K,  15% used [0x342c0000, 0x34497610, 0x34497800, 0x34ec0000)
    ro space 10240K,  42% used [0x382c0000, 0x38704240, 0x38704400, 0x38cc0000)
    rw space 12288K,  54% used [0x38cc0000, 0x39344d58, 0x39344e00, 0x398c0000)
}

Deoptimization events (0 events):
No events

Internal exceptions (10 events):
Event: 0.685 Thread 0x04a6a800 Threw 0x245c2748 at C:\jdk7u2_32P\jdk7u25\hotspot\src\share\vm\prims\jvm.cpp:1235
Event: 0.686 Thread 0x04a6a800 Threw 0x245df958 at C:\jdk7u2_32P\jdk7u25\hotspot\src\share\vm\prims\jvm.cpp:1235
Event: 0.687 Thread 0x04a6a800 Threw 0x245e3828 at C:\jdk7u2_32P\jdk7u25\hotspot\src\share\vm\prims\jvm.cpp:1235
Event: 0.689 Thread 0x04a6a800 Threw 0x245ebf78 at C:\jdk7u2_32P\jdk7u25\hotspot\src\share\vm\prims\jvm.cpp:1235
Event: 0.692 Thread 0x04a6a800 Threw 0x245f4278 at C:\jdk7u2_32P\jdk7u25\hotspot\src\share\vm\prims\jvm.cpp:1235
Event: 0.694 Thread 0x04a6a800 Threw 0x24608698 at C:\jdk7u2_32P\jdk7u25\hotspot\src\share\vm\prims\jvm.cpp:1235
Event: 0.701 Thread 0x04a6a800 Threw 0x24613238 at C:\jdk7u2_32P\jdk7u25\hotspot\src\share\vm\prims\jvm.cpp:1235
Event: 0.712 Thread 0x04a6a800 Threw 0x24621158 at C:\jdk7u2_32P\jdk7u25\hotspot\src\share\vm\prims\jvm.cpp:1235
Event: 0.714 Thread 0x04a6a800 Threw 0x246247e0 at C:\jdk7u2_32P\jdk7u25\hotspot\src\share\vm\prims\jvm.cpp:1235
Event: 0.716 Thread 0x04a6a800 Threw 0x24627948 at C:\jdk7u2_32P\jdk7u25\hotspot\src\share\vm\prims\jvm.cpp:1235

Events (10 events):
Event: 289.241 Executing VM operation: GenCollectForAllocation
Event: 289.243 Executing VM operation: GenCollectForAllocation done
Event: 289.975 Executing VM operation: GenCollectForAllocation
Event: 289.976 Executing VM operation: GenCollectForAllocation done
Event: 290.708 Executing VM operation: GenCollectForAllocation
Event: 290.710 Executing VM operation: GenCollectForAllocation done
Event: 291.441 Executing VM operation: GenCollectForAllocation
Event: 291.443 Executing VM operation: GenCollectForAllocation done
Event: 292.175 Executing VM operation: GenCollectForAllocation
Event: 292.177 Executing VM operation: GenCollectForAllocation done


Dynamic libraries:
0x010e0000 - 0x0110f000 	C:\Program Files (x86)\Java\jre7\bin\javaw.exe
0x773a0000 - 0x77520000 	C:\Windows\SysWOW64\ntdll.dll
0x74e50000 - 0x74f60000 	C:\Windows\syswow64\kernel32.dll
0x76810000 - 0x76857000 	C:\Windows\syswow64\KERNELBASE.dll
0x759f0000 - 0x75a90000 	C:\Windows\syswow64\ADVAPI32.dll
0x76860000 - 0x7690c000 	C:\Windows\syswow64\msvcrt.dll
0x75460000 - 0x75479000 	C:\Windows\SysWOW64\sechost.dll
0x76ac0000 - 0x76bb0000 	C:\Windows\syswow64\RPCRT4.dll
0x74df0000 - 0x74e50000 	C:\Windows\syswow64\SspiCli.dll
0x74de0000 - 0x74dec000 	C:\Windows\syswow64\CRYPTBASE.dll
0x76710000 - 0x76810000 	C:\Windows\syswow64\USER32.dll
0x75840000 - 0x758d0000 	C:\Windows\syswow64\GDI32.dll
0x75aa0000 - 0x75aaa000 	C:\Windows\syswow64\LPK.dll
0x75320000 - 0x753bd000 	C:\Windows\syswow64\USP10.dll
0x73fe0000 - 0x7417e000 	C:\Windows\WinSxS\x86_microsoft.windows.common-controls_6595b64144ccf1df_6.0.7601.17514_none_41e6975e2bd6f2b2\COMCTL32.dll
0x75400000 - 0x75457000 	C:\Windows\syswow64\SHLWAPI.dll
0x74f80000 - 0x74fe0000 	C:\Windows\system32\IMM32.DLL
0x75080000 - 0x7514c000 	C:\Windows\syswow64\MSCTF.dll
0x55b60000 - 0x55c1e000 	C:\Program Files (x86)\Java\jre7\bin\msvcr100.dll
0x55690000 - 0x559d2000 	C:\Program Files (x86)\Java\jre7\bin\client\jvm.dll
0x73af0000 - 0x73af7000 	C:\Windows\system32\WSOCK32.dll
0x76db0000 - 0x76de5000 	C:\Windows\syswow64\WS2_32.dll
0x74f70000 - 0x74f76000 	C:\Windows\syswow64\NSI.dll
0x71a50000 - 0x71a82000 	C:\Windows\system32\WINMM.dll
0x75a90000 - 0x75a95000 	C:\Windows\syswow64\PSAPI.DLL
0x56100000 - 0x5610c000 	C:\Program Files (x86)\Java\jre7\bin\verify.dll
0x560e0000 - 0x56100000 	C:\Program Files (x86)\Java\jre7\bin\java.dll
0x560c0000 - 0x560d3000 	C:\Program Files (x86)\Java\jre7\bin\zip.dll
0x6cec0000 - 0x6cf3f000 	C:\Users\Rig\AppData\Local\Temp\libgdxRig\3406029919\gdx.dll
0x10000000 - 0x1004c000 	C:\Users\Rig\AppData\Local\Temp\libgdxRig\658158746\lwjgl.dll
0x6c5b0000 - 0x6c678000 	C:\Windows\system32\OPENGL32.dll
0x6d7c0000 - 0x6d7e2000 	C:\Windows\system32\GLU32.dll
0x6ecb0000 - 0x6ed97000 	C:\Windows\system32\DDRAW.dll
0x6eca0000 - 0x6eca6000 	C:\Windows\system32\DCIMAN32.dll
0x756a0000 - 0x7583d000 	C:\Windows\syswow64\SETUPAPI.dll
0x753d0000 - 0x753f7000 	C:\Windows\syswow64\CFGMGR32.dll
0x74ff0000 - 0x7507f000 	C:\Windows\syswow64\OLEAUT32.dll
0x76df0000 - 0x76f4c000 	C:\Windows\syswow64\ole32.dll
0x76f80000 - 0x76f92000 	C:\Windows\syswow64\DEVOBJ.dll
0x72720000 - 0x72733000 	C:\Windows\system32\dwmapi.dll
0x74d10000 - 0x74d19000 	C:\Windows\system32\VERSION.dll
0x04ba0000 - 0x04c07000 	C:\Users\Rig\AppData\Local\Temp\libgdxRig\658158746\OpenAL32.dll
0x75ab0000 - 0x766fa000 	C:\Windows\syswow64\SHELL32.dll
0x72740000 - 0x727c0000 	C:\Windows\system32\uxtheme.dll
0x72850000 - 0x728a8000 	C:\Program Files (x86)\Common Files\microsoft shared\ink\tiptsf.dll
0x75960000 - 0x759e3000 	C:\Windows\syswow64\CLBCatQ.DLL
0x72620000 - 0x72715000 	C:\Windows\System32\PROPSYS.dll
0x75930000 - 0x7595e000 	C:\Windows\syswow64\WINTRUST.dll
0x76910000 - 0x76a30000 	C:\Windows\syswow64\CRYPT32.dll
0x74f60000 - 0x74f6c000 	C:\Windows\syswow64\MSASN1.dll
0x73d60000 - 0x73dd2000 	C:\Windows\system32\dsound.dll
0x73220000 - 0x73245000 	C:\Windows\system32\POWRPROF.dll
0x6ec60000 - 0x6ec99000 	C:\Windows\System32\MMDevApi.dll
0x6eb80000 - 0x6ebb6000 	C:\Windows\system32\AUDIOSES.DLL
0x51b90000 - 0x52fd9000 	C:\Windows\system32\nvoglv32.DLL
0x74c80000 - 0x74ca1000 	C:\Windows\system32\ntmarta.dll
0x758e0000 - 0x75925000 	C:\Windows\syswow64\WLDAP32.dll
0x74190000 - 0x741cc000 	C:\Windows\system32\oleacc.dll
0x6dd40000 - 0x6ddb9000 	C:\Windows\system32\mscms.dll
0x719e0000 - 0x719f7000 	C:\Windows\system32\USERENV.dll
0x719d0000 - 0x719db000 	C:\Windows\system32\profapi.dll
0x57860000 - 0x57898000 	C:\Windows\system32\icm32.dll

VM Arguments:
jvm_args: -Dfile.encoding=Cp1252 
java_command: com.me.mygdxgame.Main
Launcher Type: SUN_STANDARD

Environment Variables:
CLASSPATH=.;C:\Program Files (x86)\Java\jre7\lib\ext\QTJava.zip
PATH=C:/Program Files (x86)/Java/jre7/bin/client;C:/Program Files (x86)/Java/jre7/bin;C:/Program Files (x86)/Java/jre7/lib/i386;C:\Program Files (x86)\NVIDIA Corporation\PhysX\Common;C:\Windows\system32;C:\Windows;C:\Windows\System32\Wbem;C:\Windows\System32\WindowsPowerShell\v1.0\;C:\Program Files (x86)\QuickTime\QTSystem\;C:\Program Files\TortoiseSVN\bin;C:\Gradle\gradle-1.7\bin;;C:\eclipse;
USERNAME=Rig
OS=Windows_NT
PROCESSOR_IDENTIFIER=AMD64 Family 21 Model 2 Stepping 0, AuthenticAMD



---------------  S Y S T E M  ---------------

OS: Windows 7 , 64 bit Build 7601 Service Pack 1

CPU:total 6 (6 cores per cpu, 1 threads per core) family 21 model 2 stepping 0, cmov, cx8, fxsr, mmx, sse, sse2, sse3, ssse3, sse4.1, sse4.2, popcnt, avx, mmxext, 3dnowpref, lzcnt, sse4a, tsc, tscinvbit, tscinv

Memory: 4k page, physical 8287832k(5171616k free), swap 16573804k(11919604k free)

vm_info: Java HotSpot(TM) Client VM (23.25-b01) for windows-x86 JRE (1.7.0_25-b17), built on Jun 21 2013 13:06:48 by "java_re" with unknown MS VC++:1600

time: Sat Sep 14 21:33:03 2013
elapsed time: 292 seconds

