#
# A fatal error has been detected by the Java Runtime Environment:
#
#  EXCEPTION_ACCESS_VIOLATION (0xc0000005) at pc=0x75109b60, pid=1896, tid=5212
#
# JRE version: 7.0_25-b17
# Java VM: Java HotSpot(TM) Client VM (23.25-b01 mixed mode, sharing windows-x86 )
# Problematic frame:
# C  [msvcrt.dll+0x9b60]
#
# Failed to write core dump. Minidumps are not enabled by default on client versions of Windows
#
# If you would like to submit a bug report, please visit:
#   http://bugreport.sun.com/bugreport/crash.jsp
# The crash happened outside the Java Virtual Machine in native code.
# See problematic frame for where to report the bug.
#

---------------  T H R E A D  ---------------

Current thread (0x049edc00):  JavaThread "LWJGL Application" [_thread_in_native, id=5212, stack(0x05170000,0x051c0000)]

siginfo: ExceptionCode=0xc0000005, writing address 0x00000000

Registers:
EAX=0x243ede3c, EBX=0x049edd28, ECX=0x00000050, EDX=0x00000000
ESP=0x051bf5c0, EBP=0x051bf5c8, ESI=0x243edcfc, EDI=0x00000000
EIP=0x75109b60, EFLAGS=0x00010216

Top of Stack: (sp=0x051bf5c0)
0x051bf5c0:   051bf618 243edcfc 00000000 6ceeab5d
0x051bf5d0:   00000000 243edcfc 00000140 00000000
0x051bf5e0:   07e86708 00000000 00000040 243ec618
0x051bf5f0:   051bf620 049edc00 051bf638 0262abd9
0x051bf600:   049edd28 051bf620 051bf618 051bf61c
0x051bf610:   00000050 00000000 243edcf0 243ec618
0x051bf620:   299dfc78 051bf640 00000de1 0000000d
0x051bf630:   534ca230 00000000 051bf97c 0262ae18 

Instructions: (pc=0x75109b60)
0x75109b40:   8b 45 08 5e 5f c9 c3 8a 46 03 88 47 03 8a 46 02
0x75109b50:   88 47 02 8a 46 01 88 47 01 8b 45 08 5e 5f c9 c3
0x75109b60:   f3 a5 ff 24 95 b8 99 10 75 8a 06 88 07 8a 46 01
0x75109b70:   88 47 01 8b 45 08 5e 5f c9 c3 83 3d 44 00 1a 75 


Register to memory mapping:

EAX=0x243ede3c is an oop
[F 
 - klass: {type array float}
 - length: 20000
EBX=0x049edd28 is an unknown value
ECX=0x00000050 is an unknown value
EDX=0x00000000 is an unknown value
ESP=0x051bf5c0 is pointing into the stack for thread: 0x049edc00
EBP=0x051bf5c8 is pointing into the stack for thread: 0x049edc00
ESI=0x243edcfc is an oop
[F 
 - klass: {type array float}
 - length: 20000
EDI=0x00000000 is an unknown value


Stack: [0x05170000,0x051c0000],  sp=0x051bf5c0,  free space=317k
Native frames: (J=compiled Java code, j=interpreted, Vv=VM code, C=native code)
C  [msvcrt.dll+0x9b60]

Java frames: (J=compiled Java code, j=interpreted, Vv=VM code)
J  com.badlogic.gdx.utils.BufferUtils.copyJni([FLjava/nio/Buffer;II)V
J  com.badlogic.gdx.utils.BufferUtils.copy([FLjava/nio/Buffer;II)V
J  com.badlogic.gdx.graphics.g2d.SpriteBatch.renderMesh()V
J  com.badlogic.gdx.scenes.scene2d.Group.drawChildren(Lcom/badlogic/gdx/graphics/g2d/SpriteBatch;F)V
J  com.badlogic.gdx.scenes.scene2d.Group.draw(Lcom/badlogic/gdx/graphics/g2d/SpriteBatch;F)V
J  com.badlogic.gdx.scenes.scene2d.Stage.draw()V
J  com.me.mygdxgame.WorldRenderer.render()V
J  com.me.mygdxgame.Hole1Screen.render(F)V
J  com.badlogic.gdx.Game.render()V
j  com.badlogic.gdx.backends.lwjgl.LwjglApplication.mainLoop()V+491
j  com.badlogic.gdx.backends.lwjgl.LwjglApplication$1.run()V+27
v  ~StubRoutines::call_stub

---------------  P R O C E S S  ---------------

Java Threads: ( => current thread )
  0x07e7c400 JavaThread "LWJGL Timer" daemon [_thread_blocked, id=1420, stack(0x084f0000,0x08540000)]
  0x0028ac00 JavaThread "DestroyJavaVM" [_thread_blocked, id=5960, stack(0x00530000,0x00580000)]
=>0x049edc00 JavaThread "LWJGL Application" [_thread_in_native, id=5212, stack(0x05170000,0x051c0000)]
  0x00779c00 JavaThread "Service Thread" daemon [_thread_blocked, id=5508, stack(0x048d0000,0x04920000)]
  0x00769000 JavaThread "C1 CompilerThread0" daemon [_thread_blocked, id=5512, stack(0x046d0000,0x04720000)]
  0x00767c00 JavaThread "Attach Listener" daemon [_thread_blocked, id=5248, stack(0x04850000,0x048a0000)]
  0x00764800 JavaThread "Signal Dispatcher" daemon [_thread_blocked, id=5240, stack(0x04800000,0x04850000)]
  0x00750c00 JavaThread "Finalizer" daemon [_thread_blocked, id=5244, stack(0x04610000,0x04660000)]
  0x0074f400 JavaThread "Reference Handler" daemon [_thread_blocked, id=5952, stack(0x00fd0000,0x01020000)]

Other Threads:
  0x0074d800 VMThread [stack: 0x010b0000,0x01100000] [id=1060]
  0x0078b400 WatcherThread [stack: 0x04580000,0x045d0000] [id=1936]

VM state:not at safepoint (normal execution)

VM Mutex/Monitor currently owned by a thread: None

Heap
 def new generation   total 4928K, used 1563K [0x242c0000, 0x24810000, 0x29810000)
  eden space 4416K,  29% used [0x242c0000, 0x24404470, 0x24710000)
  from space 512K,  51% used [0x24710000, 0x24752810, 0x24790000)
  to   space 512K,   0% used [0x24790000, 0x24790000, 0x24810000)
 tenured generation   total 10944K, used 9839K [0x29810000, 0x2a2c0000, 0x342c0000)
   the space 10944K,  89% used [0x29810000, 0x2a1abeb8, 0x2a1ac000, 0x2a2c0000)
 compacting perm gen  total 12288K, used 2297K [0x342c0000, 0x34ec0000, 0x382c0000)
   the space 12288K,  18% used [0x342c0000, 0x344fe6b0, 0x344fe800, 0x34ec0000)
    ro space 10240K,  42% used [0x382c0000, 0x38704240, 0x38704400, 0x38cc0000)
    rw space 12288K,  54% used [0x38cc0000, 0x39344d58, 0x39344e00, 0x398c0000)

Card table byte_map: [0x00e50000,0x00f00000] byte_map_base: 0x00d2ea00

Polling page: 0x00130000

Code Cache  [0x02540000, 0x026a0000, 0x04540000)
 total_blobs=826 nmethods=578 adapters=183 free_code_cache=31374Kb largest_free_block=32127296

Compilation events (10 events):
Event: 44.644 Thread 0x00769000  574             com.badlogic.gdx.graphics.glutils.IndexArray::<init> (42 bytes)
Event: 44.644 Thread 0x00769000 nmethod 574 0x02696388 code [0x026964a0, 0x026965a8]
Event: 44.644 Thread 0x00769000  575             com.badlogic.gdx.graphics.glutils.IndexArray::setIndices (48 bytes)
Event: 44.645 Thread 0x00769000 nmethod 575 0x02696688 code [0x026967b0, 0x026968e4]
Event: 45.777 Thread 0x00769000  576             java.lang.ThreadLocal::getMap (5 bytes)
Event: 45.778 Thread 0x00769000 nmethod 576 0x02696a48 code [0x02696b40, 0x02696bc0]
Event: 45.961 Thread 0x00769000  577             java.lang.ThreadLocal::get (34 bytes)
Event: 45.961 Thread 0x00769000 nmethod 577 0x02696c48 code [0x02696d60, 0x02696e58]
Event: 235.867 Thread 0x00769000    1 % !         com.badlogic.gdx.backends.lwjgl.LwjglApplication::mainLoop @ 86 (660 bytes)
Event: 235.878 Thread 0x00769000 nmethod 1% 0x02696f88 code [0x02697660, 0x02699638]

GC Heap History (10 events):
Event: 279.589 GC heap before
{Heap before GC invocations=373 (full 0):
 def new generation   total 4928K, used 4680K [0x242c0000, 0x24810000, 0x29810000)
  eden space 4416K,  99% used [0x242c0000, 0x2470f910, 0x24710000)
  from space 512K,  51% used [0x24790000, 0x247d2810, 0x24810000)
  to   space 512K,   0% used [0x24710000, 0x24710000, 0x24790000)
 tenured generation   total 10944K, used 9757K [0x29810000, 0x2a2c0000, 0x342c0000)
   the space 10944K,  89% used [0x29810000, 0x2a1974b8, 0x2a197600, 0x2a2c0000)
 compacting perm gen  total 12288K, used 2297K [0x342c0000, 0x34ec0000, 0x382c0000)
   the space 12288K,  18% used [0x342c0000, 0x344fe6b0, 0x344fe800, 0x34ec0000)
    ro space 10240K,  42% used [0x382c0000, 0x38704240, 0x38704400, 0x38cc0000)
    rw space 12288K,  54% used [0x38cc0000, 0x39344d58, 0x39344e00, 0x398c0000)
Event: 279.591 GC heap after
Heap after GC invocations=374 (full 0):
 def new generation   total 4928K, used 266K [0x242c0000, 0x24810000, 0x29810000)
  eden space 4416K,   0% used [0x242c0000, 0x242c0000, 0x24710000)
  from space 512K,  51% used [0x24710000, 0x24752810, 0x24790000)
  to   space 512K,   0% used [0x24790000, 0x24790000, 0x24810000)
 tenured generation   total 10944K, used 9773K [0x29810000, 0x2a2c0000, 0x342c0000)
   the space 10944K,  89% used [0x29810000, 0x2a19b6b8, 0x2a19b800, 0x2a2c0000)
 compacting perm gen  total 12288K, used 2297K [0x342c0000, 0x34ec0000, 0x382c0000)
   the space 12288K,  18% used [0x342c0000, 0x344fe6b0, 0x344fe800, 0x34ec0000)
    ro space 10240K,  42% used [0x382c0000, 0x38704240, 0x38704400, 0x38cc0000)
    rw space 12288K,  54% used [0x38cc0000, 0x39344d58, 0x39344e00, 0x398c0000)
}
Event: 280.321 GC heap before
{Heap before GC invocations=374 (full 0):
 def new generation   total 4928K, used 4680K [0x242c0000, 0x24810000, 0x29810000)
  eden space 4416K,  99% used [0x242c0000, 0x2470f910, 0x24710000)
  from space 512K,  51% used [0x24710000, 0x24752810, 0x24790000)
  to   space 512K,   0% used [0x24790000, 0x24790000, 0x24810000)
 tenured generation   total 10944K, used 9773K [0x29810000, 0x2a2c0000, 0x342c0000)
   the space 10944K,  89% used [0x29810000, 0x2a19b6b8, 0x2a19b800, 0x2a2c0000)
 compacting perm gen  total 12288K, used 2297K [0x342c0000, 0x34ec0000, 0x382c0000)
   the space 12288K,  18% used [0x342c0000, 0x344fe6b0, 0x344fe800, 0x34ec0000)
    ro space 10240K,  42% used [0x382c0000, 0x38704240, 0x38704400, 0x38cc0000)
    rw space 12288K,  54% used [0x38cc0000, 0x39344d58, 0x39344e00, 0x398c0000)
Event: 280.323 GC heap after
Heap after GC invocations=375 (full 0):
 def new generation   total 4928K, used 266K [0x242c0000, 0x24810000, 0x29810000)
  eden space 4416K,   0% used [0x242c0000, 0x242c0000, 0x24710000)
  from space 512K,  51% used [0x24790000, 0x247d2810, 0x24810000)
  to   space 512K,   0% used [0x24710000, 0x24710000, 0x24790000)
 tenured generation   total 10944K, used 9790K [0x29810000, 0x2a2c0000, 0x342c0000)
   the space 10944K,  89% used [0x29810000, 0x2a19f8b8, 0x2a19fa00, 0x2a2c0000)
 compacting perm gen  total 12288K, used 2297K [0x342c0000, 0x34ec0000, 0x382c0000)
   the space 12288K,  18% used [0x342c0000, 0x344fe6b0, 0x344fe800, 0x34ec0000)
    ro space 10240K,  42% used [0x382c0000, 0x38704240, 0x38704400, 0x38cc0000)
    rw space 12288K,  54% used [0x38cc0000, 0x39344d58, 0x39344e00, 0x398c0000)
}
Event: 281.054 GC heap before
{Heap before GC invocations=375 (full 0):
 def new generation   total 4928K, used 4680K [0x242c0000, 0x24810000, 0x29810000)
  eden space 4416K,  99% used [0x242c0000, 0x2470f910, 0x24710000)
  from space 512K,  51% used [0x24790000, 0x247d2810, 0x24810000)
  to   space 512K,   0% used [0x24710000, 0x24710000, 0x24790000)
 tenured generation   total 10944K, used 9790K [0x29810000, 0x2a2c0000, 0x342c0000)
   the space 10944K,  89% used [0x29810000, 0x2a19f8b8, 0x2a19fa00, 0x2a2c0000)
 compacting perm gen  total 12288K, used 2297K [0x342c0000, 0x34ec0000, 0x382c0000)
   the space 12288K,  18% used [0x342c0000, 0x344fe6b0, 0x344fe800, 0x34ec0000)
    ro space 10240K,  42% used [0x382c0000, 0x38704240, 0x38704400, 0x38cc0000)
    rw space 12288K,  54% used [0x38cc0000, 0x39344d58, 0x39344e00, 0x398c0000)
Event: 281.056 GC heap after
Heap after GC invocations=376 (full 0):
 def new generation   total 4928K, used 266K [0x242c0000, 0x24810000, 0x29810000)
  eden space 4416K,   0% used [0x242c0000, 0x242c0000, 0x24710000)
  from space 512K,  51% used [0x24710000, 0x24752810, 0x24790000)
  to   space 512K,   0% used [0x24790000, 0x24790000, 0x24810000)
 tenured generation   total 10944K, used 9806K [0x29810000, 0x2a2c0000, 0x342c0000)
   the space 10944K,  89% used [0x29810000, 0x2a1a3ab8, 0x2a1a3c00, 0x2a2c0000)
 compacting perm gen  total 12288K, used 2297K [0x342c0000, 0x34ec0000, 0x382c0000)
   the space 12288K,  18% used [0x342c0000, 0x344fe6b0, 0x344fe800, 0x34ec0000)
    ro space 10240K,  42% used [0x382c0000, 0x38704240, 0x38704400, 0x38cc0000)
    rw space 12288K,  54% used [0x38cc0000, 0x39344d58, 0x39344e00, 0x398c0000)
}
Event: 281.788 GC heap before
{Heap before GC invocations=376 (full 0):
 def new generation   total 4928K, used 4680K [0x242c0000, 0x24810000, 0x29810000)
  eden space 4416K,  99% used [0x242c0000, 0x2470f910, 0x24710000)
  from space 512K,  51% used [0x24710000, 0x24752810, 0x24790000)
  to   space 512K,   0% used [0x24790000, 0x24790000, 0x24810000)
 tenured generation   total 10944K, used 9806K [0x29810000, 0x2a2c0000, 0x342c0000)
   the space 10944K,  89% used [0x29810000, 0x2a1a3ab8, 0x2a1a3c00, 0x2a2c0000)
 compacting perm gen  total 12288K, used 2297K [0x342c0000, 0x34ec0000, 0x382c0000)
   the space 12288K,  18% used [0x342c0000, 0x344fe6b0, 0x344fe800, 0x34ec0000)
    ro space 10240K,  42% used [0x382c0000, 0x38704240, 0x38704400, 0x38cc0000)
    rw space 12288K,  54% used [0x38cc0000, 0x39344d58, 0x39344e00, 0x398c0000)
Event: 281.790 GC heap after
Heap after GC invocations=377 (full 0):
 def new generation   total 4928K, used 266K [0x242c0000, 0x24810000, 0x29810000)
  eden space 4416K,   0% used [0x242c0000, 0x242c0000, 0x24710000)
  from space 512K,  51% used [0x24790000, 0x247d2810, 0x24810000)
  to   space 512K,   0% used [0x24710000, 0x24710000, 0x24790000)
 tenured generation   total 10944K, used 9823K [0x29810000, 0x2a2c0000, 0x342c0000)
   the space 10944K,  89% used [0x29810000, 0x2a1a7cb8, 0x2a1a7e00, 0x2a2c0000)
 compacting perm gen  total 12288K, used 2297K [0x342c0000, 0x34ec0000, 0x382c0000)
   the space 12288K,  18% used [0x342c0000, 0x344fe6b0, 0x344fe800, 0x34ec0000)
    ro space 10240K,  42% used [0x382c0000, 0x38704240, 0x38704400, 0x38cc0000)
    rw space 12288K,  54% used [0x38cc0000, 0x39344d58, 0x39344e00, 0x398c0000)
}
Event: 282.522 GC heap before
{Heap before GC invocations=377 (full 0):
 def new generation   total 4928K, used 4680K [0x242c0000, 0x24810000, 0x29810000)
  eden space 4416K,  99% used [0x242c0000, 0x2470f910, 0x24710000)
  from space 512K,  51% used [0x24790000, 0x247d2810, 0x24810000)
  to   space 512K,   0% used [0x24710000, 0x24710000, 0x24790000)
 tenured generation   total 10944K, used 9823K [0x29810000, 0x2a2c0000, 0x342c0000)
   the space 10944K,  89% used [0x29810000, 0x2a1a7cb8, 0x2a1a7e00, 0x2a2c0000)
 compacting perm gen  total 12288K, used 2297K [0x342c0000, 0x34ec0000, 0x382c0000)
   the space 12288K,  18% used [0x342c0000, 0x344fe6b0, 0x344fe800, 0x34ec0000)
    ro space 10240K,  42% used [0x382c0000, 0x38704240, 0x38704400, 0x38cc0000)
    rw space 12288K,  54% used [0x38cc0000, 0x39344d58, 0x39344e00, 0x398c0000)
Event: 282.523 GC heap after
Heap after GC invocations=378 (full 0):
 def new generation   total 4928K, used 266K [0x242c0000, 0x24810000, 0x29810000)
  eden space 4416K,   0% used [0x242c0000, 0x242c0000, 0x24710000)
  from space 512K,  51% used [0x24710000, 0x24752810, 0x24790000)
  to   space 512K,   0% used [0x24790000, 0x24790000, 0x24810000)
 tenured generation   total 10944K, used 9839K [0x29810000, 0x2a2c0000, 0x342c0000)
   the space 10944K,  89% used [0x29810000, 0x2a1abeb8, 0x2a1ac000, 0x2a2c0000)
 compacting perm gen  total 12288K, used 2297K [0x342c0000, 0x34ec0000, 0x382c0000)
   the space 12288K,  18% used [0x342c0000, 0x344fe6b0, 0x344fe800, 0x34ec0000)
    ro space 10240K,  42% used [0x382c0000, 0x38704240, 0x38704400, 0x38cc0000)
    rw space 12288K,  54% used [0x38cc0000, 0x39344d58, 0x39344e00, 0x398c0000)
}

Deoptimization events (0 events):
No events

Internal exceptions (10 events):
Event: 4.015 Thread 0x049edc00 Threw 0x243c8278 at C:\jdk7u2_32P\jdk7u25\hotspot\src\share\vm\prims\jvm.cpp:1235
Event: 4.137 Thread 0x049edc00 Threw 0x24409b08 at C:\jdk7u2_32P\jdk7u25\hotspot\src\share\vm\prims\jvm.cpp:1235
Event: 4.144 Thread 0x049edc00 Threw 0x2446bb98 at C:\jdk7u2_32P\jdk7u25\hotspot\src\share\vm\prims\jvm.cpp:1235
Event: 4.145 Thread 0x049edc00 Threw 0x244c7a38 at C:\jdk7u2_32P\jdk7u25\hotspot\src\share\vm\prims\jvm.cpp:1235
Event: 4.147 Thread 0x049edc00 Threw 0x244c9630 at C:\jdk7u2_32P\jdk7u25\hotspot\src\share\vm\prims\jvm.cpp:1235
Event: 4.150 Thread 0x049edc00 Threw 0x244cb358 at C:\jdk7u2_32P\jdk7u25\hotspot\src\share\vm\prims\jvm.cpp:1235
Event: 4.169 Thread 0x049edc00 Threw 0x244cc7f8 at C:\jdk7u2_32P\jdk7u25\hotspot\src\share\vm\prims\jvm.cpp:1235
Event: 4.200 Thread 0x049edc00 Threw 0x244e73c0 at C:\jdk7u2_32P\jdk7u25\hotspot\src\share\vm\prims\jvm.cpp:1235
Event: 4.202 Thread 0x049edc00 Threw 0x244f2030 at C:\jdk7u2_32P\jdk7u25\hotspot\src\share\vm\prims\jvm.cpp:1235
Event: 4.209 Thread 0x049edc00 Threw 0x245060d0 at C:\jdk7u2_32P\jdk7u25\hotspot\src\share\vm\prims\jvm.cpp:1235

Events (10 events):
Event: 279.589 Executing VM operation: GenCollectForAllocation
Event: 279.591 Executing VM operation: GenCollectForAllocation done
Event: 280.321 Executing VM operation: GenCollectForAllocation
Event: 280.323 Executing VM operation: GenCollectForAllocation done
Event: 281.054 Executing VM operation: GenCollectForAllocation
Event: 281.056 Executing VM operation: GenCollectForAllocation done
Event: 281.788 Executing VM operation: GenCollectForAllocation
Event: 281.790 Executing VM operation: GenCollectForAllocation done
Event: 282.521 Executing VM operation: GenCollectForAllocation
Event: 282.524 Executing VM operation: GenCollectForAllocation done


Dynamic libraries:
0x01110000 - 0x0113f000 	C:\Program Files (x86)\Java\jre7\bin\javaw.exe
0x76eb0000 - 0x77030000 	C:\Windows\SysWOW64\ntdll.dll
0x74c20000 - 0x74d30000 	C:\Windows\syswow64\kernel32.dll
0x76730000 - 0x76777000 	C:\Windows\syswow64\KERNELBASE.dll
0x74970000 - 0x74a10000 	C:\Windows\syswow64\ADVAPI32.dll
0x75100000 - 0x751ac000 	C:\Windows\syswow64\msvcrt.dll
0x767e0000 - 0x767f9000 	C:\Windows\SysWOW64\sechost.dll
0x76810000 - 0x76900000 	C:\Windows\syswow64\RPCRT4.dll
0x74900000 - 0x74960000 	C:\Windows\syswow64\SspiCli.dll
0x748f0000 - 0x748fc000 	C:\Windows\syswow64\CRYPTBASE.dll
0x74ff0000 - 0x750f0000 	C:\Windows\syswow64\USER32.dll
0x76a20000 - 0x76ab0000 	C:\Windows\syswow64\GDI32.dll
0x760a0000 - 0x760aa000 	C:\Windows\syswow64\LPK.dll
0x74b30000 - 0x74bcd000 	C:\Windows\syswow64\USP10.dll
0x71f10000 - 0x720ae000 	C:\Windows\WinSxS\x86_microsoft.windows.common-controls_6595b64144ccf1df_6.0.7601.17514_none_41e6975e2bd6f2b2\COMCTL32.dll
0x76780000 - 0x767d7000 	C:\Windows\syswow64\SHLWAPI.dll
0x76420000 - 0x76480000 	C:\Windows\system32\IMM32.DLL
0x751d0000 - 0x7529c000 	C:\Windows\syswow64\MSCTF.dll
0x545c0000 - 0x5467e000 	C:\Program Files (x86)\Java\jre7\bin\msvcr100.dll
0x54160000 - 0x544a2000 	C:\Program Files (x86)\Java\jre7\bin\client\jvm.dll
0x72d90000 - 0x72d97000 	C:\Windows\system32\WSOCK32.dll
0x76680000 - 0x766b5000 	C:\Windows\syswow64\WS2_32.dll
0x74c00000 - 0x74c06000 	C:\Windows\syswow64\NSI.dll
0x73430000 - 0x73462000 	C:\Windows\system32\WINMM.dll
0x74c10000 - 0x74c15000 	C:\Windows\syswow64\PSAPI.DLL
0x547f0000 - 0x547fc000 	C:\Program Files (x86)\Java\jre7\bin\verify.dll
0x547d0000 - 0x547f0000 	C:\Program Files (x86)\Java\jre7\bin\java.dll
0x547b0000 - 0x547c3000 	C:\Program Files (x86)\Java\jre7\bin\zip.dll
0x6cec0000 - 0x6cf3f000 	C:\Users\Rig\AppData\Local\Temp\libgdxRig\3406029919\gdx.dll
0x10000000 - 0x1004c000 	C:\Users\Rig\AppData\Local\Temp\libgdxRig\658158746\lwjgl.dll
0x69a50000 - 0x69b18000 	C:\Windows\system32\OPENGL32.dll
0x6ce10000 - 0x6ce32000 	C:\Windows\system32\GLU32.dll
0x69960000 - 0x69a47000 	C:\Windows\system32\DDRAW.dll
0x72d70000 - 0x72d76000 	C:\Windows\system32\DCIMAN32.dll
0x75f00000 - 0x7609d000 	C:\Windows\syswow64\SETUPAPI.dll
0x74bd0000 - 0x74bf7000 	C:\Windows\syswow64\CFGMGR32.dll
0x74e80000 - 0x74f0f000 	C:\Windows\syswow64\OLEAUT32.dll
0x76270000 - 0x763cc000 	C:\Windows\syswow64\ole32.dll
0x751b0000 - 0x751c2000 	C:\Windows\syswow64\DEVOBJ.dll
0x71d80000 - 0x71d93000 	C:\Windows\system32\dwmapi.dll
0x74820000 - 0x74829000 	C:\Windows\system32\VERSION.dll
0x04c20000 - 0x04c87000 	C:\Users\Rig\AppData\Local\Temp\libgdxRig\658158746\OpenAL32.dll
0x752a0000 - 0x75eea000 	C:\Windows\syswow64\SHELL32.dll
0x71e20000 - 0x71ea0000 	C:\Windows\system32\uxtheme.dll
0x71d20000 - 0x71d78000 	C:\Program Files (x86)\Common Files\microsoft shared\ink\tiptsf.dll
0x74a10000 - 0x74a93000 	C:\Windows\syswow64\CLBCatQ.DLL
0x73310000 - 0x73405000 	C:\Windows\System32\PROPSYS.dll
0x766f0000 - 0x7671e000 	C:\Windows\syswow64\WINTRUST.dll
0x76900000 - 0x76a20000 	C:\Windows\syswow64\CRYPT32.dll
0x76800000 - 0x7680c000 	C:\Windows\syswow64\MSASN1.dll
0x66160000 - 0x661d2000 	C:\Windows\system32\dsound.dll
0x720f0000 - 0x72115000 	C:\Windows\system32\POWRPROF.dll
0x6cc20000 - 0x6cc59000 	C:\Windows\System32\MMDevApi.dll
0x66550000 - 0x66586000 	C:\Windows\system32\AUDIOSES.DLL
0x52d10000 - 0x54159000 	C:\Windows\system32\nvoglv32.DLL
0x74790000 - 0x747b1000 	C:\Windows\system32\ntmarta.dll
0x763d0000 - 0x76415000 	C:\Windows\syswow64\WLDAP32.dll
0x728e0000 - 0x7291c000 	C:\Windows\system32\oleacc.dll
0x72cf0000 - 0x72d69000 	C:\Windows\system32\mscms.dll
0x703b0000 - 0x703c7000 	C:\Windows\system32\USERENV.dll
0x703a0000 - 0x703ab000 	C:\Windows\system32\profapi.dll
0x72da0000 - 0x72dd8000 	C:\Windows\system32\icm32.dll

VM Arguments:
jvm_args: -Dfile.encoding=Cp1252 
java_command: com.me.mygdxgame.Main
Launcher Type: SUN_STANDARD

Environment Variables:
CLASSPATH=.;C:\Program Files (x86)\Java\jre7\lib\ext\QTJava.zip
PATH=C:/Program Files (x86)/Java/jre7/bin/client;C:/Program Files (x86)/Java/jre7/bin;C:/Program Files (x86)/Java/jre7/lib/i386;C:\Program Files (x86)\NVIDIA Corporation\PhysX\Common;C:\Windows\system32;C:\Windows;C:\Windows\System32\Wbem;C:\Windows\System32\WindowsPowerShell\v1.0\;C:\Program Files (x86)\QuickTime\QTSystem\;C:\Program Files\TortoiseSVN\bin;C:\Gradle\gradle-1.7\bin;;C:\eclipse;
USERNAME=Rig
OS=Windows_NT
PROCESSOR_IDENTIFIER=AMD64 Family 21 Model 2 Stepping 0, AuthenticAMD



---------------  S Y S T E M  ---------------

OS: Windows 7 , 64 bit Build 7601 Service Pack 1

CPU:total 6 (6 cores per cpu, 1 threads per core) family 21 model 2 stepping 0, cmov, cx8, fxsr, mmx, sse, sse2, sse3, ssse3, sse4.1, sse4.2, popcnt, avx, mmxext, 3dnowpref, lzcnt, sse4a, tsc, tscinvbit, tscinv

Memory: 4k page, physical 8287832k(4895476k free), swap 16573804k(11736484k free)

vm_info: Java HotSpot(TM) Client VM (23.25-b01) for windows-x86 JRE (1.7.0_25-b17), built on Jun 21 2013 13:06:48 by "java_re" with unknown MS VC++:1600

time: Thu Oct 03 15:30:15 2013
elapsed time: 282 seconds

