#
# A fatal error has been detected by the Java Runtime Environment:
#
#  EXCEPTION_ACCESS_VIOLATION (0xc0000005) at pc=0x76779b60, pid=5060, tid=6236
#
# JRE version: 7.0_25-b17
# Java VM: Java HotSpot(TM) Client VM (23.25-b01 mixed mode, sharing windows-x86 )
# Problematic frame:
# C  [msvcrt.dll+0x9b60]
#
# Failed to write core dump. Minidumps are not enabled by default on client versions of Windows
#
# If you would like to submit a bug report, please visit:
#   http://bugreport.sun.com/bugreport/crash.jsp
# The crash happened outside the Java Virtual Machine in native code.
# See problematic frame for where to report the bug.
#

---------------  T H R E A D  ---------------

Current thread (0x04b29c00):  JavaThread "LWJGL Application" [_thread_in_native, id=6236, stack(0x05d60000,0x05db0000)]

siginfo: ExceptionCode=0xc0000005, writing address 0x00000000

Registers:
EAX=0x2467f23c, EBX=0x04b29d28, ECX=0x00000050, EDX=0x00000000
ESP=0x05daf5c0, EBP=0x05daf5c8, ESI=0x2467f0fc, EDI=0x00000000
EIP=0x76779b60, EFLAGS=0x00010216

Top of Stack: (sp=0x05daf5c0)
0x05daf5c0:   05daf618 2467f0fc 00000000 6ceeab5d
0x05daf5d0:   00000000 2467f0fc 00000140 00000000
0x05daf5e0:   0812f2f0 00000000 00000040 2467bbd0
0x05daf5f0:   05daf620 04b29c00 05daf638 0240a7d9
0x05daf600:   04b29d28 05daf620 05daf618 05daf61c
0x05daf610:   00000050 00000000 2467f0f0 2467bbd0
0x05daf620:   2987e1c8 05daf640 00000de1 0000003a
0x05daf630:   5c66cad0 00000000 05daf97c 0240ae98 

Instructions: (pc=0x76779b60)
0x76779b40:   8b 45 08 5e 5f c9 c3 8a 46 03 88 47 03 8a 46 02
0x76779b50:   88 47 02 8a 46 01 88 47 01 8b 45 08 5e 5f c9 c3
0x76779b60:   f3 a5 ff 24 95 b8 99 77 76 8a 06 88 07 8a 46 01
0x76779b70:   88 47 01 8b 45 08 5e 5f c9 c3 83 3d 44 00 81 76 


Register to memory mapping:

EAX=0x2467f23c is an oop
[F 
 - klass: {type array float}
 - length: 20000
EBX=0x04b29d28 is an unknown value
ECX=0x00000050 is an unknown value
EDX=0x00000000 is an unknown value
ESP=0x05daf5c0 is pointing into the stack for thread: 0x04b29c00
EBP=0x05daf5c8 is pointing into the stack for thread: 0x04b29c00
ESI=0x2467f0fc is an oop
[F 
 - klass: {type array float}
 - length: 20000
EDI=0x00000000 is an unknown value


Stack: [0x05d60000,0x05db0000],  sp=0x05daf5c0,  free space=317k
Native frames: (J=compiled Java code, j=interpreted, Vv=VM code, C=native code)
C  [msvcrt.dll+0x9b60]

Java frames: (J=compiled Java code, j=interpreted, Vv=VM code)
J  com.badlogic.gdx.utils.BufferUtils.copyJni([FLjava/nio/Buffer;II)V
J  com.badlogic.gdx.utils.BufferUtils.copy([FLjava/nio/Buffer;II)V
J  com.badlogic.gdx.graphics.g2d.SpriteBatch.renderMesh()V
J  com.badlogic.gdx.scenes.scene2d.Group.drawChildren(Lcom/badlogic/gdx/graphics/g2d/SpriteBatch;F)V
J  com.badlogic.gdx.scenes.scene2d.Group.draw(Lcom/badlogic/gdx/graphics/g2d/SpriteBatch;F)V
J  com.badlogic.gdx.scenes.scene2d.Stage.draw()V
J  com.me.mygdxgame.WorldRenderer.render()V
J  com.me.mygdxgame.Hole2Screen.render(F)V
J  com.badlogic.gdx.Game.render()V
j  com.badlogic.gdx.backends.lwjgl.LwjglApplication.mainLoop()V+491
j  com.badlogic.gdx.backends.lwjgl.LwjglApplication$1.run()V+27
v  ~StubRoutines::call_stub

---------------  P R O C E S S  ---------------

Java Threads: ( => current thread )
  0x0812b800 JavaThread "LWJGL Timer" daemon [_thread_blocked, id=6904, stack(0x05f00000,0x05f50000)]
  0x0203ac00 JavaThread "DestroyJavaVM" [_thread_blocked, id=7000, stack(0x01fd0000,0x02020000)]
=>0x04b29c00 JavaThread "LWJGL Application" [_thread_in_native, id=6236, stack(0x05d60000,0x05db0000)]
  0x022fe800 JavaThread "Service Thread" daemon [_thread_blocked, id=6900, stack(0x048c0000,0x04910000)]
  0x022f9400 JavaThread "C1 CompilerThread0" daemon [_thread_blocked, id=2472, stack(0x049a0000,0x049f0000)]
  0x022f8000 JavaThread "Attach Listener" daemon [_thread_blocked, id=4288, stack(0x04920000,0x04970000)]
  0x022f5000 JavaThread "Signal Dispatcher" daemon [_thread_blocked, id=5884, stack(0x04820000,0x04870000)]
  0x022e4000 JavaThread "Finalizer" daemon [_thread_blocked, id=7148, stack(0x04730000,0x04780000)]
  0x022df400 JavaThread "Reference Handler" daemon [_thread_blocked, id=6564, stack(0x044b0000,0x04500000)]

Other Threads:
  0x022dd800 VMThread [stack: 0x04450000,0x044a0000] [id=6660]
  0x02315c00 WatcherThread [stack: 0x047d0000,0x04820000] [id=6436]

VM state:not at safepoint (normal execution)

VM Mutex/Monitor currently owned by a thread: None

Heap
 def new generation   total 5760K, used 4259K [0x242c0000, 0x24900000, 0x29810000)
  eden space 5120K,  76% used [0x242c0000, 0x246980a0, 0x247c0000)
  from space 640K,  50% used [0x247c0000, 0x24810d90, 0x24860000)
  to   space 640K,   0% used [0x24860000, 0x24860000, 0x24900000)
 tenured generation   total 12716K, used 8876K [0x29810000, 0x2a47b000, 0x342c0000)
   the space 12716K,  69% used [0x29810000, 0x2a0bb070, 0x2a0bb200, 0x2a47b000)
 compacting perm gen  total 12288K, used 2302K [0x342c0000, 0x34ec0000, 0x382c0000)
   the space 12288K,  18% used [0x342c0000, 0x344ff868, 0x344ffa00, 0x34ec0000)
    ro space 10240K,  42% used [0x382c0000, 0x38704240, 0x38704400, 0x38cc0000)
    rw space 12288K,  54% used [0x38cc0000, 0x39344d58, 0x39344e00, 0x398c0000)

Card table byte_map: [0x04320000,0x043d0000] byte_map_base: 0x041fea00

Polling page: 0x001a0000

Code Cache  [0x02320000, 0x024a8000, 0x04320000)
 total_blobs=923 nmethods=675 adapters=183 free_code_cache=31221Kb largest_free_block=31970880

Compilation events (10 events):
Event: 114.437 Thread 0x022f9400  671             com.badlogic.gdx.scenes.scene2d.InputEvent::reset (15 bytes)
Event: 114.438 Thread 0x022f9400 nmethod 671 0x0249a148 code [0x0249a240, 0x0249a2fc]
Event: 120.188 Thread 0x022f9400  672             com.me.mygdxgame.World::createHole2 (453 bytes)
Event: 120.189 Thread 0x022f9400 nmethod 672 0x0249a388 code [0x0249a620, 0x0249b484]
Event: 121.255 Thread 0x022f9400  673   !         java.io.PrintStream::write (83 bytes)
Event: 121.257 Thread 0x022f9400 nmethod 673 0x0249bd88 code [0x0249bf00, 0x0249c2f4]
Event: 121.257 Thread 0x022f9400  674   !         java.io.PrintStream::newLine (73 bytes)
Event: 121.257 Thread 0x022f9400 nmethod 674 0x0249c848 code [0x0249c9b0, 0x0249cd68]
Event: 234.158 Thread 0x022f9400    1 % !         com.badlogic.gdx.backends.lwjgl.LwjglApplication::mainLoop @ 86 (660 bytes)
Event: 234.167 Thread 0x022f9400 nmethod 1% 0x0249d288 code [0x0249d960, 0x0249f938]

GC Heap History (10 events):
Event: 339.615 GC heap before
{Heap before GC invocations=384 (full 1):
 def new generation   total 5760K, used 5401K [0x242c0000, 0x24900000, 0x29810000)
  eden space 5120K,  99% used [0x242c0000, 0x247b57f0, 0x247c0000)
  from space 640K,  50% used [0x24860000, 0x248b0d90, 0x24900000)
  to   space 640K,   0% used [0x247c0000, 0x247c0000, 0x24860000)
 tenured generation   total 12716K, used 8784K [0x29810000, 0x2a47b000, 0x342c0000)
   the space 12716K,  69% used [0x29810000, 0x2a0a40f0, 0x2a0a4200, 0x2a47b000)
 compacting perm gen  total 12288K, used 2302K [0x342c0000, 0x34ec0000, 0x382c0000)
   the space 12288K,  18% used [0x342c0000, 0x344ff868, 0x344ffa00, 0x34ec0000)
    ro space 10240K,  42% used [0x382c0000, 0x38704240, 0x38704400, 0x38cc0000)
    rw space 12288K,  54% used [0x38cc0000, 0x39344d58, 0x39344e00, 0x398c0000)
Event: 339.617 GC heap after
Heap after GC invocations=385 (full 1):
 def new generation   total 5760K, used 323K [0x242c0000, 0x24900000, 0x29810000)
  eden space 5120K,   0% used [0x242c0000, 0x242c0000, 0x247c0000)
  from space 640K,  50% used [0x247c0000, 0x24810d90, 0x24860000)
  to   space 640K,   0% used [0x24860000, 0x24860000, 0x24900000)
 tenured generation   total 12716K, used 8802K [0x29810000, 0x2a47b000, 0x342c0000)
   the space 12716K,  69% used [0x29810000, 0x2a0a8a70, 0x2a0a8c00, 0x2a47b000)
 compacting perm gen  total 12288K, used 2302K [0x342c0000, 0x34ec0000, 0x382c0000)
   the space 12288K,  18% used [0x342c0000, 0x344ff868, 0x344ffa00, 0x34ec0000)
    ro space 10240K,  42% used [0x382c0000, 0x38704240, 0x38704400, 0x38cc0000)
    rw space 12288K,  54% used [0x38cc0000, 0x39344d58, 0x39344e00, 0x398c0000)
}
Event: 340.431 GC heap before
{Heap before GC invocations=385 (full 1):
 def new generation   total 5760K, used 5404K [0x242c0000, 0x24900000, 0x29810000)
  eden space 5120K,  99% used [0x242c0000, 0x247b6450, 0x247c0000)
  from space 640K,  50% used [0x247c0000, 0x24810d90, 0x24860000)
  to   space 640K,   0% used [0x24860000, 0x24860000, 0x24900000)
 tenured generation   total 12716K, used 8802K [0x29810000, 0x2a47b000, 0x342c0000)
   the space 12716K,  69% used [0x29810000, 0x2a0a8a70, 0x2a0a8c00, 0x2a47b000)
 compacting perm gen  total 12288K, used 2302K [0x342c0000, 0x34ec0000, 0x382c0000)
   the space 12288K,  18% used [0x342c0000, 0x344ff868, 0x344ffa00, 0x34ec0000)
    ro space 10240K,  42% used [0x382c0000, 0x38704240, 0x38704400, 0x38cc0000)
    rw space 12288K,  54% used [0x38cc0000, 0x39344d58, 0x39344e00, 0x398c0000)
Event: 340.432 GC heap after
Heap after GC invocations=386 (full 1):
 def new generation   total 5760K, used 323K [0x242c0000, 0x24900000, 0x29810000)
  eden space 5120K,   0% used [0x242c0000, 0x242c0000, 0x247c0000)
  from space 640K,  50% used [0x24860000, 0x248b0d90, 0x24900000)
  to   space 640K,   0% used [0x247c0000, 0x247c0000, 0x24860000)
 tenured generation   total 12716K, used 8820K [0x29810000, 0x2a47b000, 0x342c0000)
   the space 12716K,  69% used [0x29810000, 0x2a0ad3f0, 0x2a0ad400, 0x2a47b000)
 compacting perm gen  total 12288K, used 2302K [0x342c0000, 0x34ec0000, 0x382c0000)
   the space 12288K,  18% used [0x342c0000, 0x344ff868, 0x344ffa00, 0x34ec0000)
    ro space 10240K,  42% used [0x382c0000, 0x38704240, 0x38704400, 0x38cc0000)
    rw space 12288K,  54% used [0x38cc0000, 0x39344d58, 0x39344e00, 0x398c0000)
}
Event: 341.248 GC heap before
{Heap before GC invocations=386 (full 1):
 def new generation   total 5760K, used 5395K [0x242c0000, 0x24900000, 0x29810000)
  eden space 5120K,  99% used [0x242c0000, 0x247b41e0, 0x247c0000)
  from space 640K,  50% used [0x24860000, 0x248b0d90, 0x24900000)
  to   space 640K,   0% used [0x247c0000, 0x247c0000, 0x24860000)
 tenured generation   total 12716K, used 8820K [0x29810000, 0x2a47b000, 0x342c0000)
   the space 12716K,  69% used [0x29810000, 0x2a0ad3f0, 0x2a0ad400, 0x2a47b000)
 compacting perm gen  total 12288K, used 2302K [0x342c0000, 0x34ec0000, 0x382c0000)
   the space 12288K,  18% used [0x342c0000, 0x344ff868, 0x344ffa00, 0x34ec0000)
    ro space 10240K,  42% used [0x382c0000, 0x38704240, 0x38704400, 0x38cc0000)
    rw space 12288K,  54% used [0x38cc0000, 0x39344d58, 0x39344e00, 0x398c0000)
Event: 341.250 GC heap after
Heap after GC invocations=387 (full 1):
 def new generation   total 5760K, used 323K [0x242c0000, 0x24900000, 0x29810000)
  eden space 5120K,   0% used [0x242c0000, 0x242c0000, 0x247c0000)
  from space 640K,  50% used [0x247c0000, 0x24810d90, 0x24860000)
  to   space 640K,   0% used [0x24860000, 0x24860000, 0x24900000)
 tenured generation   total 12716K, used 8839K [0x29810000, 0x2a47b000, 0x342c0000)
   the space 12716K,  69% used [0x29810000, 0x2a0b1d70, 0x2a0b1e00, 0x2a47b000)
 compacting perm gen  total 12288K, used 2302K [0x342c0000, 0x34ec0000, 0x382c0000)
   the space 12288K,  18% used [0x342c0000, 0x344ff868, 0x344ffa00, 0x34ec0000)
    ro space 10240K,  42% used [0x382c0000, 0x38704240, 0x38704400, 0x38cc0000)
    rw space 12288K,  54% used [0x38cc0000, 0x39344d58, 0x39344e00, 0x398c0000)
}
Event: 342.065 GC heap before
{Heap before GC invocations=387 (full 1):
 def new generation   total 5760K, used 5399K [0x242c0000, 0x24900000, 0x29810000)
  eden space 5120K,  99% used [0x242c0000, 0x247b4ff0, 0x247c0000)
  from space 640K,  50% used [0x247c0000, 0x24810d90, 0x24860000)
  to   space 640K,   0% used [0x24860000, 0x24860000, 0x24900000)
 tenured generation   total 12716K, used 8839K [0x29810000, 0x2a47b000, 0x342c0000)
   the space 12716K,  69% used [0x29810000, 0x2a0b1d70, 0x2a0b1e00, 0x2a47b000)
 compacting perm gen  total 12288K, used 2302K [0x342c0000, 0x34ec0000, 0x382c0000)
   the space 12288K,  18% used [0x342c0000, 0x344ff868, 0x344ffa00, 0x34ec0000)
    ro space 10240K,  42% used [0x382c0000, 0x38704240, 0x38704400, 0x38cc0000)
    rw space 12288K,  54% used [0x38cc0000, 0x39344d58, 0x39344e00, 0x398c0000)
Event: 342.067 GC heap after
Heap after GC invocations=388 (full 1):
 def new generation   total 5760K, used 323K [0x242c0000, 0x24900000, 0x29810000)
  eden space 5120K,   0% used [0x242c0000, 0x242c0000, 0x247c0000)
  from space 640K,  50% used [0x24860000, 0x248b0d90, 0x24900000)
  to   space 640K,   0% used [0x247c0000, 0x247c0000, 0x24860000)
 tenured generation   total 12716K, used 8857K [0x29810000, 0x2a47b000, 0x342c0000)
   the space 12716K,  69% used [0x29810000, 0x2a0b66f0, 0x2a0b6800, 0x2a47b000)
 compacting perm gen  total 12288K, used 2302K [0x342c0000, 0x34ec0000, 0x382c0000)
   the space 12288K,  18% used [0x342c0000, 0x344ff868, 0x344ffa00, 0x34ec0000)
    ro space 10240K,  42% used [0x382c0000, 0x38704240, 0x38704400, 0x38cc0000)
    rw space 12288K,  54% used [0x38cc0000, 0x39344d58, 0x39344e00, 0x398c0000)
}
Event: 342.881 GC heap before
{Heap before GC invocations=388 (full 1):
 def new generation   total 5760K, used 5402K [0x242c0000, 0x24900000, 0x29810000)
  eden space 5120K,  99% used [0x242c0000, 0x247b5c90, 0x247c0000)
  from space 640K,  50% used [0x24860000, 0x248b0d90, 0x24900000)
  to   space 640K,   0% used [0x247c0000, 0x247c0000, 0x24860000)
 tenured generation   total 12716K, used 8857K [0x29810000, 0x2a47b000, 0x342c0000)
   the space 12716K,  69% used [0x29810000, 0x2a0b66f0, 0x2a0b6800, 0x2a47b000)
 compacting perm gen  total 12288K, used 2302K [0x342c0000, 0x34ec0000, 0x382c0000)
   the space 12288K,  18% used [0x342c0000, 0x344ff868, 0x344ffa00, 0x34ec0000)
    ro space 10240K,  42% used [0x382c0000, 0x38704240, 0x38704400, 0x38cc0000)
    rw space 12288K,  54% used [0x38cc0000, 0x39344d58, 0x39344e00, 0x398c0000)
Event: 342.883 GC heap after
Heap after GC invocations=389 (full 1):
 def new generation   total 5760K, used 323K [0x242c0000, 0x24900000, 0x29810000)
  eden space 5120K,   0% used [0x242c0000, 0x242c0000, 0x247c0000)
  from space 640K,  50% used [0x247c0000, 0x24810d90, 0x24860000)
  to   space 640K,   0% used [0x24860000, 0x24860000, 0x24900000)
 tenured generation   total 12716K, used 8876K [0x29810000, 0x2a47b000, 0x342c0000)
   the space 12716K,  69% used [0x29810000, 0x2a0bb070, 0x2a0bb200, 0x2a47b000)
 compacting perm gen  total 12288K, used 2302K [0x342c0000, 0x34ec0000, 0x382c0000)
   the space 12288K,  18% used [0x342c0000, 0x344ff868, 0x344ffa00, 0x34ec0000)
    ro space 10240K,  42% used [0x382c0000, 0x38704240, 0x38704400, 0x38cc0000)
    rw space 12288K,  54% used [0x38cc0000, 0x39344d58, 0x39344e00, 0x398c0000)
}

Deoptimization events (0 events):
No events

Internal exceptions (10 events):
Event: 1.517 Thread 0x04b29c00 Threw 0x244be230 at C:\jdk7u2_32P\jdk7u25\hotspot\src\share\vm\prims\jvm.cpp:1235
Event: 1.519 Thread 0x04b29c00 Threw 0x244c67a8 at C:\jdk7u2_32P\jdk7u25\hotspot\src\share\vm\prims\jvm.cpp:1235
Event: 1.519 Thread 0x04b29c00 Threw 0x244c83a0 at C:\jdk7u2_32P\jdk7u25\hotspot\src\share\vm\prims\jvm.cpp:1235
Event: 1.519 Thread 0x04b29c00 Threw 0x244dd9f0 at C:\jdk7u2_32P\jdk7u25\hotspot\src\share\vm\prims\jvm.cpp:1235
Event: 1.520 Thread 0x04b29c00 Threw 0x244dee90 at C:\jdk7u2_32P\jdk7u25\hotspot\src\share\vm\prims\jvm.cpp:1235
Event: 1.527 Thread 0x04b29c00 Threw 0x244e6e48 at C:\jdk7u2_32P\jdk7u25\hotspot\src\share\vm\prims\jvm.cpp:1235
Event: 1.529 Thread 0x04b29c00 Threw 0x244ea5e8 at C:\jdk7u2_32P\jdk7u25\hotspot\src\share\vm\prims\jvm.cpp:1235
Event: 1.535 Thread 0x04b29c00 Threw 0x245193c8 at C:\jdk7u2_32P\jdk7u25\hotspot\src\share\vm\prims\jvm.cpp:1235
Event: 31.578 Thread 0x04b29c00 Threw 0x2446dd80 at C:\jdk7u2_32P\jdk7u25\hotspot\src\share\vm\prims\jvm.cpp:1235
Event: 31.579 Thread 0x04b29c00 Threw 0x2446fa20 at C:\jdk7u2_32P\jdk7u25\hotspot\src\share\vm\prims\jvm.cpp:1235

Events (10 events):
Event: 339.615 Executing VM operation: GenCollectForAllocation
Event: 339.617 Executing VM operation: GenCollectForAllocation done
Event: 340.431 Executing VM operation: GenCollectForAllocation
Event: 340.432 Executing VM operation: GenCollectForAllocation done
Event: 341.248 Executing VM operation: GenCollectForAllocation
Event: 341.250 Executing VM operation: GenCollectForAllocation done
Event: 342.065 Executing VM operation: GenCollectForAllocation
Event: 342.067 Executing VM operation: GenCollectForAllocation done
Event: 342.881 Executing VM operation: GenCollectForAllocation
Event: 342.883 Executing VM operation: GenCollectForAllocation done


Dynamic libraries:
0x00140000 - 0x0016f000 	C:\Program Files (x86)\Java\jre7\bin\javaw.exe
0x77540000 - 0x776c0000 	C:\Windows\SysWOW64\ntdll.dll
0x76fd0000 - 0x770e0000 	C:\Windows\syswow64\kernel32.dll
0x76370000 - 0x763b7000 	C:\Windows\syswow64\KERNELBASE.dll
0x75090000 - 0x75130000 	C:\Windows\syswow64\ADVAPI32.dll
0x76770000 - 0x7681c000 	C:\Windows\syswow64\msvcrt.dll
0x76180000 - 0x76199000 	C:\Windows\SysWOW64\sechost.dll
0x76db0000 - 0x76ea0000 	C:\Windows\syswow64\RPCRT4.dll
0x74f90000 - 0x74ff0000 	C:\Windows\syswow64\SspiCli.dll
0x74f80000 - 0x74f8c000 	C:\Windows\syswow64\CRYPTBASE.dll
0x75380000 - 0x75480000 	C:\Windows\syswow64\USER32.dll
0x76b80000 - 0x76c10000 	C:\Windows\syswow64\GDI32.dll
0x75370000 - 0x7537a000 	C:\Windows\syswow64\LPK.dll
0x75130000 - 0x751cd000 	C:\Windows\syswow64\USP10.dll
0x743a0000 - 0x7453e000 	C:\Windows\WinSxS\x86_microsoft.windows.common-controls_6595b64144ccf1df_6.0.7601.17514_none_41e6975e2bd6f2b2\COMCTL32.dll
0x76690000 - 0x766e7000 	C:\Windows\syswow64\SHLWAPI.dll
0x770e0000 - 0x77140000 	C:\Windows\system32\IMM32.DLL
0x76880000 - 0x7694c000 	C:\Windows\syswow64\MSCTF.dll
0x65440000 - 0x654fe000 	C:\Program Files (x86)\Java\jre7\bin\msvcr100.dll
0x61010000 - 0x61352000 	C:\Program Files (x86)\Java\jre7\bin\client\jvm.dll
0x740e0000 - 0x740e7000 	C:\Windows\system32\WSOCK32.dll
0x76c30000 - 0x76c65000 	C:\Windows\syswow64\WS2_32.dll
0x76fc0000 - 0x76fc6000 	C:\Windows\syswow64\NSI.dll
0x6e850000 - 0x6e882000 	C:\Windows\system32\WINMM.dll
0x75080000 - 0x75085000 	C:\Windows\syswow64\PSAPI.DLL
0x738d0000 - 0x738dc000 	C:\Program Files (x86)\Java\jre7\bin\verify.dll
0x72b10000 - 0x72b30000 	C:\Program Files (x86)\Java\jre7\bin\java.dll
0x72b30000 - 0x72b43000 	C:\Program Files (x86)\Java\jre7\bin\zip.dll
0x6cec0000 - 0x6cf3f000 	C:\Users\Rig\AppData\Local\Temp\libgdxRig\3406029919\gdx.dll
0x10000000 - 0x1004c000 	C:\Users\Rig\AppData\Local\Temp\libgdxRig\658158746\lwjgl.dll
0x68a00000 - 0x68ac8000 	C:\Windows\system32\OPENGL32.dll
0x689d0000 - 0x689f2000 	C:\Windows\system32\GLU32.dll
0x6be40000 - 0x6bf27000 	C:\Windows\system32\DDRAW.dll
0x74030000 - 0x74036000 	C:\Windows\system32\DCIMAN32.dll
0x751d0000 - 0x7536d000 	C:\Windows\syswow64\SETUPAPI.dll
0x76740000 - 0x76767000 	C:\Windows\syswow64\CFGMGR32.dll
0x76560000 - 0x765ef000 	C:\Windows\syswow64\OLEAUT32.dll
0x763d0000 - 0x7652c000 	C:\Windows\syswow64\ole32.dll
0x75480000 - 0x75492000 	C:\Windows\syswow64\DEVOBJ.dll
0x6eca0000 - 0x6ecb3000 	C:\Windows\system32\dwmapi.dll
0x74eb0000 - 0x74eb9000 	C:\Windows\system32\VERSION.dll
0x045e0000 - 0x04647000 	C:\Users\Rig\AppData\Local\Temp\libgdxRig\658158746\OpenAL32.dll
0x754a0000 - 0x760ea000 	C:\Windows\syswow64\SHELL32.dll
0x6ee00000 - 0x6ee80000 	C:\Windows\system32\uxtheme.dll
0x6f260000 - 0x6f2b8000 	C:\Program Files (x86)\Common Files\microsoft shared\ink\tiptsf.dll
0x74ff0000 - 0x75073000 	C:\Windows\syswow64\CLBCatQ.DLL
0x73f30000 - 0x74025000 	C:\Windows\System32\PROPSYS.dll
0x76b50000 - 0x76b7e000 	C:\Windows\syswow64\WINTRUST.dll
0x76ea0000 - 0x76fc0000 	C:\Windows\syswow64\CRYPT32.dll
0x76c20000 - 0x76c2c000 	C:\Windows\syswow64\MSASN1.dll
0x655b0000 - 0x65622000 	C:\Windows\system32\dsound.dll
0x6f410000 - 0x6f435000 	C:\Windows\system32\POWRPROF.dll
0x6ed50000 - 0x6ed89000 	C:\Windows\System32\MMDevApi.dll
0x68cd0000 - 0x68d06000 	C:\Windows\system32\AUDIOSES.DLL
0x5bed0000 - 0x5d40b000 	C:\Windows\system32\nvoglv32.DLL
0x74e20000 - 0x74e41000 	C:\Windows\system32\ntmarta.dll
0x766f0000 - 0x76735000 	C:\Windows\syswow64\WLDAP32.dll
0x73a90000 - 0x73acc000 	C:\Windows\system32\oleacc.dll
0x71670000 - 0x716e9000 	C:\Windows\system32\mscms.dll
0x6e7e0000 - 0x6e7f7000 	C:\Windows\system32\USERENV.dll
0x6e7d0000 - 0x6e7db000 	C:\Windows\system32\profapi.dll
0x72b50000 - 0x72b88000 	C:\Windows\system32\icm32.dll

VM Arguments:
jvm_args: -Dfile.encoding=Cp1252 
java_command: com.me.mygdxgame.Main
Launcher Type: SUN_STANDARD

Environment Variables:
JAVA_HOME=C:\Program Files\Java\jdk1.7.0_40
CLASSPATH=.;C:\Program Files (x86)\Java\jre7\lib\ext\QTJava.zip
PATH=C:/Program Files (x86)/Java/jre7/bin/client;C:/Program Files (x86)/Java/jre7/bin;C:/Program Files (x86)/Java/jre7/lib/i386;C:\Program Files (x86)\NVIDIA Corporation\PhysX\Common;C:\Windows\system32;C:\Windows;C:\Windows\System32\Wbem;C:\Windows\System32\WindowsPowerShell\v1.0\;C:\Program Files (x86)\QuickTime\QTSystem\;C:\Program Files\TortoiseSVN\bin;C:\Gradle\gradle-1.6\bin;;C:\eclipse;
USERNAME=Rig
OS=Windows_NT
PROCESSOR_IDENTIFIER=AMD64 Family 21 Model 2 Stepping 0, AuthenticAMD



---------------  S Y S T E M  ---------------

OS: Windows 7 , 64 bit Build 7601 Service Pack 1

CPU:total 6 (6 cores per cpu, 1 threads per core) family 21 model 2 stepping 0, cmov, cx8, fxsr, mmx, sse, sse2, sse3, ssse3, sse4.1, sse4.2, popcnt, avx, mmxext, 3dnowpref, lzcnt, sse4a, tsc, tscinvbit, tscinv

Memory: 4k page, physical 8287832k(5100940k free), swap 16573804k(11822880k free)

vm_info: Java HotSpot(TM) Client VM (23.25-b01) for windows-x86 JRE (1.7.0_25-b17), built on Jun 21 2013 13:06:48 by "java_re" with unknown MS VC++:1600

time: Tue Oct 08 14:46:10 2013
elapsed time: 343 seconds

