#
# A fatal error has been detected by the Java Runtime Environment:
#
#  EXCEPTION_ACCESS_VIOLATION (0xc0000005) at pc=0x75889b60, pid=6096, tid=4416
#
# JRE version: 7.0_25-b17
# Java VM: Java HotSpot(TM) Client VM (23.25-b01 mixed mode, sharing windows-x86 )
# Problematic frame:
# C  [msvcrt.dll+0x9b60]
#
# Failed to write core dump. Minidumps are not enabled by default on client versions of Windows
#
# If you would like to submit a bug report, please visit:
#   http://bugreport.sun.com/bugreport/crash.jsp
# The crash happened outside the Java Virtual Machine in native code.
# See problematic frame for where to report the bug.
#

---------------  T H R E A D  ---------------

Current thread (0x04c8ec00):  JavaThread "LWJGL Application" [_thread_in_native, id=4416, stack(0x05e70000,0x05ec0000)]

siginfo: ExceptionCode=0xc0000005, writing address 0x00000000

Registers:
EAX=0x2481a1ac, EBX=0x04c8ed28, ECX=0x00000050, EDX=0x00000000
ESP=0x05ebf680, EBP=0x05ebf688, ESI=0x2481a06c, EDI=0x00000000
EIP=0x75889b60, EFLAGS=0x00010216

Top of Stack: (sp=0x05ebf680)
0x05ebf680:   05ebf6d8 2481a06c 00000000 6ceeab5d
0x05ebf690:   00000000 2481a06c 00000140 00000000
0x05ebf6a0:   06fdd290 00000000 00000040 24814e08
0x05ebf6b0:   05ebf6e0 04c8ec00 05ebf6f8 024ebb99
0x05ebf6c0:   04c8ed28 05ebf6e0 05ebf6d8 05ebf6dc
0x05ebf6d0:   00000050 00000000 2481a060 24814e08
0x05ebf6e0:   298a5e38 05ebf700 00000de1 00000045
0x05ebf6f0:   5455cad0 00000000 05ebfa6c 024ebdd8 

Instructions: (pc=0x75889b60)
0x75889b40:   8b 45 08 5e 5f c9 c3 8a 46 03 88 47 03 8a 46 02
0x75889b50:   88 47 02 8a 46 01 88 47 01 8b 45 08 5e 5f c9 c3
0x75889b60:   f3 a5 ff 24 95 b8 99 88 75 8a 06 88 07 8a 46 01
0x75889b70:   88 47 01 8b 45 08 5e 5f c9 c3 83 3d 44 00 92 75 


Register to memory mapping:

EAX=
[error occurred during error reporting (printing register info), id 0xc0000005]

Stack: [0x05e70000,0x05ec0000],  sp=0x05ebf680,  free space=317k
Native frames: (J=compiled Java code, j=interpreted, Vv=VM code, C=native code)
C  [msvcrt.dll+0x9b60]

Java frames: (J=compiled Java code, j=interpreted, Vv=VM code)
J  com.badlogic.gdx.utils.BufferUtils.copyJni([FLjava/nio/Buffer;II)V
J  com.badlogic.gdx.utils.BufferUtils.copy([FLjava/nio/Buffer;II)V
J  com.badlogic.gdx.graphics.g2d.SpriteBatch.renderMesh()V
J  com.badlogic.gdx.scenes.scene2d.Group.drawChildren(Lcom/badlogic/gdx/graphics/g2d/SpriteBatch;F)V
J  com.badlogic.gdx.scenes.scene2d.Group.draw(Lcom/badlogic/gdx/graphics/g2d/SpriteBatch;F)V
J  com.badlogic.gdx.scenes.scene2d.Stage.draw()V
J  deco2800.arcade.minigolf.WorldRenderer.render()V
J  deco2800.arcade.minigolf.GameScreen.render(F)V
J  com.badlogic.gdx.Game.render()V
j  com.badlogic.gdx.backends.lwjgl.LwjglApplication.mainLoop()V+491
j  com.badlogic.gdx.backends.lwjgl.LwjglApplication$1.run()V+27
v  ~StubRoutines::call_stub

---------------  P R O C E S S  ---------------

Java Threads: ( => current thread )
  0x06f86800 JavaThread "LWJGL Timer" daemon [_thread_blocked, id=6240, stack(0x06310000,0x06360000)]
  0x003fac00 JavaThread "DestroyJavaVM" [_thread_blocked, id=5500, stack(0x00310000,0x00360000)]
=>0x04c8ec00 JavaThread "LWJGL Application" [_thread_in_native, id=4416, stack(0x05e70000,0x05ec0000)]
  0x0077f000 JavaThread "Service Thread" daemon [_thread_blocked, id=6340, stack(0x04810000,0x04860000)]
  0x00779400 JavaThread "C1 CompilerThread0" daemon [_thread_blocked, id=6936, stack(0x049c0000,0x04a10000)]
  0x00778000 JavaThread "Attach Listener" daemon [_thread_blocked, id=6868, stack(0x00360000,0x003b0000)]
  0x00775000 JavaThread "Signal Dispatcher" daemon [_thread_blocked, id=1240, stack(0x048e0000,0x04930000)]
  0x00764000 JavaThread "Finalizer" daemon [_thread_blocked, id=6900, stack(0x04790000,0x047e0000)]
  0x0075f400 JavaThread "Reference Handler" daemon [_thread_blocked, id=2848, stack(0x04590000,0x045e0000)]

Other Threads:
  0x0075e000 VMThread [stack: 0x04430000,0x04480000] [id=2364]
  0x00794800 WatcherThread [stack: 0x04b70000,0x04bc0000] [id=5516]

VM state:not at safepoint (normal execution)

VM Mutex/Monitor currently owned by a thread: None

Heap
 def new generation   total 6400K, used 5888K [0x242c0000, 0x249b0000, 0x29810000)
  eden space 5696K,  97% used [0x242c0000, 0x2482d8f0, 0x24850000)
  from space 704K,  46% used [0x24850000, 0x248a28d0, 0x24900000)
  to   space 704K,   0% used [0x24900000, 0x24900000, 0x249b0000)
 tenured generation   total 14108K, used 8464K [0x29810000, 0x2a5d7000, 0x342c0000)
   the space 14108K,  59% used [0x29810000, 0x2a0542c8, 0x2a054400, 0x2a5d7000)
 compacting perm gen  total 12288K, used 2304K [0x342c0000, 0x34ec0000, 0x382c0000)
   the space 12288K,  18% used [0x342c0000, 0x345000f0, 0x34500200, 0x34ec0000)
    ro space 10240K,  42% used [0x382c0000, 0x38704240, 0x38704400, 0x38cc0000)
    rw space 12288K,  54% used [0x38cc0000, 0x39344d58, 0x39344e00, 0x398c0000)

Card table byte_map: [0x01fb0000,0x02060000] byte_map_base: 0x01e8ea00

Polling page: 0x00160000

Code Cache  [0x02400000, 0x02580000, 0x04400000)
 total_blobs=896 nmethods=648 adapters=183 free_code_cache=31263Kb largest_free_block=32013312

Compilation events (10 events):
Event: 62.898 Thread 0x00779400  644             java.nio.DirectByteBuffer::asShortBuffer (151 bytes)
Event: 62.898 Thread 0x00779400 nmethod 644 0x02571fc8 code [0x025720e0, 0x025722e8]
Event: 63.597 Thread 0x00779400  645             java.nio.DirectShortBufferU::put (154 bytes)
Event: 63.598 Thread 0x00779400 nmethod 645 0x02572448 code [0x02572580, 0x0257282c]
Event: 63.598 Thread 0x00779400  646             java.nio.DirectShortBufferU::order (19 bytes)
Event: 63.598 Thread 0x00779400 nmethod 646 0x02572a48 code [0x02572b40, 0x02572bc0]
Event: 63.598 Thread 0x00779400  647             java.nio.DirectShortBufferU::ix (10 bytes)
Event: 63.598 Thread 0x00779400 nmethod 647 0x02572c08 code [0x02572d00, 0x02572d90]
Event: 234.811 Thread 0x00779400    1 % !         com.badlogic.gdx.backends.lwjgl.LwjglApplication::mainLoop @ 86 (660 bytes)
Event: 234.817 Thread 0x00779400 nmethod 1% 0x02572dc8 code [0x025734a0, 0x02575438]

GC Heap History (10 events):
Event: 296.908 GC heap before
{Heap before GC invocations=386 (full 1):
 def new generation   total 6400K, used 5903K [0x242c0000, 0x249b0000, 0x29810000)
  eden space 5696K,  99% used [0x242c0000, 0x2484b390, 0x24850000)
  from space 704K,  32% used [0x24900000, 0x24938c50, 0x249b0000)
  to   space 704K,   0% used [0x24850000, 0x24850000, 0x24900000)
 tenured generation   total 14108K, used 8464K [0x29810000, 0x2a5d7000, 0x342c0000)
   the space 14108K,  59% used [0x29810000, 0x2a0542c8, 0x2a054400, 0x2a5d7000)
 compacting perm gen  total 12288K, used 2304K [0x342c0000, 0x34ec0000, 0x382c0000)
   the space 12288K,  18% used [0x342c0000, 0x345000f0, 0x34500200, 0x34ec0000)
    ro space 10240K,  42% used [0x382c0000, 0x38704240, 0x38704400, 0x38cc0000)
    rw space 12288K,  54% used [0x38cc0000, 0x39344d58, 0x39344e00, 0x398c0000)
Event: 296.908 GC heap after
Heap after GC invocations=387 (full 1):
 def new generation   total 6400K, used 247K [0x242c0000, 0x249b0000, 0x29810000)
  eden space 5696K,   0% used [0x242c0000, 0x242c0000, 0x24850000)
  from space 704K,  35% used [0x24850000, 0x2488ded0, 0x24900000)
  to   space 704K,   0% used [0x24900000, 0x24900000, 0x249b0000)
 tenured generation   total 14108K, used 8464K [0x29810000, 0x2a5d7000, 0x342c0000)
   the space 14108K,  59% used [0x29810000, 0x2a0542c8, 0x2a054400, 0x2a5d7000)
 compacting perm gen  total 12288K, used 2304K [0x342c0000, 0x34ec0000, 0x382c0000)
   the space 12288K,  18% used [0x342c0000, 0x345000f0, 0x34500200, 0x34ec0000)
    ro space 10240K,  42% used [0x382c0000, 0x38704240, 0x38704400, 0x38cc0000)
    rw space 12288K,  54% used [0x38cc0000, 0x39344d58, 0x39344e00, 0x398c0000)
}
Event: 297.841 GC heap before
{Heap before GC invocations=387 (full 1):
 def new generation   total 6400K, used 5924K [0x242c0000, 0x249b0000, 0x29810000)
  eden space 5696K,  99% used [0x242c0000, 0x2484b330, 0x24850000)
  from space 704K,  35% used [0x24850000, 0x2488ded0, 0x24900000)
  to   space 704K,   0% used [0x24900000, 0x24900000, 0x249b0000)
 tenured generation   total 14108K, used 8464K [0x29810000, 0x2a5d7000, 0x342c0000)
   the space 14108K,  59% used [0x29810000, 0x2a0542c8, 0x2a054400, 0x2a5d7000)
 compacting perm gen  total 12288K, used 2304K [0x342c0000, 0x34ec0000, 0x382c0000)
   the space 12288K,  18% used [0x342c0000, 0x345000f0, 0x34500200, 0x34ec0000)
    ro space 10240K,  42% used [0x382c0000, 0x38704240, 0x38704400, 0x38cc0000)
    rw space 12288K,  54% used [0x38cc0000, 0x39344d58, 0x39344e00, 0x398c0000)
Event: 297.841 GC heap after
Heap after GC invocations=388 (full 1):
 def new generation   total 6400K, used 268K [0x242c0000, 0x249b0000, 0x29810000)
  eden space 5696K,   0% used [0x242c0000, 0x242c0000, 0x24850000)
  from space 704K,  38% used [0x24900000, 0x24943150, 0x249b0000)
  to   space 704K,   0% used [0x24850000, 0x24850000, 0x24900000)
 tenured generation   total 14108K, used 8464K [0x29810000, 0x2a5d7000, 0x342c0000)
   the space 14108K,  59% used [0x29810000, 0x2a0542c8, 0x2a054400, 0x2a5d7000)
 compacting perm gen  total 12288K, used 2304K [0x342c0000, 0x34ec0000, 0x382c0000)
   the space 12288K,  18% used [0x342c0000, 0x345000f0, 0x34500200, 0x34ec0000)
    ro space 10240K,  42% used [0x382c0000, 0x38704240, 0x38704400, 0x38cc0000)
    rw space 12288K,  54% used [0x38cc0000, 0x39344d58, 0x39344e00, 0x398c0000)
}
Event: 298.757 GC heap before
{Heap before GC invocations=388 (full 1):
 def new generation   total 6400K, used 5946K [0x242c0000, 0x249b0000, 0x29810000)
  eden space 5696K,  99% used [0x242c0000, 0x2484b990, 0x24850000)
  from space 704K,  38% used [0x24900000, 0x24943150, 0x249b0000)
  to   space 704K,   0% used [0x24850000, 0x24850000, 0x24900000)
 tenured generation   total 14108K, used 8464K [0x29810000, 0x2a5d7000, 0x342c0000)
   the space 14108K,  59% used [0x29810000, 0x2a0542c8, 0x2a054400, 0x2a5d7000)
 compacting perm gen  total 12288K, used 2304K [0x342c0000, 0x34ec0000, 0x382c0000)
   the space 12288K,  18% used [0x342c0000, 0x345000f0, 0x34500200, 0x34ec0000)
    ro space 10240K,  42% used [0x382c0000, 0x38704240, 0x38704400, 0x38cc0000)
    rw space 12288K,  54% used [0x38cc0000, 0x39344d58, 0x39344e00, 0x398c0000)
Event: 298.757 GC heap after
Heap after GC invocations=389 (full 1):
 def new generation   total 6400K, used 288K [0x242c0000, 0x249b0000, 0x29810000)
  eden space 5696K,   0% used [0x242c0000, 0x242c0000, 0x24850000)
  from space 704K,  41% used [0x24850000, 0x248983d0, 0x24900000)
  to   space 704K,   0% used [0x24900000, 0x24900000, 0x249b0000)
 tenured generation   total 14108K, used 8464K [0x29810000, 0x2a5d7000, 0x342c0000)
   the space 14108K,  59% used [0x29810000, 0x2a0542c8, 0x2a054400, 0x2a5d7000)
 compacting perm gen  total 12288K, used 2304K [0x342c0000, 0x34ec0000, 0x382c0000)
   the space 12288K,  18% used [0x342c0000, 0x345000f0, 0x34500200, 0x34ec0000)
    ro space 10240K,  42% used [0x382c0000, 0x38704240, 0x38704400, 0x38cc0000)
    rw space 12288K,  54% used [0x38cc0000, 0x39344d58, 0x39344e00, 0x398c0000)
}
Event: 299.705 GC heap before
{Heap before GC invocations=389 (full 1):
 def new generation   total 6400K, used 5970K [0x242c0000, 0x249b0000, 0x29810000)
  eden space 5696K,  99% used [0x242c0000, 0x2484c710, 0x24850000)
  from space 704K,  41% used [0x24850000, 0x248983d0, 0x24900000)
  to   space 704K,   0% used [0x24900000, 0x24900000, 0x249b0000)
 tenured generation   total 14108K, used 8464K [0x29810000, 0x2a5d7000, 0x342c0000)
   the space 14108K,  59% used [0x29810000, 0x2a0542c8, 0x2a054400, 0x2a5d7000)
 compacting perm gen  total 12288K, used 2304K [0x342c0000, 0x34ec0000, 0x382c0000)
   the space 12288K,  18% used [0x342c0000, 0x345000f0, 0x34500200, 0x34ec0000)
    ro space 10240K,  42% used [0x382c0000, 0x38704240, 0x38704400, 0x38cc0000)
    rw space 12288K,  54% used [0x38cc0000, 0x39344d58, 0x39344e00, 0x398c0000)
Event: 299.706 GC heap after
Heap after GC invocations=390 (full 1):
 def new generation   total 6400K, used 309K [0x242c0000, 0x249b0000, 0x29810000)
  eden space 5696K,   0% used [0x242c0000, 0x242c0000, 0x24850000)
  from space 704K,  43% used [0x24900000, 0x2494d650, 0x249b0000)
  to   space 704K,   0% used [0x24850000, 0x24850000, 0x24900000)
 tenured generation   total 14108K, used 8464K [0x29810000, 0x2a5d7000, 0x342c0000)
   the space 14108K,  59% used [0x29810000, 0x2a0542c8, 0x2a054400, 0x2a5d7000)
 compacting perm gen  total 12288K, used 2304K [0x342c0000, 0x34ec0000, 0x382c0000)
   the space 12288K,  18% used [0x342c0000, 0x345000f0, 0x34500200, 0x34ec0000)
    ro space 10240K,  42% used [0x382c0000, 0x38704240, 0x38704400, 0x38cc0000)
    rw space 12288K,  54% used [0x38cc0000, 0x39344d58, 0x39344e00, 0x398c0000)
}
Event: 300.640 GC heap before
{Heap before GC invocations=390 (full 1):
 def new generation   total 6400K, used 5985K [0x242c0000, 0x249b0000, 0x29810000)
  eden space 5696K,  99% used [0x242c0000, 0x2484ae80, 0x24850000)
  from space 704K,  43% used [0x24900000, 0x2494d650, 0x249b0000)
  to   space 704K,   0% used [0x24850000, 0x24850000, 0x24900000)
 tenured generation   total 14108K, used 8464K [0x29810000, 0x2a5d7000, 0x342c0000)
   the space 14108K,  59% used [0x29810000, 0x2a0542c8, 0x2a054400, 0x2a5d7000)
 compacting perm gen  total 12288K, used 2304K [0x342c0000, 0x34ec0000, 0x382c0000)
   the space 12288K,  18% used [0x342c0000, 0x345000f0, 0x34500200, 0x34ec0000)
    ro space 10240K,  42% used [0x382c0000, 0x38704240, 0x38704400, 0x38cc0000)
    rw space 12288K,  54% used [0x38cc0000, 0x39344d58, 0x39344e00, 0x398c0000)
Event: 300.641 GC heap after
Heap after GC invocations=391 (full 1):
 def new generation   total 6400K, used 330K [0x242c0000, 0x249b0000, 0x29810000)
  eden space 5696K,   0% used [0x242c0000, 0x242c0000, 0x24850000)
  from space 704K,  46% used [0x24850000, 0x248a28d0, 0x24900000)
  to   space 704K,   0% used [0x24900000, 0x24900000, 0x249b0000)
 tenured generation   total 14108K, used 8464K [0x29810000, 0x2a5d7000, 0x342c0000)
   the space 14108K,  59% used [0x29810000, 0x2a0542c8, 0x2a054400, 0x2a5d7000)
 compacting perm gen  total 12288K, used 2304K [0x342c0000, 0x34ec0000, 0x382c0000)
   the space 12288K,  18% used [0x342c0000, 0x345000f0, 0x34500200, 0x34ec0000)
    ro space 10240K,  42% used [0x382c0000, 0x38704240, 0x38704400, 0x38cc0000)
    rw space 12288K,  54% used [0x38cc0000, 0x39344d58, 0x39344e00, 0x398c0000)
}

Deoptimization events (0 events):
No events

Internal exceptions (10 events):
Event: 1.577 Thread 0x04c8ec00 Threw 0x24420218 at C:\jdk7u2_32P\jdk7u25\hotspot\src\share\vm\prims\jvm.cpp:1235
Event: 1.629 Thread 0x04c8ec00 Threw 0x24483918 at C:\jdk7u2_32P\jdk7u25\hotspot\src\share\vm\prims\jvm.cpp:1235
Event: 1.640 Thread 0x04c8ec00 Threw 0x24550350 at C:\jdk7u2_32P\jdk7u25\hotspot\src\share\vm\prims\jvm.cpp:1235
Event: 1.641 Thread 0x04c8ec00 Threw 0x245af118 at C:\jdk7u2_32P\jdk7u25\hotspot\src\share\vm\prims\jvm.cpp:1235
Event: 1.642 Thread 0x04c8ec00 Threw 0x245b0e90 at C:\jdk7u2_32P\jdk7u25\hotspot\src\share\vm\prims\jvm.cpp:1235
Event: 1.642 Thread 0x04c8ec00 Threw 0x245b3068 at C:\jdk7u2_32P\jdk7u25\hotspot\src\share\vm\prims\jvm.cpp:1235
Event: 1.643 Thread 0x04c8ec00 Threw 0x245b4658 at C:\jdk7u2_32P\jdk7u25\hotspot\src\share\vm\prims\jvm.cpp:1235
Event: 1.648 Thread 0x04c8ec00 Threw 0x245bc750 at C:\jdk7u2_32P\jdk7u25\hotspot\src\share\vm\prims\jvm.cpp:1235
Event: 1.650 Thread 0x04c8ec00 Threw 0x245c1b00 at C:\jdk7u2_32P\jdk7u25\hotspot\src\share\vm\prims\jvm.cpp:1235
Event: 1.659 Thread 0x04c8ec00 Threw 0x245eecd8 at C:\jdk7u2_32P\jdk7u25\hotspot\src\share\vm\prims\jvm.cpp:1235

Events (10 events):
Event: 296.908 Executing VM operation: GenCollectForAllocation
Event: 296.908 Executing VM operation: GenCollectForAllocation done
Event: 297.841 Executing VM operation: GenCollectForAllocation
Event: 297.841 Executing VM operation: GenCollectForAllocation done
Event: 298.757 Executing VM operation: GenCollectForAllocation
Event: 298.758 Executing VM operation: GenCollectForAllocation done
Event: 299.705 Executing VM operation: GenCollectForAllocation
Event: 299.706 Executing VM operation: GenCollectForAllocation done
Event: 300.640 Executing VM operation: GenCollectForAllocation
Event: 300.641 Executing VM operation: GenCollectForAllocation done


Dynamic libraries:
0x00130000 - 0x0015f000 	C:\Program Files (x86)\Java\jre7\bin\javaw.exe
0x77030000 - 0x771b0000 	C:\Windows\SysWOW64\ntdll.dll
0x74b00000 - 0x74c10000 	C:\Windows\syswow64\kernel32.dll
0x75510000 - 0x75557000 	C:\Windows\syswow64\KERNELBASE.dll
0x75930000 - 0x759d0000 	C:\Windows\syswow64\ADVAPI32.dll
0x75880000 - 0x7592c000 	C:\Windows\syswow64\msvcrt.dll
0x76c10000 - 0x76c29000 	C:\Windows\SysWOW64\sechost.dll
0x75c60000 - 0x75d50000 	C:\Windows\syswow64\RPCRT4.dll
0x74a80000 - 0x74ae0000 	C:\Windows\syswow64\SspiCli.dll
0x74a70000 - 0x74a7c000 	C:\Windows\syswow64\CRYPTBASE.dll
0x75d50000 - 0x75e50000 	C:\Windows\syswow64\USER32.dll
0x75080000 - 0x75110000 	C:\Windows\syswow64\GDI32.dll
0x75500000 - 0x7550a000 	C:\Windows\syswow64\LPK.dll
0x74c30000 - 0x74ccd000 	C:\Windows\syswow64\USP10.dll
0x73c80000 - 0x73e1e000 	C:\Windows\WinSxS\x86_microsoft.windows.common-controls_6595b64144ccf1df_6.0.7601.17514_none_41e6975e2bd6f2b2\COMCTL32.dll
0x74d60000 - 0x74db7000 	C:\Windows\syswow64\SHLWAPI.dll
0x75110000 - 0x75170000 	C:\Windows\system32\IMM32.DLL
0x76b40000 - 0x76c0c000 	C:\Windows\syswow64\MSCTF.dll
0x5bda0000 - 0x5be5e000 	C:\Program Files (x86)\Java\jre7\bin\msvcr100.dll
0x614c0000 - 0x61802000 	C:\Program Files (x86)\Java\jre7\bin\client\jvm.dll
0x72cd0000 - 0x72cd7000 	C:\Windows\system32\WSOCK32.dll
0x759d0000 - 0x75a05000 	C:\Windows\syswow64\WS2_32.dll
0x76b30000 - 0x76b36000 	C:\Windows\syswow64\NSI.dll
0x70890000 - 0x708c2000 	C:\Windows\system32\WINMM.dll
0x75a50000 - 0x75a55000 	C:\Windows\syswow64\PSAPI.DLL
0x71a50000 - 0x71a5c000 	C:\Program Files (x86)\Java\jre7\bin\verify.dll
0x70c20000 - 0x70c40000 	C:\Program Files (x86)\Java\jre7\bin\java.dll
0x70f10000 - 0x70f23000 	C:\Program Files (x86)\Java\jre7\bin\zip.dll
0x6cec0000 - 0x6cf3f000 	C:\Users\Rig\AppData\Local\Temp\libgdxRig\3406029919\gdx.dll
0x10000000 - 0x1004c000 	C:\Users\Rig\AppData\Local\Temp\libgdxRig\658158746\lwjgl.dll
0x72760000 - 0x72828000 	C:\Windows\system32\OPENGL32.dll
0x72d00000 - 0x72d22000 	C:\Windows\system32\GLU32.dll
0x6cbc0000 - 0x6cca7000 	C:\Windows\system32\DDRAW.dll
0x73300000 - 0x73306000 	C:\Windows\system32\DCIMAN32.dll
0x74e40000 - 0x74fdd000 	C:\Windows\syswow64\SETUPAPI.dll
0x75a20000 - 0x75a47000 	C:\Windows\syswow64\CFGMGR32.dll
0x75e50000 - 0x75edf000 	C:\Windows\syswow64\OLEAUT32.dll
0x753a0000 - 0x754fc000 	C:\Windows\syswow64\ole32.dll
0x74e20000 - 0x74e32000 	C:\Windows\syswow64\DEVOBJ.dll
0x70b80000 - 0x70b93000 	C:\Windows\system32\dwmapi.dll
0x749a0000 - 0x749a9000 	C:\Windows\system32\VERSION.dll
0x045e0000 - 0x04647000 	C:\Users\Rig\AppData\Local\Temp\libgdxRig\658158746\OpenAL32.dll
0x75ee0000 - 0x76b2a000 	C:\Windows\syswow64\SHELL32.dll
0x70ba0000 - 0x70c20000 	C:\Windows\system32\uxtheme.dll
0x72620000 - 0x72678000 	C:\Program Files (x86)\Common Files\microsoft shared\ink\tiptsf.dll
0x75310000 - 0x75393000 	C:\Windows\syswow64\CLBCatQ.DLL
0x698c0000 - 0x699b5000 	C:\Windows\System32\PROPSYS.dll
0x75050000 - 0x7507e000 	C:\Windows\syswow64\WINTRUST.dll
0x75170000 - 0x75290000 	C:\Windows\syswow64\CRYPT32.dll
0x75a10000 - 0x75a1c000 	C:\Windows\syswow64\MSASN1.dll
0x68750000 - 0x687c2000 	C:\Windows\system32\dsound.dll
0x699c0000 - 0x699e5000 	C:\Windows\system32\POWRPROF.dll
0x69010000 - 0x69049000 	C:\Windows\System32\MMDevApi.dll
0x687f0000 - 0x68826000 	C:\Windows\system32\AUDIOSES.DLL
0x53dc0000 - 0x552fb000 	C:\Windows\system32\nvoglv32.DLL
0x74910000 - 0x74931000 	C:\Windows\system32\ntmarta.dll
0x74dd0000 - 0x74e15000 	C:\Windows\syswow64\WLDAP32.dll
0x6a1a0000 - 0x6a1dc000 	C:\Windows\system32\oleacc.dll
0x71b30000 - 0x71ba9000 	C:\Windows\system32\mscms.dll
0x70820000 - 0x70837000 	C:\Windows\system32\USERENV.dll
0x70810000 - 0x7081b000 	C:\Windows\system32\profapi.dll
0x6e870000 - 0x6e8a8000 	C:\Windows\system32\icm32.dll

VM Arguments:
jvm_args: -Dfile.encoding=Cp1252 
java_command: deco2800.arcade.minigolf.Main
Launcher Type: SUN_STANDARD

Environment Variables:
JAVA_HOME=C:\Program Files\Java\jdk1.7.0_40
CLASSPATH=.;C:\Program Files (x86)\Java\jre7\lib\ext\QTJava.zip
PATH=C:/Program Files (x86)/Java/jre7/bin/client;C:/Program Files (x86)/Java/jre7/bin;C:/Program Files (x86)/Java/jre7/lib/i386;C:\Program Files (x86)\NVIDIA Corporation\PhysX\Common;C:\Windows\system32;C:\Windows;C:\Windows\System32\Wbem;C:\Windows\System32\WindowsPowerShell\v1.0\;C:\Program Files (x86)\QuickTime\QTSystem\;C:\Program Files\TortoiseSVN\bin;C:\Gradle\gradle-1.6\bin;;C:\eclipse;
USERNAME=Rig
OS=Windows_NT
PROCESSOR_IDENTIFIER=AMD64 Family 21 Model 2 Stepping 0, AuthenticAMD



---------------  S Y S T E M  ---------------

OS: Windows 7 , 64 bit Build 7601 Service Pack 1

CPU:total 6 (6 cores per cpu, 1 threads per core) family 21 model 2 stepping 0, cmov, cx8, fxsr, mmx, sse, sse2, sse3, ssse3, sse4.1, sse4.2, popcnt, avx, mmxext, 3dnowpref, lzcnt, sse4a, tsc, tscinvbit, tscinv

Memory: 4k page, physical 8287832k(3909740k free), swap 16573804k(10096336k free)

vm_info: Java HotSpot(TM) Client VM (23.25-b01) for windows-x86 JRE (1.7.0_25-b17), built on Jun 21 2013 13:06:48 by "java_re" with unknown MS VC++:1600

time: Sat Oct 12 23:33:43 2013
elapsed time: 301 seconds

