#
# A fatal error has been detected by the Java Runtime Environment:
#
#  EXCEPTION_ACCESS_VIOLATION (0xc0000005) at pc=0x75889b60, pid=5448, tid=2460
#
# JRE version: 7.0_25-b17
# Java VM: Java HotSpot(TM) Client VM (23.25-b01 mixed mode, sharing windows-x86 )
# Problematic frame:
# C  [msvcrt.dll+0x9b60]
#
# Failed to write core dump. Minidumps are not enabled by default on client versions of Windows
#
# If you would like to submit a bug report, please visit:
#   http://bugreport.sun.com/bugreport/crash.jsp
# The crash happened outside the Java Virtual Machine in native code.
# See problematic frame for where to report the bug.
#

---------------  T H R E A D  ---------------

Current thread (0x04b9dc00):  JavaThread "LWJGL Application" [_thread_in_native, id=2460, stack(0x05d20000,0x05d70000)]

siginfo: ExceptionCode=0xc0000005, writing address 0x00000000

Registers:
EAX=0x245dffac, EBX=0x04b9dd28, ECX=0x00000050, EDX=0x00000000
ESP=0x05d6f5d0, EBP=0x05d6f5d8, ESI=0x245dfe6c, EDI=0x00000000
EIP=0x75889b60, EFLAGS=0x00010216

Top of Stack: (sp=0x05d6f5d0)
0x05d6f5d0:   05d6f628 245dfe6c 00000000 6ceeab5d
0x05d6f5e0:   00000000 245dfe6c 00000140 00000000
0x05d6f5f0:   07b8b288 00000000 00000040 245dccd0
0x05d6f600:   05d6f630 04b9dc00 05d6f648 0286c219
0x05d6f610:   04b9dd28 05d6f630 05d6f628 05d6f62c
0x05d6f620:   00000050 00000000 245dfe60 245dccd0
0x05d6f630:   298a5e48 05d6f650 00000de1 00000045
0x05d6f640:   5455cad0 00000000 05d6f9bc 0286d298 

Instructions: (pc=0x75889b60)
0x75889b40:   8b 45 08 5e 5f c9 c3 8a 46 03 88 47 03 8a 46 02
0x75889b50:   88 47 02 8a 46 01 88 47 01 8b 45 08 5e 5f c9 c3
0x75889b60:   f3 a5 ff 24 95 b8 99 88 75 8a 06 88 07 8a 46 01
0x75889b70:   88 47 01 8b 45 08 5e 5f c9 c3 83 3d 44 00 92 75 


Register to memory mapping:

EAX=0x245dffac is an oop
[F 
 - klass: {type array float}
 - length: 20000
EBX=0x04b9dd28 is an unknown value
ECX=0x00000050 is an unknown value
EDX=0x00000000 is an unknown value
ESP=0x05d6f5d0 is pointing into the stack for thread: 0x04b9dc00
EBP=0x05d6f5d8 is pointing into the stack for thread: 0x04b9dc00
ESI=0x245dfe6c is an oop
[F 
 - klass: {type array float}
 - length: 20000
EDI=0x00000000 is an unknown value


Stack: [0x05d20000,0x05d70000],  sp=0x05d6f5d0,  free space=317k
Native frames: (J=compiled Java code, j=interpreted, Vv=VM code, C=native code)
C  [msvcrt.dll+0x9b60]

Java frames: (J=compiled Java code, j=interpreted, Vv=VM code)
J  com.badlogic.gdx.utils.BufferUtils.copyJni([FLjava/nio/Buffer;II)V
J  com.badlogic.gdx.utils.BufferUtils.copy([FLjava/nio/Buffer;II)V
J  com.badlogic.gdx.graphics.g2d.SpriteBatch.renderMesh()V
J  com.badlogic.gdx.scenes.scene2d.Group.drawChildren(Lcom/badlogic/gdx/graphics/g2d/SpriteBatch;F)V
J  com.badlogic.gdx.scenes.scene2d.Group.draw(Lcom/badlogic/gdx/graphics/g2d/SpriteBatch;F)V
J  com.badlogic.gdx.scenes.scene2d.Stage.draw()V
J  deco2800.arcade.minigolf.WorldRenderer.render()V
J  deco2800.arcade.minigolf.GameScreen.render(F)V
J  com.badlogic.gdx.Game.render()V
j  com.badlogic.gdx.backends.lwjgl.LwjglApplication.mainLoop()V+491
j  com.badlogic.gdx.backends.lwjgl.LwjglApplication$1.run()V+27
v  ~StubRoutines::call_stub

---------------  P R O C E S S  ---------------

Java Threads: ( => current thread )
  0x07b9ac00 JavaThread "LWJGL Timer" daemon [_thread_blocked, id=2440, stack(0x08690000,0x086e0000)]
  0x002dac00 JavaThread "DestroyJavaVM" [_thread_blocked, id=6588, stack(0x001f0000,0x00240000)]
=>0x04b9dc00 JavaThread "LWJGL Application" [_thread_in_native, id=2460, stack(0x05d20000,0x05d70000)]
  0x00e42400 JavaThread "Service Thread" daemon [_thread_blocked, id=5588, stack(0x04990000,0x049e0000)]
  0x00e3d400 JavaThread "C1 CompilerThread0" daemon [_thread_blocked, id=7000, stack(0x04840000,0x04890000)]
  0x00e38000 JavaThread "Attach Listener" daemon [_thread_blocked, id=5152, stack(0x012b0000,0x01300000)]
  0x00e35000 JavaThread "Signal Dispatcher" daemon [_thread_blocked, id=7068, stack(0x00fe0000,0x01030000)]
  0x00e20c00 JavaThread "Finalizer" daemon [_thread_blocked, id=6776, stack(0x00f40000,0x00f90000)]
  0x00e1f400 JavaThread "Reference Handler" daemon [_thread_blocked, id=1164, stack(0x01050000,0x010a0000)]

Other Threads:
  0x00e1e000 VMThread [stack: 0x010c0000,0x01110000] [id=6644]
  0x00e5d400 WatcherThread [stack: 0x04a90000,0x04ae0000] [id=5972]

VM state:not at safepoint (normal execution)

VM Mutex/Monitor currently owned by a thread: None

Heap
 def new generation   total 6400K, used 3652K [0x242c0000, 0x249b0000, 0x29810000)
  eden space 5696K,  57% used [0x242c0000, 0x245f96a0, 0x24850000)
  from space 704K,  49% used [0x24900000, 0x24957b50, 0x249b0000)
  to   space 704K,   0% used [0x24850000, 0x24850000, 0x24900000)
 tenured generation   total 14092K, used 8452K [0x29810000, 0x2a5d3000, 0x342c0000)
   the space 14092K,  59% used [0x29810000, 0x2a051360, 0x2a051400, 0x2a5d3000)
 compacting perm gen  total 12288K, used 2303K [0x342c0000, 0x34ec0000, 0x382c0000)
   the space 12288K,  18% used [0x342c0000, 0x344ffe88, 0x34500000, 0x34ec0000)
    ro space 10240K,  42% used [0x382c0000, 0x38704240, 0x38704400, 0x38cc0000)
    rw space 12288K,  54% used [0x38cc0000, 0x39344d58, 0x39344e00, 0x398c0000)

Card table byte_map: [0x00e60000,0x00f10000] byte_map_base: 0x00d3ea00

Polling page: 0x00120000

Code Cache  [0x02780000, 0x028f0000, 0x04780000)
 total_blobs=873 nmethods=625 adapters=183 free_code_cache=31297Kb largest_free_block=32048448

Compilation events (10 events):
Event: 61.684 Thread 0x00e3d400  619             org.lwjgl.opengl.ContextGL::getPeerInfo (5 bytes)
Event: 61.684 Thread 0x00e3d400 nmethod 619 0x028e93c8 code [0x028e94c0, 0x028e9540]
Event: 73.497 Thread 0x00e3d400  621   !         org.lwjgl.opengl.Display::swapBuffers (55 bytes)
Event: 73.497 Thread 0x00e3d400 nmethod 621 0x028e9588 code [0x028e96c0, 0x028e9a78]
Event: 83.244 Thread 0x00e3d400  623             java.lang.ThreadLocal::getMap (5 bytes)
Event: 83.244 Thread 0x00e3d400 nmethod 623 0x028e9f48 code [0x028ea040, 0x028ea0c0]
Event: 83.312 Thread 0x00e3d400  624             java.lang.ThreadLocal::get (34 bytes)
Event: 83.312 Thread 0x00e3d400 nmethod 624 0x028ea148 code [0x028ea260, 0x028ea358]
Event: 247.210 Thread 0x00e3d400    1 % !         com.badlogic.gdx.backends.lwjgl.LwjglApplication::mainLoop @ 86 (660 bytes)
Event: 247.215 Thread 0x00e3d400 nmethod 1% 0x028ea488 code [0x028eab60, 0x028ecaf8]

GC Heap History (10 events):
Event: 288.264 GC heap before
{Heap before GC invocations=382 (full 1):
 def new generation   total 6400K, used 5920K [0x242c0000, 0x249b0000, 0x29810000)
  eden space 5696K,  99% used [0x242c0000, 0x2484a260, 0x24850000)
  from space 704K,  35% used [0x24850000, 0x2488ded0, 0x24900000)
  to   space 704K,   0% used [0x24900000, 0x24900000, 0x249b0000)
 tenured generation   total 14092K, used 8452K [0x29810000, 0x2a5d3000, 0x342c0000)
   the space 14092K,  59% used [0x29810000, 0x2a051360, 0x2a051400, 0x2a5d3000)
 compacting perm gen  total 12288K, used 2303K [0x342c0000, 0x34ec0000, 0x382c0000)
   the space 12288K,  18% used [0x342c0000, 0x344ffe88, 0x34500000, 0x34ec0000)
    ro space 10240K,  42% used [0x382c0000, 0x38704240, 0x38704400, 0x38cc0000)
    rw space 12288K,  54% used [0x38cc0000, 0x39344d58, 0x39344e00, 0x398c0000)
Event: 288.265 GC heap after
Heap after GC invocations=383 (full 1):
 def new generation   total 6400K, used 268K [0x242c0000, 0x249b0000, 0x29810000)
  eden space 5696K,   0% used [0x242c0000, 0x242c0000, 0x24850000)
  from space 704K,  38% used [0x24900000, 0x24943150, 0x249b0000)
  to   space 704K,   0% used [0x24850000, 0x24850000, 0x24900000)
 tenured generation   total 14092K, used 8452K [0x29810000, 0x2a5d3000, 0x342c0000)
   the space 14092K,  59% used [0x29810000, 0x2a051360, 0x2a051400, 0x2a5d3000)
 compacting perm gen  total 12288K, used 2303K [0x342c0000, 0x34ec0000, 0x382c0000)
   the space 12288K,  18% used [0x342c0000, 0x344ffe88, 0x34500000, 0x34ec0000)
    ro space 10240K,  42% used [0x382c0000, 0x38704240, 0x38704400, 0x38cc0000)
    rw space 12288K,  54% used [0x38cc0000, 0x39344d58, 0x39344e00, 0x398c0000)
}
Event: 289.214 GC heap before
{Heap before GC invocations=383 (full 1):
 def new generation   total 6400K, used 5941K [0x242c0000, 0x249b0000, 0x29810000)
  eden space 5696K,  99% used [0x242c0000, 0x2484a3a0, 0x24850000)
  from space 704K,  38% used [0x24900000, 0x24943150, 0x249b0000)
  to   space 704K,   0% used [0x24850000, 0x24850000, 0x24900000)
 tenured generation   total 14092K, used 8452K [0x29810000, 0x2a5d3000, 0x342c0000)
   the space 14092K,  59% used [0x29810000, 0x2a051360, 0x2a051400, 0x2a5d3000)
 compacting perm gen  total 12288K, used 2303K [0x342c0000, 0x34ec0000, 0x382c0000)
   the space 12288K,  18% used [0x342c0000, 0x344ffe88, 0x34500000, 0x34ec0000)
    ro space 10240K,  42% used [0x382c0000, 0x38704240, 0x38704400, 0x38cc0000)
    rw space 12288K,  54% used [0x38cc0000, 0x39344d58, 0x39344e00, 0x398c0000)
Event: 289.215 GC heap after
Heap after GC invocations=384 (full 1):
 def new generation   total 6400K, used 288K [0x242c0000, 0x249b0000, 0x29810000)
  eden space 5696K,   0% used [0x242c0000, 0x242c0000, 0x24850000)
  from space 704K,  41% used [0x24850000, 0x248983d0, 0x24900000)
  to   space 704K,   0% used [0x24900000, 0x24900000, 0x249b0000)
 tenured generation   total 14092K, used 8452K [0x29810000, 0x2a5d3000, 0x342c0000)
   the space 14092K,  59% used [0x29810000, 0x2a051360, 0x2a051400, 0x2a5d3000)
 compacting perm gen  total 12288K, used 2303K [0x342c0000, 0x34ec0000, 0x382c0000)
   the space 12288K,  18% used [0x342c0000, 0x344ffe88, 0x34500000, 0x34ec0000)
    ro space 10240K,  42% used [0x382c0000, 0x38704240, 0x38704400, 0x38cc0000)
    rw space 12288K,  54% used [0x38cc0000, 0x39344d58, 0x39344e00, 0x398c0000)
}
Event: 290.131 GC heap before
{Heap before GC invocations=384 (full 1):
 def new generation   total 6400K, used 5952K [0x242c0000, 0x249b0000, 0x29810000)
  eden space 5696K,  99% used [0x242c0000, 0x24847cf0, 0x24850000)
  from space 704K,  41% used [0x24850000, 0x248983d0, 0x24900000)
  to   space 704K,   0% used [0x24900000, 0x24900000, 0x249b0000)
 tenured generation   total 14092K, used 8452K [0x29810000, 0x2a5d3000, 0x342c0000)
   the space 14092K,  59% used [0x29810000, 0x2a051360, 0x2a051400, 0x2a5d3000)
 compacting perm gen  total 12288K, used 2303K [0x342c0000, 0x34ec0000, 0x382c0000)
   the space 12288K,  18% used [0x342c0000, 0x344ffe88, 0x34500000, 0x34ec0000)
    ro space 10240K,  42% used [0x382c0000, 0x38704240, 0x38704400, 0x38cc0000)
    rw space 12288K,  54% used [0x38cc0000, 0x39344d58, 0x39344e00, 0x398c0000)
Event: 290.132 GC heap after
Heap after GC invocations=385 (full 1):
 def new generation   total 6400K, used 309K [0x242c0000, 0x249b0000, 0x29810000)
  eden space 5696K,   0% used [0x242c0000, 0x242c0000, 0x24850000)
  from space 704K,  43% used [0x24900000, 0x2494d650, 0x249b0000)
  to   space 704K,   0% used [0x24850000, 0x24850000, 0x24900000)
 tenured generation   total 14092K, used 8452K [0x29810000, 0x2a5d3000, 0x342c0000)
   the space 14092K,  59% used [0x29810000, 0x2a051360, 0x2a051400, 0x2a5d3000)
 compacting perm gen  total 12288K, used 2303K [0x342c0000, 0x34ec0000, 0x382c0000)
   the space 12288K,  18% used [0x342c0000, 0x344ffe88, 0x34500000, 0x34ec0000)
    ro space 10240K,  42% used [0x382c0000, 0x38704240, 0x38704400, 0x38cc0000)
    rw space 12288K,  54% used [0x38cc0000, 0x39344d58, 0x39344e00, 0x398c0000)
}
Event: 291.050 GC heap before
{Heap before GC invocations=385 (full 1):
 def new generation   total 6400K, used 5977K [0x242c0000, 0x249b0000, 0x29810000)
  eden space 5696K,  99% used [0x242c0000, 0x24849170, 0x24850000)
  from space 704K,  43% used [0x24900000, 0x2494d650, 0x249b0000)
  to   space 704K,   0% used [0x24850000, 0x24850000, 0x24900000)
 tenured generation   total 14092K, used 8452K [0x29810000, 0x2a5d3000, 0x342c0000)
   the space 14092K,  59% used [0x29810000, 0x2a051360, 0x2a051400, 0x2a5d3000)
 compacting perm gen  total 12288K, used 2303K [0x342c0000, 0x34ec0000, 0x382c0000)
   the space 12288K,  18% used [0x342c0000, 0x344ffe88, 0x34500000, 0x34ec0000)
    ro space 10240K,  42% used [0x382c0000, 0x38704240, 0x38704400, 0x38cc0000)
    rw space 12288K,  54% used [0x38cc0000, 0x39344d58, 0x39344e00, 0x398c0000)
Event: 291.050 GC heap after
Heap after GC invocations=386 (full 1):
 def new generation   total 6400K, used 330K [0x242c0000, 0x249b0000, 0x29810000)
  eden space 5696K,   0% used [0x242c0000, 0x242c0000, 0x24850000)
  from space 704K,  46% used [0x24850000, 0x248a28d0, 0x24900000)
  to   space 704K,   0% used [0x24900000, 0x24900000, 0x249b0000)
 tenured generation   total 14092K, used 8452K [0x29810000, 0x2a5d3000, 0x342c0000)
   the space 14092K,  59% used [0x29810000, 0x2a051360, 0x2a051400, 0x2a5d3000)
 compacting perm gen  total 12288K, used 2303K [0x342c0000, 0x34ec0000, 0x382c0000)
   the space 12288K,  18% used [0x342c0000, 0x344ffe88, 0x34500000, 0x34ec0000)
    ro space 10240K,  42% used [0x382c0000, 0x38704240, 0x38704400, 0x38cc0000)
    rw space 12288K,  54% used [0x38cc0000, 0x39344d58, 0x39344e00, 0x398c0000)
}
Event: 291.966 GC heap before
{Heap before GC invocations=386 (full 1):
 def new generation   total 6400K, used 6005K [0x242c0000, 0x249b0000, 0x29810000)
  eden space 5696K,  99% used [0x242c0000, 0x2484aeb0, 0x24850000)
  from space 704K,  46% used [0x24850000, 0x248a28d0, 0x24900000)
  to   space 704K,   0% used [0x24900000, 0x24900000, 0x249b0000)
 tenured generation   total 14092K, used 8452K [0x29810000, 0x2a5d3000, 0x342c0000)
   the space 14092K,  59% used [0x29810000, 0x2a051360, 0x2a051400, 0x2a5d3000)
 compacting perm gen  total 12288K, used 2303K [0x342c0000, 0x34ec0000, 0x382c0000)
   the space 12288K,  18% used [0x342c0000, 0x344ffe88, 0x34500000, 0x34ec0000)
    ro space 10240K,  42% used [0x382c0000, 0x38704240, 0x38704400, 0x38cc0000)
    rw space 12288K,  54% used [0x38cc0000, 0x39344d58, 0x39344e00, 0x398c0000)
Event: 291.967 GC heap after
Heap after GC invocations=387 (full 1):
 def new generation   total 6400K, used 350K [0x242c0000, 0x249b0000, 0x29810000)
  eden space 5696K,   0% used [0x242c0000, 0x242c0000, 0x24850000)
  from space 704K,  49% used [0x24900000, 0x24957b50, 0x249b0000)
  to   space 704K,   0% used [0x24850000, 0x24850000, 0x24900000)
 tenured generation   total 14092K, used 8452K [0x29810000, 0x2a5d3000, 0x342c0000)
   the space 14092K,  59% used [0x29810000, 0x2a051360, 0x2a051400, 0x2a5d3000)
 compacting perm gen  total 12288K, used 2303K [0x342c0000, 0x34ec0000, 0x382c0000)
   the space 12288K,  18% used [0x342c0000, 0x344ffe88, 0x34500000, 0x34ec0000)
    ro space 10240K,  42% used [0x382c0000, 0x38704240, 0x38704400, 0x38cc0000)
    rw space 12288K,  54% used [0x38cc0000, 0x39344d58, 0x39344e00, 0x398c0000)
}

Deoptimization events (0 events):
No events

Internal exceptions (10 events):
Event: 2.180 Thread 0x04b9dc00 Threw 0x24425a10 at C:\jdk7u2_32P\jdk7u25\hotspot\src\share\vm\prims\jvm.cpp:1235
Event: 2.234 Thread 0x04b9dc00 Threw 0x244871e0 at C:\jdk7u2_32P\jdk7u25\hotspot\src\share\vm\prims\jvm.cpp:1235
Event: 2.242 Thread 0x04b9dc00 Threw 0x245aa308 at C:\jdk7u2_32P\jdk7u25\hotspot\src\share\vm\prims\jvm.cpp:1235
Event: 2.244 Thread 0x04b9dc00 Threw 0x245b2900 at C:\jdk7u2_32P\jdk7u25\hotspot\src\share\vm\prims\jvm.cpp:1235
Event: 2.244 Thread 0x04b9dc00 Threw 0x245b4678 at C:\jdk7u2_32P\jdk7u25\hotspot\src\share\vm\prims\jvm.cpp:1235
Event: 2.245 Thread 0x04b9dc00 Threw 0x245b6850 at C:\jdk7u2_32P\jdk7u25\hotspot\src\share\vm\prims\jvm.cpp:1235
Event: 2.245 Thread 0x04b9dc00 Threw 0x245b7e50 at C:\jdk7u2_32P\jdk7u25\hotspot\src\share\vm\prims\jvm.cpp:1235
Event: 2.250 Thread 0x04b9dc00 Threw 0x245bfbd0 at C:\jdk7u2_32P\jdk7u25\hotspot\src\share\vm\prims\jvm.cpp:1235
Event: 2.252 Thread 0x04b9dc00 Threw 0x245c4f80 at C:\jdk7u2_32P\jdk7u25\hotspot\src\share\vm\prims\jvm.cpp:1235
Event: 2.260 Thread 0x04b9dc00 Threw 0x245f21d0 at C:\jdk7u2_32P\jdk7u25\hotspot\src\share\vm\prims\jvm.cpp:1235

Events (10 events):
Event: 288.264 Executing VM operation: GenCollectForAllocation
Event: 288.265 Executing VM operation: GenCollectForAllocation done
Event: 289.214 Executing VM operation: GenCollectForAllocation
Event: 289.215 Executing VM operation: GenCollectForAllocation done
Event: 290.131 Executing VM operation: GenCollectForAllocation
Event: 290.132 Executing VM operation: GenCollectForAllocation done
Event: 291.050 Executing VM operation: GenCollectForAllocation
Event: 291.050 Executing VM operation: GenCollectForAllocation done
Event: 291.966 Executing VM operation: GenCollectForAllocation
Event: 291.967 Executing VM operation: GenCollectForAllocation done


Dynamic libraries:
0x01350000 - 0x0137f000 	C:\Program Files (x86)\Java\jre7\bin\javaw.exe
0x77030000 - 0x771b0000 	C:\Windows\SysWOW64\ntdll.dll
0x74b00000 - 0x74c10000 	C:\Windows\syswow64\kernel32.dll
0x75510000 - 0x75557000 	C:\Windows\syswow64\KERNELBASE.dll
0x75930000 - 0x759d0000 	C:\Windows\syswow64\ADVAPI32.dll
0x75880000 - 0x7592c000 	C:\Windows\syswow64\msvcrt.dll
0x76c10000 - 0x76c29000 	C:\Windows\SysWOW64\sechost.dll
0x75c60000 - 0x75d50000 	C:\Windows\syswow64\RPCRT4.dll
0x74a80000 - 0x74ae0000 	C:\Windows\syswow64\SspiCli.dll
0x74a70000 - 0x74a7c000 	C:\Windows\syswow64\CRYPTBASE.dll
0x75d50000 - 0x75e50000 	C:\Windows\syswow64\USER32.dll
0x75080000 - 0x75110000 	C:\Windows\syswow64\GDI32.dll
0x75500000 - 0x7550a000 	C:\Windows\syswow64\LPK.dll
0x74c30000 - 0x74ccd000 	C:\Windows\syswow64\USP10.dll
0x73c80000 - 0x73e1e000 	C:\Windows\WinSxS\x86_microsoft.windows.common-controls_6595b64144ccf1df_6.0.7601.17514_none_41e6975e2bd6f2b2\COMCTL32.dll
0x74d60000 - 0x74db7000 	C:\Windows\syswow64\SHLWAPI.dll
0x75110000 - 0x75170000 	C:\Windows\system32\IMM32.DLL
0x76b40000 - 0x76c0c000 	C:\Windows\syswow64\MSCTF.dll
0x56d40000 - 0x56dfe000 	C:\Program Files (x86)\Java\jre7\bin\msvcr100.dll
0x614c0000 - 0x61802000 	C:\Program Files (x86)\Java\jre7\bin\client\jvm.dll
0x72cd0000 - 0x72cd7000 	C:\Windows\system32\WSOCK32.dll
0x759d0000 - 0x75a05000 	C:\Windows\syswow64\WS2_32.dll
0x76b30000 - 0x76b36000 	C:\Windows\syswow64\NSI.dll
0x70890000 - 0x708c2000 	C:\Windows\system32\WINMM.dll
0x75a50000 - 0x75a55000 	C:\Windows\syswow64\PSAPI.DLL
0x71a50000 - 0x71a5c000 	C:\Program Files (x86)\Java\jre7\bin\verify.dll
0x70c20000 - 0x70c40000 	C:\Program Files (x86)\Java\jre7\bin\java.dll
0x70f10000 - 0x70f23000 	C:\Program Files (x86)\Java\jre7\bin\zip.dll
0x6cec0000 - 0x6cf3f000 	C:\Users\Rig\AppData\Local\Temp\libgdxRig\3406029919\gdx.dll
0x10000000 - 0x1004c000 	C:\Users\Rig\AppData\Local\Temp\libgdxRig\658158746\lwjgl.dll
0x72760000 - 0x72828000 	C:\Windows\system32\OPENGL32.dll
0x72d00000 - 0x72d22000 	C:\Windows\system32\GLU32.dll
0x6cbc0000 - 0x6cca7000 	C:\Windows\system32\DDRAW.dll
0x73300000 - 0x73306000 	C:\Windows\system32\DCIMAN32.dll
0x74e40000 - 0x74fdd000 	C:\Windows\syswow64\SETUPAPI.dll
0x75a20000 - 0x75a47000 	C:\Windows\syswow64\CFGMGR32.dll
0x75e50000 - 0x75edf000 	C:\Windows\syswow64\OLEAUT32.dll
0x753a0000 - 0x754fc000 	C:\Windows\syswow64\ole32.dll
0x74e20000 - 0x74e32000 	C:\Windows\syswow64\DEVOBJ.dll
0x70b80000 - 0x70b93000 	C:\Windows\system32\dwmapi.dll
0x749a0000 - 0x749a9000 	C:\Windows\system32\VERSION.dll
0x049e0000 - 0x04a47000 	C:\Users\Rig\AppData\Local\Temp\libgdxRig\658158746\OpenAL32.dll
0x75ee0000 - 0x76b2a000 	C:\Windows\syswow64\SHELL32.dll
0x70ba0000 - 0x70c20000 	C:\Windows\system32\uxtheme.dll
0x72620000 - 0x72678000 	C:\Program Files (x86)\Common Files\microsoft shared\ink\tiptsf.dll
0x75310000 - 0x75393000 	C:\Windows\syswow64\CLBCatQ.DLL
0x698c0000 - 0x699b5000 	C:\Windows\System32\PROPSYS.dll
0x75050000 - 0x7507e000 	C:\Windows\syswow64\WINTRUST.dll
0x75170000 - 0x75290000 	C:\Windows\syswow64\CRYPT32.dll
0x75a10000 - 0x75a1c000 	C:\Windows\syswow64\MSASN1.dll
0x68750000 - 0x687c2000 	C:\Windows\system32\dsound.dll
0x699c0000 - 0x699e5000 	C:\Windows\system32\POWRPROF.dll
0x69010000 - 0x69049000 	C:\Windows\System32\MMDevApi.dll
0x687f0000 - 0x68826000 	C:\Windows\system32\AUDIOSES.DLL
0x53dc0000 - 0x552fb000 	C:\Windows\system32\nvoglv32.DLL
0x74910000 - 0x74931000 	C:\Windows\system32\ntmarta.dll
0x74dd0000 - 0x74e15000 	C:\Windows\syswow64\WLDAP32.dll
0x6a1a0000 - 0x6a1dc000 	C:\Windows\system32\oleacc.dll
0x71b30000 - 0x71ba9000 	C:\Windows\system32\mscms.dll
0x70820000 - 0x70837000 	C:\Windows\system32\USERENV.dll
0x70810000 - 0x7081b000 	C:\Windows\system32\profapi.dll
0x6e870000 - 0x6e8a8000 	C:\Windows\system32\icm32.dll

VM Arguments:
jvm_args: -Dfile.encoding=Cp1252 
java_command: deco2800.arcade.minigolf.Main
Launcher Type: SUN_STANDARD

Environment Variables:
JAVA_HOME=C:\Program Files\Java\jdk1.7.0_40
CLASSPATH=.;C:\Program Files (x86)\Java\jre7\lib\ext\QTJava.zip
PATH=C:/Program Files (x86)/Java/jre7/bin/client;C:/Program Files (x86)/Java/jre7/bin;C:/Program Files (x86)/Java/jre7/lib/i386;C:\Program Files (x86)\NVIDIA Corporation\PhysX\Common;C:\Windows\system32;C:\Windows;C:\Windows\System32\Wbem;C:\Windows\System32\WindowsPowerShell\v1.0\;C:\Program Files (x86)\QuickTime\QTSystem\;C:\Program Files\TortoiseSVN\bin;C:\Gradle\gradle-1.6\bin;;C:\eclipse;
USERNAME=Rig
OS=Windows_NT
PROCESSOR_IDENTIFIER=AMD64 Family 21 Model 2 Stepping 0, AuthenticAMD



---------------  S Y S T E M  ---------------

OS: Windows 7 , 64 bit Build 7601 Service Pack 1

CPU:total 6 (6 cores per cpu, 1 threads per core) family 21 model 2 stepping 0, cmov, cx8, fxsr, mmx, sse, sse2, sse3, ssse3, sse4.1, sse4.2, popcnt, avx, mmxext, 3dnowpref, lzcnt, sse4a, tsc, tscinvbit, tscinv

Memory: 4k page, physical 8287832k(3887620k free), swap 16573804k(10024508k free)

vm_info: Java HotSpot(TM) Client VM (23.25-b01) for windows-x86 JRE (1.7.0_25-b17), built on Jun 21 2013 13:06:48 by "java_re" with unknown MS VC++:1600

time: Sat Oct 12 22:35:37 2013
elapsed time: 292 seconds

