#
# A fatal error has been detected by the Java Runtime Environment:
#
#  EXCEPTION_ACCESS_VIOLATION (0xc0000005) at pc=0x774a9b60, pid=5056, tid=6568
#
# JRE version: 7.0_25-b17
# Java VM: Java HotSpot(TM) Client VM (23.25-b01 mixed mode, sharing windows-x86 )
# Problematic frame:
# C  [msvcrt.dll+0x9b60]
#
# Failed to write core dump. Minidumps are not enabled by default on client versions of Windows
#
# If you would like to submit a bug report, please visit:
#   http://bugreport.sun.com/bugreport/crash.jsp
# The crash happened outside the Java Virtual Machine in native code.
# See problematic frame for where to report the bug.
#

---------------  T H R E A D  ---------------

Current thread (0x04bec800):  JavaThread "LWJGL Application" [_thread_in_native, id=6568, stack(0x05f60000,0x05fb0000)]

siginfo: ExceptionCode=0xc0000005, writing address 0x00000000

Registers:
EAX=0x2475919c, EBX=0x04bec928, ECX=0x00000050, EDX=0x00000000
ESP=0x05faf640, EBP=0x05faf648, ESI=0x2475905c, EDI=0x00000000
EIP=0x774a9b60, EFLAGS=0x00010216

Top of Stack: (sp=0x05faf640)
0x05faf640:   05faf698 2475905c 00000000 6ceeab5d
0x05faf650:   00000000 2475905c 00000140 00000000
0x05faf660:   08095928 00000000 00000040 24754438
0x05faf670:   05faf6a0 04bec800 05faf6b8 0255ccd9
0x05faf680:   04bec928 05faf6a0 05faf698 05faf69c
0x05faf690:   00000050 00000000 24759050 24754438
0x05faf6a0:   298a7b88 05faf6c0 00000de1 0000018a
0x05faf6b0:   513fcad0 00000000 05fafa2c 0255cf18 

Instructions: (pc=0x774a9b60)
0x774a9b40:   8b 45 08 5e 5f c9 c3 8a 46 03 88 47 03 8a 46 02
0x774a9b50:   88 47 02 8a 46 01 88 47 01 8b 45 08 5e 5f c9 c3
0x774a9b60:   f3 a5 ff 24 95 b8 99 4a 77 8a 06 88 07 8a 46 01
0x774a9b70:   88 47 01 8b 45 08 5e 5f c9 c3 83 3d 44 00 54 77 


Register to memory mapping:

EAX=
[error occurred during error reporting (printing register info), id 0xc0000005]

Stack: [0x05f60000,0x05fb0000],  sp=0x05faf640,  free space=317k
Native frames: (J=compiled Java code, j=interpreted, Vv=VM code, C=native code)
C  [msvcrt.dll+0x9b60]

Java frames: (J=compiled Java code, j=interpreted, Vv=VM code)
J  com.badlogic.gdx.utils.BufferUtils.copyJni([FLjava/nio/Buffer;II)V
J  com.badlogic.gdx.utils.BufferUtils.copy([FLjava/nio/Buffer;II)V
J  com.badlogic.gdx.graphics.g2d.SpriteBatch.renderMesh()V
J  com.badlogic.gdx.scenes.scene2d.Group.drawChildren(Lcom/badlogic/gdx/graphics/g2d/SpriteBatch;F)V
J  com.badlogic.gdx.scenes.scene2d.Group.draw(Lcom/badlogic/gdx/graphics/g2d/SpriteBatch;F)V
J  com.badlogic.gdx.scenes.scene2d.Stage.draw()V
J  deco2800.arcade.minigolf.WorldRenderer.render()V
J  deco2800.arcade.minigolf.GameScreen.render(F)V
J  com.badlogic.gdx.Game.render()V
j  com.badlogic.gdx.backends.lwjgl.LwjglApplication.mainLoop()V+491
j  com.badlogic.gdx.backends.lwjgl.LwjglApplication$1.run()V+27
v  ~StubRoutines::call_stub

---------------  P R O C E S S  ---------------

Java Threads: ( => current thread )
  0x0808a000 JavaThread "LWJGL Timer" daemon [_thread_blocked, id=2896, stack(0x08740000,0x08790000)]
  0x00cbac00 JavaThread "DestroyJavaVM" [_thread_blocked, id=7048, stack(0x00e90000,0x00ee0000)]
=>0x04bec800 JavaThread "LWJGL Application" [_thread_in_native, id=6568, stack(0x05f60000,0x05fb0000)]
  0x00fbe800 JavaThread "Service Thread" daemon [_thread_blocked, id=6592, stack(0x04470000,0x044c0000)]
  0x00fb9800 JavaThread "C1 CompilerThread0" daemon [_thread_blocked, id=6600, stack(0x04ac0000,0x04b10000)]
  0x00fb8000 JavaThread "Attach Listener" daemon [_thread_blocked, id=6356, stack(0x04800000,0x04850000)]
  0x00fb5000 JavaThread "Signal Dispatcher" daemon [_thread_blocked, id=4940, stack(0x048e0000,0x04930000)]
  0x00fa0c00 JavaThread "Finalizer" daemon [_thread_blocked, id=7040, stack(0x046f0000,0x04740000)]
  0x00f9f400 JavaThread "Reference Handler" daemon [_thread_blocked, id=7060, stack(0x04620000,0x04670000)]

Other Threads:
  0x00f9e000 VMThread [stack: 0x04530000,0x04580000] [id=7056]
  0x04b11c00 WatcherThread [stack: 0x04dd0000,0x04e20000] [id=6376]

VM state:not at safepoint (normal execution)

VM Mutex/Monitor currently owned by a thread: None

Heap
 def new generation   total 6400K, used 5149K [0x242c0000, 0x249b0000, 0x29810000)
  eden space 5696K,  84% used [0x242c0000, 0x2476c8e0, 0x24850000)
  from space 704K,  51% used [0x24850000, 0x248aaba8, 0x24900000)
  to   space 704K,   0% used [0x24900000, 0x24900000, 0x249b0000)
 tenured generation   total 14092K, used 8575K [0x29810000, 0x2a5d3000, 0x342c0000)
   the space 14092K,  60% used [0x29810000, 0x2a06fda0, 0x2a06fe00, 0x2a5d3000)
 compacting perm gen  total 12288K, used 2388K [0x342c0000, 0x34ec0000, 0x382c0000)
   the space 12288K,  19% used [0x342c0000, 0x34515278, 0x34515400, 0x34ec0000)
    ro space 10240K,  42% used [0x382c0000, 0x38704240, 0x38704400, 0x38cc0000)
    rw space 12288K,  54% used [0x38cc0000, 0x39344d58, 0x39344e00, 0x398c0000)

Card table byte_map: [0x00cc0000,0x00d70000] byte_map_base: 0x00b9ea00

Polling page: 0x000c0000

Code Cache  [0x02470000, 0x02618000, 0x04470000)
 total_blobs=992 nmethods=739 adapters=188 free_code_cache=31082Kb largest_free_block=31828544

Compilation events (10 events):
Event: 92.847 Thread 0x00fb9800  735   !         sun.misc.Cleaner::clean (35 bytes)
Event: 92.847 Thread 0x00fb9800 nmethod 735 0x0260f2c8 code [0x0260f400, 0x0260f580]
Event: 92.848 Thread 0x00fb9800  736  s          sun.misc.Cleaner::remove (89 bytes)
Event: 92.848 Thread 0x00fb9800 nmethod 736 0x0260f688 code [0x0260f790, 0x0260fa40]
Event: 92.848 Thread 0x00fb9800  737             java.nio.DirectByteBuffer$Deallocator::run (37 bytes)
Event: 92.848 Thread 0x00fb9800 nmethod 737 0x0260fb08 code [0x0260fc20, 0x0260fd38]
Event: 92.848 Thread 0x00fb9800  738             java.lang.ref.Reference::access$100 (4 bytes)
Event: 92.848 Thread 0x00fb9800 nmethod 738 0x0260fdc8 code [0x0260fec0, 0x0260ff30]
Event: 234.593 Thread 0x00fb9800    1 % !         com.badlogic.gdx.backends.lwjgl.LwjglApplication::mainLoop @ 86 (660 bytes)
Event: 234.602 Thread 0x00fb9800 nmethod 1% 0x0260ff88 code [0x02610660, 0x026125f8]

GC Heap History (10 events):
Event: 349.786 GC heap before
{Heap before GC invocations=402 (full 2):
 def new generation   total 6400K, used 5962K [0x242c0000, 0x249b0000, 0x29810000)
  eden space 5696K,  99% used [0x242c0000, 0x2484bb10, 0x24850000)
  from space 704K,  40% used [0x24900000, 0x24946da8, 0x249b0000)
  to   space 704K,   0% used [0x24850000, 0x24850000, 0x24900000)
 tenured generation   total 14092K, used 8555K [0x29810000, 0x2a5d3000, 0x342c0000)
   the space 14092K,  60% used [0x29810000, 0x2a06ae20, 0x2a06b000, 0x2a5d3000)
 compacting perm gen  total 12288K, used 2388K [0x342c0000, 0x34ec0000, 0x382c0000)
   the space 12288K,  19% used [0x342c0000, 0x34515278, 0x34515400, 0x34ec0000)
    ro space 10240K,  42% used [0x382c0000, 0x38704240, 0x38704400, 0x38cc0000)
    rw space 12288K,  54% used [0x38cc0000, 0x39344d58, 0x39344e00, 0x398c0000)
Event: 349.788 GC heap after
Heap after GC invocations=403 (full 2):
 def new generation   total 6400K, used 303K [0x242c0000, 0x249b0000, 0x29810000)
  eden space 5696K,   0% used [0x242c0000, 0x242c0000, 0x24850000)
  from space 704K,  43% used [0x24850000, 0x2489bd28, 0x24900000)
  to   space 704K,   0% used [0x24900000, 0x24900000, 0x249b0000)
 tenured generation   total 14092K, used 8555K [0x29810000, 0x2a5d3000, 0x342c0000)
   the space 14092K,  60% used [0x29810000, 0x2a06ae20, 0x2a06b000, 0x2a5d3000)
 compacting perm gen  total 12288K, used 2388K [0x342c0000, 0x34ec0000, 0x382c0000)
   the space 12288K,  19% used [0x342c0000, 0x34515278, 0x34515400, 0x34ec0000)
    ro space 10240K,  42% used [0x382c0000, 0x38704240, 0x38704400, 0x38cc0000)
    rw space 12288K,  54% used [0x38cc0000, 0x39344d58, 0x39344e00, 0x398c0000)
}
Event: 350.669 GC heap before
{Heap before GC invocations=403 (full 2):
 def new generation   total 6400K, used 5991K [0x242c0000, 0x249b0000, 0x29810000)
  eden space 5696K,  99% used [0x242c0000, 0x2484e170, 0x24850000)
  from space 704K,  43% used [0x24850000, 0x2489bd28, 0x24900000)
  to   space 704K,   0% used [0x24900000, 0x24900000, 0x249b0000)
 tenured generation   total 14092K, used 8555K [0x29810000, 0x2a5d3000, 0x342c0000)
   the space 14092K,  60% used [0x29810000, 0x2a06ae20, 0x2a06b000, 0x2a5d3000)
 compacting perm gen  total 12288K, used 2388K [0x342c0000, 0x34ec0000, 0x382c0000)
   the space 12288K,  19% used [0x342c0000, 0x34515278, 0x34515400, 0x34ec0000)
    ro space 10240K,  42% used [0x382c0000, 0x38704240, 0x38704400, 0x38cc0000)
    rw space 12288K,  54% used [0x38cc0000, 0x39344d58, 0x39344e00, 0x398c0000)
Event: 350.670 GC heap after
Heap after GC invocations=404 (full 2):
 def new generation   total 6400K, used 323K [0x242c0000, 0x249b0000, 0x29810000)
  eden space 5696K,   0% used [0x242c0000, 0x242c0000, 0x24850000)
  from space 704K,  45% used [0x24900000, 0x24950ca8, 0x249b0000)
  to   space 704K,   0% used [0x24850000, 0x24850000, 0x24900000)
 tenured generation   total 14092K, used 8555K [0x29810000, 0x2a5d3000, 0x342c0000)
   the space 14092K,  60% used [0x29810000, 0x2a06ae20, 0x2a06b000, 0x2a5d3000)
 compacting perm gen  total 12288K, used 2388K [0x342c0000, 0x34ec0000, 0x382c0000)
   the space 12288K,  19% used [0x342c0000, 0x34515278, 0x34515400, 0x34ec0000)
    ro space 10240K,  42% used [0x382c0000, 0x38704240, 0x38704400, 0x38cc0000)
    rw space 12288K,  54% used [0x38cc0000, 0x39344d58, 0x39344e00, 0x398c0000)
}
Event: 351.553 GC heap before
{Heap before GC invocations=404 (full 2):
 def new generation   total 6400K, used 5997K [0x242c0000, 0x249b0000, 0x29810000)
  eden space 5696K,  99% used [0x242c0000, 0x2484a950, 0x24850000)
  from space 704K,  45% used [0x24900000, 0x24950ca8, 0x249b0000)
  to   space 704K,   0% used [0x24850000, 0x24850000, 0x24900000)
 tenured generation   total 14092K, used 8555K [0x29810000, 0x2a5d3000, 0x342c0000)
   the space 14092K,  60% used [0x29810000, 0x2a06ae20, 0x2a06b000, 0x2a5d3000)
 compacting perm gen  total 12288K, used 2388K [0x342c0000, 0x34ec0000, 0x382c0000)
   the space 12288K,  19% used [0x342c0000, 0x34515278, 0x34515400, 0x34ec0000)
    ro space 10240K,  42% used [0x382c0000, 0x38704240, 0x38704400, 0x38cc0000)
    rw space 12288K,  54% used [0x38cc0000, 0x39344d58, 0x39344e00, 0x398c0000)
Event: 351.554 GC heap after
Heap after GC invocations=405 (full 2):
 def new generation   total 6400K, used 343K [0x242c0000, 0x249b0000, 0x29810000)
  eden space 5696K,   0% used [0x242c0000, 0x242c0000, 0x24850000)
  from space 704K,  48% used [0x24850000, 0x248a5c28, 0x24900000)
  to   space 704K,   0% used [0x24900000, 0x24900000, 0x249b0000)
 tenured generation   total 14092K, used 8555K [0x29810000, 0x2a5d3000, 0x342c0000)
   the space 14092K,  60% used [0x29810000, 0x2a06ae20, 0x2a06b000, 0x2a5d3000)
 compacting perm gen  total 12288K, used 2388K [0x342c0000, 0x34ec0000, 0x382c0000)
   the space 12288K,  19% used [0x342c0000, 0x34515278, 0x34515400, 0x34ec0000)
    ro space 10240K,  42% used [0x382c0000, 0x38704240, 0x38704400, 0x38cc0000)
    rw space 12288K,  54% used [0x38cc0000, 0x39344d58, 0x39344e00, 0x398c0000)
}
Event: 352.436 GC heap before
{Heap before GC invocations=405 (full 2):
 def new generation   total 6400K, used 6019K [0x242c0000, 0x249b0000, 0x29810000)
  eden space 5696K,  99% used [0x242c0000, 0x2484b120, 0x24850000)
  from space 704K,  48% used [0x24850000, 0x248a5c28, 0x24900000)
  to   space 704K,   0% used [0x24900000, 0x24900000, 0x249b0000)
 tenured generation   total 14092K, used 8555K [0x29810000, 0x2a5d3000, 0x342c0000)
   the space 14092K,  60% used [0x29810000, 0x2a06ae20, 0x2a06b000, 0x2a5d3000)
 compacting perm gen  total 12288K, used 2388K [0x342c0000, 0x34ec0000, 0x382c0000)
   the space 12288K,  19% used [0x342c0000, 0x34515278, 0x34515400, 0x34ec0000)
    ro space 10240K,  42% used [0x382c0000, 0x38704240, 0x38704400, 0x38cc0000)
    rw space 12288K,  54% used [0x38cc0000, 0x39344d58, 0x39344e00, 0x398c0000)
Event: 352.438 GC heap after
Heap after GC invocations=406 (full 2):
 def new generation   total 6400K, used 362K [0x242c0000, 0x249b0000, 0x29810000)
  eden space 5696K,   0% used [0x242c0000, 0x242c0000, 0x24850000)
  from space 704K,  51% used [0x24900000, 0x2495aba8, 0x249b0000)
  to   space 704K,   0% used [0x24850000, 0x24850000, 0x24900000)
 tenured generation   total 14092K, used 8555K [0x29810000, 0x2a5d3000, 0x342c0000)
   the space 14092K,  60% used [0x29810000, 0x2a06ae20, 0x2a06b000, 0x2a5d3000)
 compacting perm gen  total 12288K, used 2388K [0x342c0000, 0x34ec0000, 0x382c0000)
   the space 12288K,  19% used [0x342c0000, 0x34515278, 0x34515400, 0x34ec0000)
    ro space 10240K,  42% used [0x382c0000, 0x38704240, 0x38704400, 0x38cc0000)
    rw space 12288K,  54% used [0x38cc0000, 0x39344d58, 0x39344e00, 0x398c0000)
}
Event: 353.319 GC heap before
{Heap before GC invocations=406 (full 2):
 def new generation   total 6400K, used 6041K [0x242c0000, 0x249b0000, 0x29810000)
  eden space 5696K,  99% used [0x242c0000, 0x2484b8f0, 0x24850000)
  from space 704K,  51% used [0x24900000, 0x2495aba8, 0x249b0000)
  to   space 704K,   0% used [0x24850000, 0x24850000, 0x24900000)
 tenured generation   total 14092K, used 8555K [0x29810000, 0x2a5d3000, 0x342c0000)
   the space 14092K,  60% used [0x29810000, 0x2a06ae20, 0x2a06b000, 0x2a5d3000)
 compacting perm gen  total 12288K, used 2388K [0x342c0000, 0x34ec0000, 0x382c0000)
   the space 12288K,  19% used [0x342c0000, 0x34515278, 0x34515400, 0x34ec0000)
    ro space 10240K,  42% used [0x382c0000, 0x38704240, 0x38704400, 0x38cc0000)
    rw space 12288K,  54% used [0x38cc0000, 0x39344d58, 0x39344e00, 0x398c0000)
Event: 353.321 GC heap after
Heap after GC invocations=407 (full 2):
 def new generation   total 6400K, used 362K [0x242c0000, 0x249b0000, 0x29810000)
  eden space 5696K,   0% used [0x242c0000, 0x242c0000, 0x24850000)
  from space 704K,  51% used [0x24850000, 0x248aaba8, 0x24900000)
  to   space 704K,   0% used [0x24900000, 0x24900000, 0x249b0000)
 tenured generation   total 14092K, used 8575K [0x29810000, 0x2a5d3000, 0x342c0000)
   the space 14092K,  60% used [0x29810000, 0x2a06fda0, 0x2a06fe00, 0x2a5d3000)
 compacting perm gen  total 12288K, used 2388K [0x342c0000, 0x34ec0000, 0x382c0000)
   the space 12288K,  19% used [0x342c0000, 0x34515278, 0x34515400, 0x34ec0000)
    ro space 10240K,  42% used [0x382c0000, 0x38704240, 0x38704400, 0x38cc0000)
    rw space 12288K,  54% used [0x38cc0000, 0x39344d58, 0x39344e00, 0x398c0000)
}

Deoptimization events (0 events):
No events

Internal exceptions (10 events):
Event: 1.262 Thread 0x04bec800 Threw 0x24448438 at C:\jdk7u2_32P\jdk7u25\hotspot\src\share\vm\prims\jvm.cpp:1235
Event: 1.305 Thread 0x04bec800 Threw 0x244a4cc0 at C:\jdk7u2_32P\jdk7u25\hotspot\src\share\vm\prims\jvm.cpp:1235
Event: 1.313 Thread 0x04bec800 Threw 0x245745d0 at C:\jdk7u2_32P\jdk7u25\hotspot\src\share\vm\prims\jvm.cpp:1235
Event: 1.314 Thread 0x04bec800 Threw 0x2457cbd8 at C:\jdk7u2_32P\jdk7u25\hotspot\src\share\vm\prims\jvm.cpp:1235
Event: 1.314 Thread 0x04bec800 Threw 0x245d21c8 at C:\jdk7u2_32P\jdk7u25\hotspot\src\share\vm\prims\jvm.cpp:1235
Event: 1.314 Thread 0x04bec800 Threw 0x245d4090 at C:\jdk7u2_32P\jdk7u25\hotspot\src\share\vm\prims\jvm.cpp:1235
Event: 1.315 Thread 0x04bec800 Threw 0x245d5680 at C:\jdk7u2_32P\jdk7u25\hotspot\src\share\vm\prims\jvm.cpp:1235
Event: 1.319 Thread 0x04bec800 Threw 0x245de408 at C:\jdk7u2_32P\jdk7u25\hotspot\src\share\vm\prims\jvm.cpp:1235
Event: 1.321 Thread 0x04bec800 Threw 0x24600570 at C:\jdk7u2_32P\jdk7u25\hotspot\src\share\vm\prims\jvm.cpp:1235
Event: 1.327 Thread 0x04bec800 Threw 0x24610a18 at C:\jdk7u2_32P\jdk7u25\hotspot\src\share\vm\prims\jvm.cpp:1235

Events (10 events):
Event: 349.786 Executing VM operation: GenCollectForAllocation
Event: 349.788 Executing VM operation: GenCollectForAllocation done
Event: 350.669 Executing VM operation: GenCollectForAllocation
Event: 350.670 Executing VM operation: GenCollectForAllocation done
Event: 351.553 Executing VM operation: GenCollectForAllocation
Event: 351.555 Executing VM operation: GenCollectForAllocation done
Event: 352.436 Executing VM operation: GenCollectForAllocation
Event: 352.438 Executing VM operation: GenCollectForAllocation done
Event: 353.319 Executing VM operation: GenCollectForAllocation
Event: 353.321 Executing VM operation: GenCollectForAllocation done


Dynamic libraries:
0x01040000 - 0x0106f000 	C:\Program Files (x86)\Java\jre7\bin\javaw.exe
0x77950000 - 0x77ad0000 	C:\Windows\SysWOW64\ntdll.dll
0x76bb0000 - 0x76cc0000 	C:\Windows\syswow64\kernel32.dll
0x75c40000 - 0x75c87000 	C:\Windows\syswow64\KERNELBASE.dll
0x77400000 - 0x774a0000 	C:\Windows\syswow64\ADVAPI32.dll
0x774a0000 - 0x7754c000 	C:\Windows\syswow64\msvcrt.dll
0x75ca0000 - 0x75cb9000 	C:\Windows\SysWOW64\sechost.dll
0x76910000 - 0x76a00000 	C:\Windows\syswow64\RPCRT4.dll
0x753a0000 - 0x75400000 	C:\Windows\syswow64\SspiCli.dll
0x75390000 - 0x7539c000 	C:\Windows\syswow64\CRYPTBASE.dll
0x77130000 - 0x77230000 	C:\Windows\syswow64\USER32.dll
0x75a20000 - 0x75ab0000 	C:\Windows\syswow64\GDI32.dll
0x76d50000 - 0x76d5a000 	C:\Windows\syswow64\LPK.dll
0x76a00000 - 0x76a9d000 	C:\Windows\syswow64\USP10.dll
0x6eee0000 - 0x6f07e000 	C:\Windows\WinSxS\x86_microsoft.windows.common-controls_6595b64144ccf1df_6.0.7601.17514_none_41e6975e2bd6f2b2\COMCTL32.dll
0x76b30000 - 0x76b87000 	C:\Windows\syswow64\SHLWAPI.dll
0x75ab0000 - 0x75b10000 	C:\Windows\system32\IMM32.DLL
0x77320000 - 0x773ec000 	C:\Windows\syswow64\MSCTF.dll
0x61050000 - 0x6110e000 	C:\Program Files (x86)\Java\jre7\bin\msvcr100.dll
0x5efd0000 - 0x5f312000 	C:\Program Files (x86)\Java\jre7\bin\client\jvm.dll
0x71530000 - 0x71537000 	C:\Windows\system32\WSOCK32.dll
0x759c0000 - 0x759f5000 	C:\Windows\syswow64\WS2_32.dll
0x77920000 - 0x77926000 	C:\Windows\syswow64\NSI.dll
0x6f370000 - 0x6f3a2000 	C:\Windows\system32\WINMM.dll
0x75c90000 - 0x75c95000 	C:\Windows\syswow64\PSAPI.DLL
0x6ae50000 - 0x6ae5c000 	C:\Program Files (x86)\Java\jre7\bin\verify.dll
0x6ae30000 - 0x6ae50000 	C:\Program Files (x86)\Java\jre7\bin\java.dll
0x61320000 - 0x61333000 	C:\Program Files (x86)\Java\jre7\bin\zip.dll
0x6cec0000 - 0x6cf3f000 	C:\Users\Rig\AppData\Local\Temp\libgdxRig\3406029919\gdx.dll
0x10000000 - 0x1004c000 	C:\Users\Rig\AppData\Local\Temp\libgdxRig\658158746\lwjgl.dll
0x72460000 - 0x72528000 	C:\Windows\system32\OPENGL32.dll
0x72430000 - 0x72452000 	C:\Windows\system32\GLU32.dll
0x683e0000 - 0x684c7000 	C:\Windows\system32\DDRAW.dll
0x73b90000 - 0x73b96000 	C:\Windows\system32\DCIMAN32.dll
0x76d60000 - 0x76efd000 	C:\Windows\syswow64\SETUPAPI.dll
0x75530000 - 0x75557000 	C:\Windows\syswow64\CFGMGR32.dll
0x76cc0000 - 0x76d4f000 	C:\Windows\syswow64\OLEAUT32.dll
0x76fd0000 - 0x7712c000 	C:\Windows\syswow64\ole32.dll
0x75a00000 - 0x75a12000 	C:\Windows\syswow64\DEVOBJ.dll
0x714b0000 - 0x714c3000 	C:\Windows\system32\dwmapi.dll
0x752c0000 - 0x752c9000 	C:\Windows\system32\VERSION.dll
0x04d10000 - 0x04d77000 	C:\Users\Rig\AppData\Local\Temp\libgdxRig\658158746\OpenAL32.dll
0x75cc0000 - 0x7690a000 	C:\Windows\syswow64\SHELL32.dll
0x722a0000 - 0x72320000 	C:\Windows\system32\uxtheme.dll
0x75060000 - 0x750b8000 	C:\Program Files (x86)\Common Files\microsoft shared\ink\tiptsf.dll
0x77290000 - 0x77313000 	C:\Windows\syswow64\CLBCatQ.DLL
0x6e8f0000 - 0x6e9e5000 	C:\Windows\System32\PROPSYS.dll
0x76aa0000 - 0x76ace000 	C:\Windows\syswow64\WINTRUST.dll
0x75b10000 - 0x75c30000 	C:\Windows\syswow64\CRYPT32.dll
0x76b20000 - 0x76b2c000 	C:\Windows\syswow64\MSASN1.dll
0x73530000 - 0x735a2000 	C:\Windows\system32\dsound.dll
0x74350000 - 0x74375000 	C:\Windows\system32\POWRPROF.dll
0x6ce50000 - 0x6ce89000 	C:\Windows\System32\MMDevApi.dll
0x6aec0000 - 0x6aef6000 	C:\Windows\system32\AUDIOSES.DLL
0x50c60000 - 0x5219b000 	C:\Windows\system32\nvoglv32.DLL
0x75230000 - 0x75251000 	C:\Windows\system32\ntmarta.dll
0x76ad0000 - 0x76b15000 	C:\Windows\syswow64\WLDAP32.dll
0x6d920000 - 0x6d95c000 	C:\Windows\system32\oleacc.dll
0x73370000 - 0x733e9000 	C:\Windows\system32\mscms.dll
0x6eb80000 - 0x6eb97000 	C:\Windows\system32\USERENV.dll
0x6eb70000 - 0x6eb7b000 	C:\Windows\system32\profapi.dll
0x682d0000 - 0x68308000 	C:\Windows\system32\icm32.dll
0x61300000 - 0x61314000 	C:\Program Files (x86)\Java\jre7\bin\net.dll
0x6d670000 - 0x6d6ac000 	C:\Windows\system32\mswsock.dll
0x6f080000 - 0x6f086000 	C:\Windows\System32\wship6.dll
0x6ae60000 - 0x6ae6f000 	C:\Program Files (x86)\Java\jre7\bin\nio.dll

VM Arguments:
jvm_args: -Dfile.encoding=Cp1252 
java_command: deco2800.arcade.minigolf.Main
Launcher Type: SUN_STANDARD

Environment Variables:
JAVA_HOME=C:\Program Files\Java\jdk1.7.0_40
CLASSPATH=.;C:\Program Files (x86)\Java\jre7\lib\ext\QTJava.zip
PATH=C:/Program Files (x86)/Java/jre7/bin/client;C:/Program Files (x86)/Java/jre7/bin;C:/Program Files (x86)/Java/jre7/lib/i386;C:\Program Files (x86)\NVIDIA Corporation\PhysX\Common;C:\Windows\system32;C:\Windows;C:\Windows\System32\Wbem;C:\Windows\System32\WindowsPowerShell\v1.0\;C:\Program Files (x86)\QuickTime\QTSystem\;C:\Program Files\TortoiseSVN\bin;C:\Gradle\gradle-1.6\bin;;C:\eclipse;
USERNAME=Rig
OS=Windows_NT
PROCESSOR_IDENTIFIER=AMD64 Family 21 Model 2 Stepping 0, AuthenticAMD



---------------  S Y S T E M  ---------------

OS: Windows 7 , 64 bit Build 7601 Service Pack 1

CPU:total 6 (6 cores per cpu, 1 threads per core) family 21 model 2 stepping 0, cmov, cx8, fxsr, mmx, sse, sse2, sse3, ssse3, sse4.1, sse4.2, popcnt, avx, mmxext, 3dnowpref, lzcnt, sse4a, tsc, tscinvbit, tscinv

Memory: 4k page, physical 8287832k(4909848k free), swap 16573804k(11473448k free)

vm_info: Java HotSpot(TM) Client VM (23.25-b01) for windows-x86 JRE (1.7.0_25-b17), built on Jun 21 2013 13:06:48 by "java_re" with unknown MS VC++:1600

time: Sun Oct 13 20:55:16 2013
elapsed time: 354 seconds

