#
# A fatal error has been detected by the Java Runtime Environment:
#
#  EXCEPTION_ACCESS_VIOLATION (0xc0000005) at pc=0x75889b60, pid=6340, tid=6680
#
# JRE version: 7.0_25-b17
# Java VM: Java HotSpot(TM) Client VM (23.25-b01 mixed mode, sharing windows-x86 )
# Problematic frame:
# C  [msvcrt.dll+0x9b60]
#
# Failed to write core dump. Minidumps are not enabled by default on client versions of Windows
#
# If you would like to submit a bug report, please visit:
#   http://bugreport.sun.com/bugreport/crash.jsp
# The crash happened outside the Java Virtual Machine in native code.
# See problematic frame for where to report the bug.
#

---------------  T H R E A D  ---------------

Current thread (0x04b59000):  JavaThread "LWJGL Application" [_thread_in_native, id=6680, stack(0x049c0000,0x04a10000)]

siginfo: ExceptionCode=0xc0000005, writing address 0x00000000

Registers:
EAX=0x24330944, EBX=0x04b59128, ECX=0x00000050, EDX=0x00000000
ESP=0x04a0f2a0, EBP=0x04a0f2a8, ESI=0x24330804, EDI=0x00000000
EIP=0x75889b60, EFLAGS=0x00010216

Top of Stack: (sp=0x04a0f2a0)
0x04a0f2a0:   04a0f2f8 24330804 00000000 6ceeab5d
0x04a0f2b0:   00000000 24330804 00000140 00000000
0x04a0f2c0:   06dcda60 00000000 00000040 2432d520
0x04a0f2d0:   04a0f300 04b59000 04a0f318 0237cb19
0x04a0f2e0:   04b59128 04a0f300 04a0f2f8 04a0f2fc
0x04a0f2f0:   00000050 00000000 243307f8 2432d520
0x04a0f300:   299e9110 04a0f320 00000de1 00000022
0x04a0f310:   5ccbcad0 00000000 04a0f68c 0237cd58 

Instructions: (pc=0x75889b60)
0x75889b40:   8b 45 08 5e 5f c9 c3 8a 46 03 88 47 03 8a 46 02
0x75889b50:   88 47 02 8a 46 01 88 47 01 8b 45 08 5e 5f c9 c3
0x75889b60:   f3 a5 ff 24 95 b8 99 88 75 8a 06 88 07 8a 46 01
0x75889b70:   88 47 01 8b 45 08 5e 5f c9 c3 83 3d 44 00 92 75 


Register to memory mapping:

EAX=0x24330944 is an oop
[F 
 - klass: {type array float}
 - length: 20000
EBX=0x04b59128 is an unknown value
ECX=0x00000050 is an unknown value
EDX=0x00000000 is an unknown value
ESP=0x04a0f2a0 is pointing into the stack for thread: 0x04b59000
EBP=0x04a0f2a8 is pointing into the stack for thread: 0x04b59000
ESI=0x24330804 is an oop
[F 
 - klass: {type array float}
 - length: 20000
EDI=0x00000000 is an unknown value


Stack: [0x049c0000,0x04a10000],  sp=0x04a0f2a0,  free space=316k
Native frames: (J=compiled Java code, j=interpreted, Vv=VM code, C=native code)
C  [msvcrt.dll+0x9b60]

Java frames: (J=compiled Java code, j=interpreted, Vv=VM code)
J  com.badlogic.gdx.utils.BufferUtils.copyJni([FLjava/nio/Buffer;II)V
J  com.badlogic.gdx.utils.BufferUtils.copy([FLjava/nio/Buffer;II)V
J  com.badlogic.gdx.graphics.g2d.SpriteBatch.renderMesh()V
J  com.badlogic.gdx.scenes.scene2d.Group.drawChildren(Lcom/badlogic/gdx/graphics/g2d/SpriteBatch;F)V
J  com.badlogic.gdx.scenes.scene2d.Group.draw(Lcom/badlogic/gdx/graphics/g2d/SpriteBatch;F)V
J  com.badlogic.gdx.scenes.scene2d.Stage.draw()V
J  deco2800.arcade.minigolf.WorldRenderer.render()V
J  deco2800.arcade.minigolf.GameScreen.render(F)V
J  com.badlogic.gdx.Game.render()V
j  com.badlogic.gdx.backends.lwjgl.LwjglApplication.mainLoop()V+491
j  com.badlogic.gdx.backends.lwjgl.LwjglApplication$1.run()V+27
v  ~StubRoutines::call_stub

---------------  P R O C E S S  ---------------

Java Threads: ( => current thread )
  0x06dd1800 JavaThread "LWJGL Timer" daemon [_thread_blocked, id=4192, stack(0x05ee0000,0x05f30000)]
  0x0019ac00 JavaThread "DestroyJavaVM" [_thread_blocked, id=6920, stack(0x02140000,0x02190000)]
=>0x04b59000 JavaThread "LWJGL Application" [_thread_in_native, id=6680, stack(0x049c0000,0x04a10000)]
  0x0226d400 JavaThread "Service Thread" daemon [_thread_blocked, id=6716, stack(0x04a30000,0x04a80000)]
  0x02268000 JavaThread "C1 CompilerThread0" daemon [_thread_blocked, id=1612, stack(0x047e0000,0x04830000)]
  0x02266c00 JavaThread "Attach Listener" daemon [_thread_blocked, id=4316, stack(0x04720000,0x04770000)]
  0x02263800 JavaThread "Signal Dispatcher" daemon [_thread_blocked, id=6992, stack(0x04690000,0x046e0000)]
  0x02250c00 JavaThread "Finalizer" daemon [_thread_blocked, id=5100, stack(0x04770000,0x047c0000)]
  0x0224f400 JavaThread "Reference Handler" daemon [_thread_blocked, id=4400, stack(0x045c0000,0x04610000)]

Other Threads:
  0x0224e000 VMThread [stack: 0x04560000,0x045b0000] [id=5740]
  0x0227f000 WatcherThread [stack: 0x04890000,0x048e0000] [id=4996]

VM state:not at safepoint (normal execution)

VM Mutex/Monitor currently owned by a thread: None

Heap
 def new generation   total 4928K, used 814K [0x242c0000, 0x24810000, 0x29810000)
  eden space 4416K,  12% used [0x242c0000, 0x24347328, 0x24710000)
  from space 512K,  53% used [0x24710000, 0x24754738, 0x24790000)
  to   space 512K,   0% used [0x24790000, 0x24790000, 0x24810000)
 tenured generation   total 10944K, used 10251K [0x29810000, 0x2a2c0000, 0x342c0000)
   the space 10944K,  93% used [0x29810000, 0x2a212fa8, 0x2a213000, 0x2a2c0000)
 compacting perm gen  total 12288K, used 2302K [0x342c0000, 0x34ec0000, 0x382c0000)
   the space 12288K,  18% used [0x342c0000, 0x344ffa40, 0x344ffc00, 0x34ec0000)
    ro space 10240K,  42% used [0x382c0000, 0x38704240, 0x38704400, 0x38cc0000)
    rw space 12288K,  54% used [0x38cc0000, 0x39344d58, 0x39344e00, 0x398c0000)

Card table byte_map: [0x04290000,0x04340000] byte_map_base: 0x0416ea00

Polling page: 0x00160000

Code Cache  [0x02290000, 0x023f8000, 0x04290000)
 total_blobs=848 nmethods=600 adapters=183 free_code_cache=31332Kb largest_free_block=32084928

Compilation events (10 events):
Event: 38.110 Thread 0x02268000  596             com.badlogic.gdx.graphics.Mesh::<init> (137 bytes)
Event: 38.111 Thread 0x02268000 nmethod 596 0x023f0348 code [0x023f04d0, 0x023f0920]
Event: 38.111 Thread 0x02268000  597             com.badlogic.gdx.graphics.Mesh::addManagedMesh (45 bytes)
Event: 38.111 Thread 0x02268000 nmethod 597 0x023f0d08 code [0x023f0e40, 0x023f0fd0]
Event: 39.332 Thread 0x02268000  598             java.lang.ThreadLocal::getMap (5 bytes)
Event: 39.332 Thread 0x02268000 nmethod 598 0x023f10c8 code [0x023f11c0, 0x023f1240]
Event: 39.511 Thread 0x02268000  599             java.lang.ThreadLocal::get (34 bytes)
Event: 39.511 Thread 0x02268000 nmethod 599 0x023f12c8 code [0x023f13e0, 0x023f14d8]
Event: 234.238 Thread 0x02268000    1 % !         com.badlogic.gdx.backends.lwjgl.LwjglApplication::mainLoop @ 86 (660 bytes)
Event: 234.247 Thread 0x02268000 nmethod 1% 0x023f1608 code [0x023f1ce0, 0x023f3c78]

GC Heap History (10 events):
Event: 273.043 GC heap before
{Heap before GC invocations=387 (full 0):
 def new generation   total 4928K, used 4536K [0x242c0000, 0x24810000, 0x29810000)
  eden space 4416K,  98% used [0x242c0000, 0x24701550, 0x24710000)
  from space 512K,  35% used [0x24790000, 0x247bce28, 0x24810000)
  to   space 512K,   0% used [0x24710000, 0x24710000, 0x24790000)
 tenured generation   total 10944K, used 10188K [0x29810000, 0x2a2c0000, 0x342c0000)
   the space 10944K,  93% used [0x29810000, 0x2a2033a8, 0x2a203400, 0x2a2c0000)
 compacting perm gen  total 12288K, used 2302K [0x342c0000, 0x34ec0000, 0x382c0000)
   the space 12288K,  18% used [0x342c0000, 0x344ffa40, 0x344ffc00, 0x34ec0000)
    ro space 10240K,  42% used [0x382c0000, 0x38704240, 0x38704400, 0x38cc0000)
    rw space 12288K,  54% used [0x38cc0000, 0x39344d58, 0x39344e00, 0x398c0000)
Event: 273.043 GC heap after
Heap after GC invocations=388 (full 0):
 def new generation   total 4928K, used 195K [0x242c0000, 0x24810000, 0x29810000)
  eden space 4416K,   0% used [0x242c0000, 0x242c0000, 0x24710000)
  from space 512K,  38% used [0x24710000, 0x24740d28, 0x24790000)
  to   space 512K,   0% used [0x24790000, 0x24790000, 0x24810000)
 tenured generation   total 10944K, used 10188K [0x29810000, 0x2a2c0000, 0x342c0000)
   the space 10944K,  93% used [0x29810000, 0x2a2033a8, 0x2a203400, 0x2a2c0000)
 compacting perm gen  total 12288K, used 2302K [0x342c0000, 0x34ec0000, 0x382c0000)
   the space 12288K,  18% used [0x342c0000, 0x344ffa40, 0x344ffc00, 0x34ec0000)
    ro space 10240K,  42% used [0x382c0000, 0x38704240, 0x38704400, 0x38cc0000)
    rw space 12288K,  54% used [0x38cc0000, 0x39344d58, 0x39344e00, 0x398c0000)
}
Event: 273.743 GC heap before
{Heap before GC invocations=388 (full 0):
 def new generation   total 4928K, used 4535K [0x242c0000, 0x24810000, 0x29810000)
  eden space 4416K,  98% used [0x242c0000, 0x246fcff0, 0x24710000)
  from space 512K,  38% used [0x24710000, 0x24740d28, 0x24790000)
  to   space 512K,   0% used [0x24790000, 0x24790000, 0x24810000)
 tenured generation   total 10944K, used 10188K [0x29810000, 0x2a2c0000, 0x342c0000)
   the space 10944K,  93% used [0x29810000, 0x2a2033a8, 0x2a203400, 0x2a2c0000)
 compacting perm gen  total 12288K, used 2302K [0x342c0000, 0x34ec0000, 0x382c0000)
   the space 12288K,  18% used [0x342c0000, 0x344ffa40, 0x344ffc00, 0x34ec0000)
    ro space 10240K,  42% used [0x382c0000, 0x38704240, 0x38704400, 0x38cc0000)
    rw space 12288K,  54% used [0x38cc0000, 0x39344d58, 0x39344e00, 0x398c0000)
Event: 273.744 GC heap after
Heap after GC invocations=389 (full 0):
 def new generation   total 4928K, used 211K [0x242c0000, 0x24810000, 0x29810000)
  eden space 4416K,   0% used [0x242c0000, 0x242c0000, 0x24710000)
  from space 512K,  41% used [0x24790000, 0x247c4c28, 0x24810000)
  to   space 512K,   0% used [0x24710000, 0x24710000, 0x24790000)
 tenured generation   total 10944K, used 10188K [0x29810000, 0x2a2c0000, 0x342c0000)
   the space 10944K,  93% used [0x29810000, 0x2a2033a8, 0x2a203400, 0x2a2c0000)
 compacting perm gen  total 12288K, used 2302K [0x342c0000, 0x34ec0000, 0x382c0000)
   the space 12288K,  18% used [0x342c0000, 0x344ffa40, 0x344ffc00, 0x34ec0000)
    ro space 10240K,  42% used [0x382c0000, 0x38704240, 0x38704400, 0x38cc0000)
    rw space 12288K,  54% used [0x38cc0000, 0x39344d58, 0x39344e00, 0x398c0000)
}
Event: 274.443 GC heap before
{Heap before GC invocations=389 (full 0):
 def new generation   total 4928K, used 4623K [0x242c0000, 0x24810000, 0x29810000)
  eden space 4416K,  99% used [0x242c0000, 0x2470f2d0, 0x24710000)
  from space 512K,  41% used [0x24790000, 0x247c4c28, 0x24810000)
  to   space 512K,   0% used [0x24710000, 0x24710000, 0x24790000)
 tenured generation   total 10944K, used 10188K [0x29810000, 0x2a2c0000, 0x342c0000)
   the space 10944K,  93% used [0x29810000, 0x2a2033a8, 0x2a203400, 0x2a2c0000)
 compacting perm gen  total 12288K, used 2302K [0x342c0000, 0x34ec0000, 0x382c0000)
   the space 12288K,  18% used [0x342c0000, 0x344ffa40, 0x344ffc00, 0x34ec0000)
    ro space 10240K,  42% used [0x382c0000, 0x38704240, 0x38704400, 0x38cc0000)
    rw space 12288K,  54% used [0x38cc0000, 0x39344d58, 0x39344e00, 0x398c0000)
Event: 274.444 GC heap after
Heap after GC invocations=390 (full 0):
 def new generation   total 4928K, used 304K [0x242c0000, 0x24810000, 0x29810000)
  eden space 4416K,   0% used [0x242c0000, 0x242c0000, 0x24710000)
  from space 512K,  59% used [0x24710000, 0x2475c3b8, 0x24790000)
  to   space 512K,   0% used [0x24790000, 0x24790000, 0x24810000)
 tenured generation   total 10944K, used 10188K [0x29810000, 0x2a2c0000, 0x342c0000)
   the space 10944K,  93% used [0x29810000, 0x2a2033a8, 0x2a203400, 0x2a2c0000)
 compacting perm gen  total 12288K, used 2302K [0x342c0000, 0x34ec0000, 0x382c0000)
   the space 12288K,  18% used [0x342c0000, 0x344ffa40, 0x344ffc00, 0x34ec0000)
    ro space 10240K,  42% used [0x382c0000, 0x38704240, 0x38704400, 0x38cc0000)
    rw space 12288K,  54% used [0x38cc0000, 0x39344d58, 0x39344e00, 0x398c0000)
}
Event: 275.160 GC heap before
{Heap before GC invocations=390 (full 0):
 def new generation   total 4928K, used 4667K [0x242c0000, 0x24810000, 0x29810000)
  eden space 4416K,  98% used [0x242c0000, 0x24702950, 0x24710000)
  from space 512K,  59% used [0x24710000, 0x2475c3b8, 0x24790000)
  to   space 512K,   0% used [0x24790000, 0x24790000, 0x24810000)
 tenured generation   total 10944K, used 10188K [0x29810000, 0x2a2c0000, 0x342c0000)
   the space 10944K,  93% used [0x29810000, 0x2a2033a8, 0x2a203400, 0x2a2c0000)
 compacting perm gen  total 12288K, used 2302K [0x342c0000, 0x34ec0000, 0x382c0000)
   the space 12288K,  18% used [0x342c0000, 0x344ffa40, 0x344ffc00, 0x34ec0000)
    ro space 10240K,  42% used [0x382c0000, 0x38704240, 0x38704400, 0x38cc0000)
    rw space 12288K,  54% used [0x38cc0000, 0x39344d58, 0x39344e00, 0x398c0000)
Event: 275.161 GC heap after
Heap after GC invocations=391 (full 0):
 def new generation   total 4928K, used 179K [0x242c0000, 0x24810000, 0x29810000)
  eden space 4416K,   0% used [0x242c0000, 0x242c0000, 0x24710000)
  from space 512K,  35% used [0x24790000, 0x247bcfa8, 0x24810000)
  to   space 512K,   0% used [0x24710000, 0x24710000, 0x24790000)
 tenured generation   total 10944K, used 10251K [0x29810000, 0x2a2c0000, 0x342c0000)
   the space 10944K,  93% used [0x29810000, 0x2a212fa8, 0x2a213000, 0x2a2c0000)
 compacting perm gen  total 12288K, used 2302K [0x342c0000, 0x34ec0000, 0x382c0000)
   the space 12288K,  18% used [0x342c0000, 0x344ffa40, 0x344ffc00, 0x34ec0000)
    ro space 10240K,  42% used [0x382c0000, 0x38704240, 0x38704400, 0x38cc0000)
    rw space 12288K,  54% used [0x38cc0000, 0x39344d58, 0x39344e00, 0x398c0000)
}
Event: 275.860 GC heap before
{Heap before GC invocations=391 (full 0):
 def new generation   total 4928K, used 4593K [0x242c0000, 0x24810000, 0x29810000)
  eden space 4416K,  99% used [0x242c0000, 0x2470f508, 0x24710000)
  from space 512K,  35% used [0x24790000, 0x247bcfa8, 0x24810000)
  to   space 512K,   0% used [0x24710000, 0x24710000, 0x24790000)
 tenured generation   total 10944K, used 10251K [0x29810000, 0x2a2c0000, 0x342c0000)
   the space 10944K,  93% used [0x29810000, 0x2a212fa8, 0x2a213000, 0x2a2c0000)
 compacting perm gen  total 12288K, used 2302K [0x342c0000, 0x34ec0000, 0x382c0000)
   the space 12288K,  18% used [0x342c0000, 0x344ffa40, 0x344ffc00, 0x34ec0000)
    ro space 10240K,  42% used [0x382c0000, 0x38704240, 0x38704400, 0x38cc0000)
    rw space 12288K,  54% used [0x38cc0000, 0x39344d58, 0x39344e00, 0x398c0000)
Event: 275.861 GC heap after
Heap after GC invocations=392 (full 0):
 def new generation   total 4928K, used 273K [0x242c0000, 0x24810000, 0x29810000)
  eden space 4416K,   0% used [0x242c0000, 0x242c0000, 0x24710000)
  from space 512K,  53% used [0x24710000, 0x24754738, 0x24790000)
  to   space 512K,   0% used [0x24790000, 0x24790000, 0x24810000)
 tenured generation   total 10944K, used 10251K [0x29810000, 0x2a2c0000, 0x342c0000)
   the space 10944K,  93% used [0x29810000, 0x2a212fa8, 0x2a213000, 0x2a2c0000)
 compacting perm gen  total 12288K, used 2302K [0x342c0000, 0x34ec0000, 0x382c0000)
   the space 12288K,  18% used [0x342c0000, 0x344ffa40, 0x344ffc00, 0x34ec0000)
    ro space 10240K,  42% used [0x382c0000, 0x38704240, 0x38704400, 0x38cc0000)
    rw space 12288K,  54% used [0x38cc0000, 0x39344d58, 0x39344e00, 0x398c0000)
}

Deoptimization events (0 events):
No events

Internal exceptions (10 events):
Event: 1.449 Thread 0x04b59000 Threw 0x24429dd0 at C:\jdk7u2_32P\jdk7u25\hotspot\src\share\vm\prims\jvm.cpp:1235
Event: 1.492 Thread 0x04b59000 Threw 0x24480fa0 at C:\jdk7u2_32P\jdk7u25\hotspot\src\share\vm\prims\jvm.cpp:1235
Event: 1.500 Thread 0x04b59000 Threw 0x24550d30 at C:\jdk7u2_32P\jdk7u25\hotspot\src\share\vm\prims\jvm.cpp:1235
Event: 1.501 Thread 0x04b59000 Threw 0x245acc00 at C:\jdk7u2_32P\jdk7u25\hotspot\src\share\vm\prims\jvm.cpp:1235
Event: 1.501 Thread 0x04b59000 Threw 0x245ae978 at C:\jdk7u2_32P\jdk7u25\hotspot\src\share\vm\prims\jvm.cpp:1235
Event: 1.501 Thread 0x04b59000 Threw 0x245b0b50 at C:\jdk7u2_32P\jdk7u25\hotspot\src\share\vm\prims\jvm.cpp:1235
Event: 1.502 Thread 0x04b59000 Threw 0x245b2140 at C:\jdk7u2_32P\jdk7u25\hotspot\src\share\vm\prims\jvm.cpp:1235
Event: 1.506 Thread 0x04b59000 Threw 0x245cd870 at C:\jdk7u2_32P\jdk7u25\hotspot\src\share\vm\prims\jvm.cpp:1235
Event: 1.508 Thread 0x04b59000 Threw 0x245d84e0 at C:\jdk7u2_32P\jdk7u25\hotspot\src\share\vm\prims\jvm.cpp:1235
Event: 1.514 Thread 0x04b59000 Threw 0x245db070 at C:\jdk7u2_32P\jdk7u25\hotspot\src\share\vm\prims\jvm.cpp:1235

Events (10 events):
Event: 273.043 Executing VM operation: GenCollectForAllocation
Event: 273.044 Executing VM operation: GenCollectForAllocation done
Event: 273.743 Executing VM operation: GenCollectForAllocation
Event: 273.744 Executing VM operation: GenCollectForAllocation done
Event: 274.443 Executing VM operation: GenCollectForAllocation
Event: 274.444 Executing VM operation: GenCollectForAllocation done
Event: 275.160 Executing VM operation: GenCollectForAllocation
Event: 275.161 Executing VM operation: GenCollectForAllocation done
Event: 275.860 Executing VM operation: GenCollectForAllocation
Event: 275.861 Executing VM operation: GenCollectForAllocation done


Dynamic libraries:
0x00120000 - 0x0014f000 	C:\Program Files (x86)\Java\jre7\bin\javaw.exe
0x77030000 - 0x771b0000 	C:\Windows\SysWOW64\ntdll.dll
0x74b00000 - 0x74c10000 	C:\Windows\syswow64\kernel32.dll
0x75510000 - 0x75557000 	C:\Windows\syswow64\KERNELBASE.dll
0x75930000 - 0x759d0000 	C:\Windows\syswow64\ADVAPI32.dll
0x75880000 - 0x7592c000 	C:\Windows\syswow64\msvcrt.dll
0x76c10000 - 0x76c29000 	C:\Windows\SysWOW64\sechost.dll
0x75c60000 - 0x75d50000 	C:\Windows\syswow64\RPCRT4.dll
0x74a80000 - 0x74ae0000 	C:\Windows\syswow64\SspiCli.dll
0x74a70000 - 0x74a7c000 	C:\Windows\syswow64\CRYPTBASE.dll
0x75d50000 - 0x75e50000 	C:\Windows\syswow64\USER32.dll
0x75080000 - 0x75110000 	C:\Windows\syswow64\GDI32.dll
0x75500000 - 0x7550a000 	C:\Windows\syswow64\LPK.dll
0x74c30000 - 0x74ccd000 	C:\Windows\syswow64\USP10.dll
0x73c80000 - 0x73e1e000 	C:\Windows\WinSxS\x86_microsoft.windows.common-controls_6595b64144ccf1df_6.0.7601.17514_none_41e6975e2bd6f2b2\COMCTL32.dll
0x74d60000 - 0x74db7000 	C:\Windows\syswow64\SHLWAPI.dll
0x75110000 - 0x75170000 	C:\Windows\system32\IMM32.DLL
0x76b40000 - 0x76c0c000 	C:\Windows\syswow64\MSCTF.dll
0x69280000 - 0x6933e000 	C:\Program Files (x86)\Java\jre7\bin\msvcr100.dll
0x614c0000 - 0x61802000 	C:\Program Files (x86)\Java\jre7\bin\client\jvm.dll
0x72cd0000 - 0x72cd7000 	C:\Windows\system32\WSOCK32.dll
0x759d0000 - 0x75a05000 	C:\Windows\syswow64\WS2_32.dll
0x76b30000 - 0x76b36000 	C:\Windows\syswow64\NSI.dll
0x70890000 - 0x708c2000 	C:\Windows\system32\WINMM.dll
0x75a50000 - 0x75a55000 	C:\Windows\syswow64\PSAPI.DLL
0x71a50000 - 0x71a5c000 	C:\Program Files (x86)\Java\jre7\bin\verify.dll
0x70c20000 - 0x70c40000 	C:\Program Files (x86)\Java\jre7\bin\java.dll
0x70f10000 - 0x70f23000 	C:\Program Files (x86)\Java\jre7\bin\zip.dll
0x6cec0000 - 0x6cf3f000 	C:\Users\Rig\AppData\Local\Temp\libgdxRig\3406029919\gdx.dll
0x10000000 - 0x1004c000 	C:\Users\Rig\AppData\Local\Temp\libgdxRig\658158746\lwjgl.dll
0x72760000 - 0x72828000 	C:\Windows\system32\OPENGL32.dll
0x72d00000 - 0x72d22000 	C:\Windows\system32\GLU32.dll
0x6cbc0000 - 0x6cca7000 	C:\Windows\system32\DDRAW.dll
0x73300000 - 0x73306000 	C:\Windows\system32\DCIMAN32.dll
0x74e40000 - 0x74fdd000 	C:\Windows\syswow64\SETUPAPI.dll
0x75a20000 - 0x75a47000 	C:\Windows\syswow64\CFGMGR32.dll
0x75e50000 - 0x75edf000 	C:\Windows\syswow64\OLEAUT32.dll
0x753a0000 - 0x754fc000 	C:\Windows\syswow64\ole32.dll
0x74e20000 - 0x74e32000 	C:\Windows\syswow64\DEVOBJ.dll
0x70b80000 - 0x70b93000 	C:\Windows\system32\dwmapi.dll
0x749a0000 - 0x749a9000 	C:\Windows\system32\VERSION.dll
0x04410000 - 0x04477000 	C:\Users\Rig\AppData\Local\Temp\libgdxRig\658158746\OpenAL32.dll
0x75ee0000 - 0x76b2a000 	C:\Windows\syswow64\SHELL32.dll
0x70ba0000 - 0x70c20000 	C:\Windows\system32\uxtheme.dll
0x72620000 - 0x72678000 	C:\Program Files (x86)\Common Files\microsoft shared\ink\tiptsf.dll
0x75310000 - 0x75393000 	C:\Windows\syswow64\CLBCatQ.DLL
0x698c0000 - 0x699b5000 	C:\Windows\System32\PROPSYS.dll
0x75050000 - 0x7507e000 	C:\Windows\syswow64\WINTRUST.dll
0x75170000 - 0x75290000 	C:\Windows\syswow64\CRYPT32.dll
0x75a10000 - 0x75a1c000 	C:\Windows\syswow64\MSASN1.dll
0x68750000 - 0x687c2000 	C:\Windows\system32\dsound.dll
0x699c0000 - 0x699e5000 	C:\Windows\system32\POWRPROF.dll
0x69010000 - 0x69049000 	C:\Windows\System32\MMDevApi.dll
0x687f0000 - 0x68826000 	C:\Windows\system32\AUDIOSES.DLL
0x5c520000 - 0x5da5b000 	C:\Windows\system32\nvoglv32.DLL
0x74910000 - 0x74931000 	C:\Windows\system32\ntmarta.dll
0x74dd0000 - 0x74e15000 	C:\Windows\syswow64\WLDAP32.dll
0x6a1a0000 - 0x6a1dc000 	C:\Windows\system32\oleacc.dll
0x71b30000 - 0x71ba9000 	C:\Windows\system32\mscms.dll
0x70820000 - 0x70837000 	C:\Windows\system32\USERENV.dll
0x70810000 - 0x7081b000 	C:\Windows\system32\profapi.dll
0x6e870000 - 0x6e8a8000 	C:\Windows\system32\icm32.dll

VM Arguments:
jvm_args: -Dfile.encoding=Cp1252 
java_command: deco2800.arcade.minigolf.Main
Launcher Type: SUN_STANDARD

Environment Variables:
JAVA_HOME=C:\Program Files\Java\jdk1.7.0_40
CLASSPATH=.;C:\Program Files (x86)\Java\jre7\lib\ext\QTJava.zip
PATH=C:/Program Files (x86)/Java/jre7/bin/client;C:/Program Files (x86)/Java/jre7/bin;C:/Program Files (x86)/Java/jre7/lib/i386;C:\Program Files (x86)\NVIDIA Corporation\PhysX\Common;C:\Windows\system32;C:\Windows;C:\Windows\System32\Wbem;C:\Windows\System32\WindowsPowerShell\v1.0\;C:\Program Files (x86)\QuickTime\QTSystem\;C:\Program Files\TortoiseSVN\bin;C:\Gradle\gradle-1.6\bin;;C:\eclipse;
USERNAME=Rig
OS=Windows_NT
PROCESSOR_IDENTIFIER=AMD64 Family 21 Model 2 Stepping 0, AuthenticAMD



---------------  S Y S T E M  ---------------

OS: Windows 7 , 64 bit Build 7601 Service Pack 1

CPU:total 6 (6 cores per cpu, 1 threads per core) family 21 model 2 stepping 0, cmov, cx8, fxsr, mmx, sse, sse2, sse3, ssse3, sse4.1, sse4.2, popcnt, avx, mmxext, 3dnowpref, lzcnt, sse4a, tsc, tscinvbit, tscinv

Memory: 4k page, physical 8287832k(4205092k free), swap 16573804k(10512348k free)

vm_info: Java HotSpot(TM) Client VM (23.25-b01) for windows-x86 JRE (1.7.0_25-b17), built on Jun 21 2013 13:06:48 by "java_re" with unknown MS VC++:1600

time: Sat Oct 12 22:05:47 2013
elapsed time: 275 seconds

