#
# A fatal error has been detected by the Java Runtime Environment:
#
#  EXCEPTION_ACCESS_VIOLATION (0xc0000005) at pc=0x76f29b60, pid=7160, tid=5480
#
# JRE version: 7.0_25-b17
# Java VM: Java HotSpot(TM) Client VM (23.25-b01 mixed mode, sharing windows-x86 )
# Problematic frame:
# C  [msvcrt.dll+0x9b60]
#
# Failed to write core dump. Minidumps are not enabled by default on client versions of Windows
#
# If you would like to submit a bug report, please visit:
#   http://bugreport.sun.com/bugreport/crash.jsp
# The crash happened outside the Java Virtual Machine in native code.
# See problematic frame for where to report the bug.
#

---------------  T H R E A D  ---------------

Current thread (0x04c10000):  JavaThread "LWJGL Application" [_thread_in_native, id=5480, stack(0x05010000,0x05060000)]

siginfo: ExceptionCode=0xc0000005, writing address 0x00000000

Registers:
EAX=0x242db25c, EBX=0x04c10128, ECX=0x00000050, EDX=0x00000000
ESP=0x0505f2e0, EBP=0x0505f2e8, ESI=0x242db11c, EDI=0x00000000
EIP=0x76f29b60, EFLAGS=0x00010216

Top of Stack: (sp=0x0505f2e0)
0x0505f2e0:   0505f338 242db11c 00000000 6ceeab5d
0x0505f2f0:   00000000 242db11c 00000140 00000000
0x0505f300:   07db0ee8 00000000 00000040 242d8f98
0x0505f310:   0505f340 04c10000 0505f358 0266b219
0x0505f320:   04c10128 0505f340 0505f338 0505f33c
0x0505f330:   00000050 00000000 242db110 242d8f98
0x0505f340:   299e3348 0505f360 00000de1 0000000d
0x0505f350:   5367a230 00000000 0505f69c 0266b618 

Instructions: (pc=0x76f29b60)
0x76f29b40:   8b 45 08 5e 5f c9 c3 8a 46 03 88 47 03 8a 46 02
0x76f29b50:   88 47 02 8a 46 01 88 47 01 8b 45 08 5e 5f c9 c3
0x76f29b60:   f3 a5 ff 24 95 b8 99 f2 76 8a 06 88 07 8a 46 01
0x76f29b70:   88 47 01 8b 45 08 5e 5f c9 c3 83 3d 44 00 fc 76 


Register to memory mapping:

EAX=0x242db25c is an oop
[F 
 - klass: {type array float}
 - length: 20000
EBX=0x04c10128 is an unknown value
ECX=0x00000050 is an unknown value
EDX=0x00000000 is an unknown value
ESP=0x0505f2e0 is pointing into the stack for thread: 0x04c10000
EBP=0x0505f2e8 is pointing into the stack for thread: 0x04c10000
ESI=0x242db11c is an oop
[F 
 - klass: {type array float}
 - length: 20000
EDI=0x00000000 is an unknown value


Stack: [0x05010000,0x05060000],  sp=0x0505f2e0,  free space=316k
Native frames: (J=compiled Java code, j=interpreted, Vv=VM code, C=native code)
C  [msvcrt.dll+0x9b60]

Java frames: (J=compiled Java code, j=interpreted, Vv=VM code)
J  com.badlogic.gdx.utils.BufferUtils.copyJni([FLjava/nio/Buffer;II)V
J  com.badlogic.gdx.utils.BufferUtils.copy([FLjava/nio/Buffer;II)V
J  com.badlogic.gdx.graphics.g2d.SpriteBatch.renderMesh()V
J  com.badlogic.gdx.scenes.scene2d.Group.drawChildren(Lcom/badlogic/gdx/graphics/g2d/SpriteBatch;F)V
J  com.badlogic.gdx.scenes.scene2d.Group.draw(Lcom/badlogic/gdx/graphics/g2d/SpriteBatch;F)V
J  com.badlogic.gdx.scenes.scene2d.Stage.draw()V
J  com.me.mygdxgame.WorldRenderer.render()V
J  com.me.mygdxgame.Hole1Screen.render(F)V
J  com.badlogic.gdx.Game.render()V
j  com.badlogic.gdx.backends.lwjgl.LwjglApplication.mainLoop()V+491
j  com.badlogic.gdx.backends.lwjgl.LwjglApplication$1.run()V+27
v  ~StubRoutines::call_stub

---------------  P R O C E S S  ---------------

Java Threads: ( => current thread )
  0x07db7400 JavaThread "LWJGL Timer" daemon [_thread_blocked, id=3296, stack(0x085e0000,0x08630000)]
  0x00e2ac00 JavaThread "DestroyJavaVM" [_thread_blocked, id=4412, stack(0x003f0000,0x00440000)]
=>0x04c10000 JavaThread "LWJGL Application" [_thread_in_native, id=5480, stack(0x05010000,0x05060000)]
  0x00d82400 JavaThread "Service Thread" daemon [_thread_blocked, id=7120, stack(0x048f0000,0x04940000)]
  0x00d79400 JavaThread "C1 CompilerThread0" daemon [_thread_blocked, id=6168, stack(0x04850000,0x048a0000)]
  0x00d78000 JavaThread "Attach Listener" daemon [_thread_blocked, id=6188, stack(0x045a0000,0x045f0000)]
  0x00d75000 JavaThread "Signal Dispatcher" daemon [_thread_blocked, id=6604, stack(0x046c0000,0x04710000)]
  0x00d64000 JavaThread "Finalizer" daemon [_thread_blocked, id=5200, stack(0x003a0000,0x003f0000)]
  0x00d5f400 JavaThread "Reference Handler" daemon [_thread_blocked, id=7068, stack(0x01060000,0x010b0000)]

Other Threads:
  0x00d5d800 VMThread [stack: 0x00f20000,0x00f70000] [id=7148]
  0x00d8c800 WatcherThread [stack: 0x04af0000,0x04b40000] [id=7124]

VM state:not at safepoint (normal execution)

VM Mutex/Monitor currently owned by a thread: None

Heap
 def new generation   total 4928K, used 464K [0x242c0000, 0x24810000, 0x29810000)
  eden space 4416K,   4% used [0x242c0000, 0x242f1890, 0x24710000)
  from space 512K,  51% used [0x24710000, 0x24752810, 0x24790000)
  to   space 512K,   0% used [0x24790000, 0x24790000, 0x24810000)
 tenured generation   total 10944K, used 9843K [0x29810000, 0x2a2c0000, 0x342c0000)
   the space 10944K,  89% used [0x29810000, 0x2a1acd58, 0x2a1ace00, 0x2a2c0000)
 compacting perm gen  total 12288K, used 2297K [0x342c0000, 0x34ec0000, 0x382c0000)
   the space 12288K,  18% used [0x342c0000, 0x344fe6d0, 0x344fe800, 0x34ec0000)
    ro space 10240K,  42% used [0x382c0000, 0x38704240, 0x38704400, 0x38cc0000)
    rw space 12288K,  54% used [0x38cc0000, 0x39344d58, 0x39344e00, 0x398c0000)

Card table byte_map: [0x00e30000,0x00ee0000] byte_map_base: 0x00d0ea00

Polling page: 0x00170000

Code Cache  [0x02580000, 0x026e0000, 0x04580000)
 total_blobs=823 nmethods=575 adapters=183 free_code_cache=31373Kb largest_free_block=32126336

Compilation events (10 events):
Event: 37.211 Thread 0x00d79400  571             com.badlogic.gdx.graphics.g2d.Sprite::setRegion (64 bytes)
Event: 37.211 Thread 0x00d79400 nmethod 571 0x026d6348 code [0x026d6460, 0x026d663c]
Event: 37.211 Thread 0x00d79400  572             com.badlogic.gdx.graphics.g2d.Sprite::setColor (76 bytes)
Event: 37.211 Thread 0x00d79400 nmethod 572 0x026d6808 code [0x026d6950, 0x026d6b30]
Event: 37.211 Thread 0x00d79400  573             com.badlogic.gdx.graphics.g2d.Sprite::setSize (131 bytes)
Event: 37.211 Thread 0x00d79400 nmethod 573 0x026d6c88 code [0x026d6db0, 0x026d6fc0]
Event: 37.211 Thread 0x00d79400  574             com.badlogic.gdx.graphics.g2d.Sprite::setOrigin (16 bytes)
Event: 37.211 Thread 0x00d79400 nmethod 574 0x026d7188 code [0x026d7280, 0x026d7310]
Event: 233.937 Thread 0x00d79400    1 % !         com.badlogic.gdx.backends.lwjgl.LwjglApplication::mainLoop @ 86 (660 bytes)
Event: 233.946 Thread 0x00d79400 nmethod 1% 0x026d7348 code [0x026d7a20, 0x026d99f8]

GC Heap History (10 events):
Event: 273.272 GC heap before
{Heap before GC invocations=373 (full 0):
 def new generation   total 4928K, used 4680K [0x242c0000, 0x24810000, 0x29810000)
  eden space 4416K,  99% used [0x242c0000, 0x2470f910, 0x24710000)
  from space 512K,  51% used [0x24790000, 0x247d2810, 0x24810000)
  to   space 512K,   0% used [0x24710000, 0x24710000, 0x24790000)
 tenured generation   total 10944K, used 9760K [0x29810000, 0x2a2c0000, 0x342c0000)
   the space 10944K,  89% used [0x29810000, 0x2a198358, 0x2a198400, 0x2a2c0000)
 compacting perm gen  total 12288K, used 2297K [0x342c0000, 0x34ec0000, 0x382c0000)
   the space 12288K,  18% used [0x342c0000, 0x344fe6d0, 0x344fe800, 0x34ec0000)
    ro space 10240K,  42% used [0x382c0000, 0x38704240, 0x38704400, 0x38cc0000)
    rw space 12288K,  54% used [0x38cc0000, 0x39344d58, 0x39344e00, 0x398c0000)
Event: 273.274 GC heap after
Heap after GC invocations=374 (full 0):
 def new generation   total 4928K, used 266K [0x242c0000, 0x24810000, 0x29810000)
  eden space 4416K,   0% used [0x242c0000, 0x242c0000, 0x24710000)
  from space 512K,  51% used [0x24710000, 0x24752810, 0x24790000)
  to   space 512K,   0% used [0x24790000, 0x24790000, 0x24810000)
 tenured generation   total 10944K, used 9777K [0x29810000, 0x2a2c0000, 0x342c0000)
   the space 10944K,  89% used [0x29810000, 0x2a19c558, 0x2a19c600, 0x2a2c0000)
 compacting perm gen  total 12288K, used 2297K [0x342c0000, 0x34ec0000, 0x382c0000)
   the space 12288K,  18% used [0x342c0000, 0x344fe6d0, 0x344fe800, 0x34ec0000)
    ro space 10240K,  42% used [0x382c0000, 0x38704240, 0x38704400, 0x38cc0000)
    rw space 12288K,  54% used [0x38cc0000, 0x39344d58, 0x39344e00, 0x398c0000)
}
Event: 274.006 GC heap before
{Heap before GC invocations=374 (full 0):
 def new generation   total 4928K, used 4680K [0x242c0000, 0x24810000, 0x29810000)
  eden space 4416K,  99% used [0x242c0000, 0x2470f910, 0x24710000)
  from space 512K,  51% used [0x24710000, 0x24752810, 0x24790000)
  to   space 512K,   0% used [0x24790000, 0x24790000, 0x24810000)
 tenured generation   total 10944K, used 9777K [0x29810000, 0x2a2c0000, 0x342c0000)
   the space 10944K,  89% used [0x29810000, 0x2a19c558, 0x2a19c600, 0x2a2c0000)
 compacting perm gen  total 12288K, used 2297K [0x342c0000, 0x34ec0000, 0x382c0000)
   the space 12288K,  18% used [0x342c0000, 0x344fe6d0, 0x344fe800, 0x34ec0000)
    ro space 10240K,  42% used [0x382c0000, 0x38704240, 0x38704400, 0x38cc0000)
    rw space 12288K,  54% used [0x38cc0000, 0x39344d58, 0x39344e00, 0x398c0000)
Event: 274.007 GC heap after
Heap after GC invocations=375 (full 0):
 def new generation   total 4928K, used 266K [0x242c0000, 0x24810000, 0x29810000)
  eden space 4416K,   0% used [0x242c0000, 0x242c0000, 0x24710000)
  from space 512K,  51% used [0x24790000, 0x247d2810, 0x24810000)
  to   space 512K,   0% used [0x24710000, 0x24710000, 0x24790000)
 tenured generation   total 10944K, used 9793K [0x29810000, 0x2a2c0000, 0x342c0000)
   the space 10944K,  89% used [0x29810000, 0x2a1a0758, 0x2a1a0800, 0x2a2c0000)
 compacting perm gen  total 12288K, used 2297K [0x342c0000, 0x34ec0000, 0x382c0000)
   the space 12288K,  18% used [0x342c0000, 0x344fe6d0, 0x344fe800, 0x34ec0000)
    ro space 10240K,  42% used [0x382c0000, 0x38704240, 0x38704400, 0x38cc0000)
    rw space 12288K,  54% used [0x38cc0000, 0x39344d58, 0x39344e00, 0x398c0000)
}
Event: 274.739 GC heap before
{Heap before GC invocations=375 (full 0):
 def new generation   total 4928K, used 4680K [0x242c0000, 0x24810000, 0x29810000)
  eden space 4416K,  99% used [0x242c0000, 0x2470f910, 0x24710000)
  from space 512K,  51% used [0x24790000, 0x247d2810, 0x24810000)
  to   space 512K,   0% used [0x24710000, 0x24710000, 0x24790000)
 tenured generation   total 10944K, used 9793K [0x29810000, 0x2a2c0000, 0x342c0000)
   the space 10944K,  89% used [0x29810000, 0x2a1a0758, 0x2a1a0800, 0x2a2c0000)
 compacting perm gen  total 12288K, used 2297K [0x342c0000, 0x34ec0000, 0x382c0000)
   the space 12288K,  18% used [0x342c0000, 0x344fe6d0, 0x344fe800, 0x34ec0000)
    ro space 10240K,  42% used [0x382c0000, 0x38704240, 0x38704400, 0x38cc0000)
    rw space 12288K,  54% used [0x38cc0000, 0x39344d58, 0x39344e00, 0x398c0000)
Event: 274.740 GC heap after
Heap after GC invocations=376 (full 0):
 def new generation   total 4928K, used 266K [0x242c0000, 0x24810000, 0x29810000)
  eden space 4416K,   0% used [0x242c0000, 0x242c0000, 0x24710000)
  from space 512K,  51% used [0x24710000, 0x24752810, 0x24790000)
  to   space 512K,   0% used [0x24790000, 0x24790000, 0x24810000)
 tenured generation   total 10944K, used 9810K [0x29810000, 0x2a2c0000, 0x342c0000)
   the space 10944K,  89% used [0x29810000, 0x2a1a4958, 0x2a1a4a00, 0x2a2c0000)
 compacting perm gen  total 12288K, used 2297K [0x342c0000, 0x34ec0000, 0x382c0000)
   the space 12288K,  18% used [0x342c0000, 0x344fe6d0, 0x344fe800, 0x34ec0000)
    ro space 10240K,  42% used [0x382c0000, 0x38704240, 0x38704400, 0x38cc0000)
    rw space 12288K,  54% used [0x38cc0000, 0x39344d58, 0x39344e00, 0x398c0000)
}
Event: 275.473 GC heap before
{Heap before GC invocations=376 (full 0):
 def new generation   total 4928K, used 4680K [0x242c0000, 0x24810000, 0x29810000)
  eden space 4416K,  99% used [0x242c0000, 0x2470f910, 0x24710000)
  from space 512K,  51% used [0x24710000, 0x24752810, 0x24790000)
  to   space 512K,   0% used [0x24790000, 0x24790000, 0x24810000)
 tenured generation   total 10944K, used 9810K [0x29810000, 0x2a2c0000, 0x342c0000)
   the space 10944K,  89% used [0x29810000, 0x2a1a4958, 0x2a1a4a00, 0x2a2c0000)
 compacting perm gen  total 12288K, used 2297K [0x342c0000, 0x34ec0000, 0x382c0000)
   the space 12288K,  18% used [0x342c0000, 0x344fe6d0, 0x344fe800, 0x34ec0000)
    ro space 10240K,  42% used [0x382c0000, 0x38704240, 0x38704400, 0x38cc0000)
    rw space 12288K,  54% used [0x38cc0000, 0x39344d58, 0x39344e00, 0x398c0000)
Event: 275.473 GC heap after
Heap after GC invocations=377 (full 0):
 def new generation   total 4928K, used 266K [0x242c0000, 0x24810000, 0x29810000)
  eden space 4416K,   0% used [0x242c0000, 0x242c0000, 0x24710000)
  from space 512K,  51% used [0x24790000, 0x247d2810, 0x24810000)
  to   space 512K,   0% used [0x24710000, 0x24710000, 0x24790000)
 tenured generation   total 10944K, used 9826K [0x29810000, 0x2a2c0000, 0x342c0000)
   the space 10944K,  89% used [0x29810000, 0x2a1a8b58, 0x2a1a8c00, 0x2a2c0000)
 compacting perm gen  total 12288K, used 2297K [0x342c0000, 0x34ec0000, 0x382c0000)
   the space 12288K,  18% used [0x342c0000, 0x344fe6d0, 0x344fe800, 0x34ec0000)
    ro space 10240K,  42% used [0x382c0000, 0x38704240, 0x38704400, 0x38cc0000)
    rw space 12288K,  54% used [0x38cc0000, 0x39344d58, 0x39344e00, 0x398c0000)
}
Event: 276.206 GC heap before
{Heap before GC invocations=377 (full 0):
 def new generation   total 4928K, used 4680K [0x242c0000, 0x24810000, 0x29810000)
  eden space 4416K,  99% used [0x242c0000, 0x2470f910, 0x24710000)
  from space 512K,  51% used [0x24790000, 0x247d2810, 0x24810000)
  to   space 512K,   0% used [0x24710000, 0x24710000, 0x24790000)
 tenured generation   total 10944K, used 9826K [0x29810000, 0x2a2c0000, 0x342c0000)
   the space 10944K,  89% used [0x29810000, 0x2a1a8b58, 0x2a1a8c00, 0x2a2c0000)
 compacting perm gen  total 12288K, used 2297K [0x342c0000, 0x34ec0000, 0x382c0000)
   the space 12288K,  18% used [0x342c0000, 0x344fe6d0, 0x344fe800, 0x34ec0000)
    ro space 10240K,  42% used [0x382c0000, 0x38704240, 0x38704400, 0x38cc0000)
    rw space 12288K,  54% used [0x38cc0000, 0x39344d58, 0x39344e00, 0x398c0000)
Event: 276.207 GC heap after
Heap after GC invocations=378 (full 0):
 def new generation   total 4928K, used 266K [0x242c0000, 0x24810000, 0x29810000)
  eden space 4416K,   0% used [0x242c0000, 0x242c0000, 0x24710000)
  from space 512K,  51% used [0x24710000, 0x24752810, 0x24790000)
  to   space 512K,   0% used [0x24790000, 0x24790000, 0x24810000)
 tenured generation   total 10944K, used 9843K [0x29810000, 0x2a2c0000, 0x342c0000)
   the space 10944K,  89% used [0x29810000, 0x2a1acd58, 0x2a1ace00, 0x2a2c0000)
 compacting perm gen  total 12288K, used 2297K [0x342c0000, 0x34ec0000, 0x382c0000)
   the space 12288K,  18% used [0x342c0000, 0x344fe6d0, 0x344fe800, 0x34ec0000)
    ro space 10240K,  42% used [0x382c0000, 0x38704240, 0x38704400, 0x38cc0000)
    rw space 12288K,  54% used [0x38cc0000, 0x39344d58, 0x39344e00, 0x398c0000)
}

Deoptimization events (0 events):
No events

Internal exceptions (10 events):
Event: 1.017 Thread 0x04c10000 Threw 0x243cdbc0 at C:\jdk7u2_32P\jdk7u25\hotspot\src\share\vm\prims\jvm.cpp:1235
Event: 1.068 Thread 0x04c10000 Threw 0x24415eb8 at C:\jdk7u2_32P\jdk7u25\hotspot\src\share\vm\prims\jvm.cpp:1235
Event: 1.072 Thread 0x04c10000 Threw 0x244a30e8 at C:\jdk7u2_32P\jdk7u25\hotspot\src\share\vm\prims\jvm.cpp:1235
Event: 1.073 Thread 0x04c10000 Threw 0x244ab660 at C:\jdk7u2_32P\jdk7u25\hotspot\src\share\vm\prims\jvm.cpp:1235
Event: 1.073 Thread 0x04c10000 Threw 0x244ad258 at C:\jdk7u2_32P\jdk7u25\hotspot\src\share\vm\prims\jvm.cpp:1235
Event: 1.074 Thread 0x04c10000 Threw 0x244c2820 at C:\jdk7u2_32P\jdk7u25\hotspot\src\share\vm\prims\jvm.cpp:1235
Event: 1.074 Thread 0x04c10000 Threw 0x244c3cc0 at C:\jdk7u2_32P\jdk7u25\hotspot\src\share\vm\prims\jvm.cpp:1235
Event: 1.077 Thread 0x04c10000 Threw 0x244cafb8 at C:\jdk7u2_32P\jdk7u25\hotspot\src\share\vm\prims\jvm.cpp:1235
Event: 1.079 Thread 0x04c10000 Threw 0x244ce758 at C:\jdk7u2_32P\jdk7u25\hotspot\src\share\vm\prims\jvm.cpp:1235
Event: 1.085 Thread 0x04c10000 Threw 0x244fd558 at C:\jdk7u2_32P\jdk7u25\hotspot\src\share\vm\prims\jvm.cpp:1235

Events (10 events):
Event: 273.272 Executing VM operation: GenCollectForAllocation
Event: 273.274 Executing VM operation: GenCollectForAllocation done
Event: 274.006 Executing VM operation: GenCollectForAllocation
Event: 274.007 Executing VM operation: GenCollectForAllocation done
Event: 274.739 Executing VM operation: GenCollectForAllocation
Event: 274.740 Executing VM operation: GenCollectForAllocation done
Event: 275.473 Executing VM operation: GenCollectForAllocation
Event: 275.474 Executing VM operation: GenCollectForAllocation done
Event: 276.206 Executing VM operation: GenCollectForAllocation
Event: 276.207 Executing VM operation: GenCollectForAllocation done


Dynamic libraries:
0x01150000 - 0x0117f000 	C:\Program Files (x86)\Java\jre7\bin\javaw.exe
0x77770000 - 0x778f0000 	C:\Windows\SysWOW64\ntdll.dll
0x75780000 - 0x75890000 	C:\Windows\syswow64\kernel32.dll
0x75220000 - 0x75267000 	C:\Windows\syswow64\KERNELBASE.dll
0x756e0000 - 0x75780000 	C:\Windows\syswow64\ADVAPI32.dll
0x76f20000 - 0x76fcc000 	C:\Windows\syswow64\msvcrt.dll
0x75d00000 - 0x75d19000 	C:\Windows\SysWOW64\sechost.dll
0x755c0000 - 0x756b0000 	C:\Windows\syswow64\RPCRT4.dll
0x751c0000 - 0x75220000 	C:\Windows\syswow64\SspiCli.dll
0x751b0000 - 0x751bc000 	C:\Windows\syswow64\CRYPTBASE.dll
0x76ae0000 - 0x76be0000 	C:\Windows\syswow64\USER32.dll
0x76e90000 - 0x76f20000 	C:\Windows\syswow64\GDI32.dll
0x75450000 - 0x7545a000 	C:\Windows\syswow64\LPK.dll
0x75a50000 - 0x75aed000 	C:\Windows\syswow64\USP10.dll
0x6f060000 - 0x6f1fe000 	C:\Windows\WinSxS\x86_microsoft.windows.common-controls_6595b64144ccf1df_6.0.7601.17514_none_41e6975e2bd6f2b2\COMCTL32.dll
0x75b00000 - 0x75b57000 	C:\Windows\syswow64\SHLWAPI.dll
0x759f0000 - 0x75a50000 	C:\Windows\system32\IMM32.DLL
0x75920000 - 0x759ec000 	C:\Windows\syswow64\MSCTF.dll
0x54310000 - 0x543ce000 	C:\Program Files (x86)\Java\jre7\bin\msvcr100.dll
0x60d80000 - 0x610c2000 	C:\Program Files (x86)\Java\jre7\bin\client\jvm.dll
0x70b70000 - 0x70b77000 	C:\Windows\system32\WSOCK32.dll
0x76aa0000 - 0x76ad5000 	C:\Windows\syswow64\WS2_32.dll
0x75270000 - 0x75276000 	C:\Windows\syswow64\NSI.dll
0x6ea70000 - 0x6eaa2000 	C:\Windows\system32\WINMM.dll
0x75af0000 - 0x75af5000 	C:\Windows\syswow64\PSAPI.DLL
0x6f200000 - 0x6f20c000 	C:\Program Files (x86)\Java\jre7\bin\verify.dll
0x65b80000 - 0x65ba0000 	C:\Program Files (x86)\Java\jre7\bin\java.dll
0x65ba0000 - 0x65bb3000 	C:\Program Files (x86)\Java\jre7\bin\zip.dll
0x6cec0000 - 0x6cf3f000 	C:\Users\Rig\AppData\Local\Temp\libgdxRig\3406029919\gdx.dll
0x10000000 - 0x1004c000 	C:\Users\Rig\AppData\Local\Temp\libgdxRig\658158746\lwjgl.dll
0x71c60000 - 0x71d28000 	C:\Windows\system32\OPENGL32.dll
0x71c30000 - 0x71c52000 	C:\Windows\system32\GLU32.dll
0x71b40000 - 0x71c27000 	C:\Windows\system32\DDRAW.dll
0x73d20000 - 0x73d26000 	C:\Windows\system32\DCIMAN32.dll
0x75b60000 - 0x75cfd000 	C:\Windows\syswow64\SETUPAPI.dll
0x75890000 - 0x758b7000 	C:\Windows\syswow64\CFGMGR32.dll
0x75db0000 - 0x75e3f000 	C:\Windows\syswow64\OLEAUT32.dll
0x77190000 - 0x772ec000 	C:\Windows\syswow64\ole32.dll
0x752e0000 - 0x752f2000 	C:\Windows\syswow64\DEVOBJ.dll
0x72ca0000 - 0x72cb3000 	C:\Windows\system32\dwmapi.dll
0x750e0000 - 0x750e9000 	C:\Windows\system32\VERSION.dll
0x045f0000 - 0x04657000 	C:\Users\Rig\AppData\Local\Temp\libgdxRig\658158746\OpenAL32.dll
0x75e40000 - 0x76a8a000 	C:\Windows\syswow64\SHELL32.dll
0x72cc0000 - 0x72d40000 	C:\Windows\system32\uxtheme.dll
0x72d40000 - 0x72d98000 	C:\Program Files (x86)\Common Files\microsoft shared\ink\tiptsf.dll
0x75d20000 - 0x75da3000 	C:\Windows\syswow64\CLBCatQ.DLL
0x74de0000 - 0x74ed5000 	C:\Windows\System32\PROPSYS.dll
0x756b0000 - 0x756de000 	C:\Windows\syswow64\WINTRUST.dll
0x75330000 - 0x75450000 	C:\Windows\syswow64\CRYPT32.dll
0x755a0000 - 0x755ac000 	C:\Windows\syswow64\MSASN1.dll
0x74730000 - 0x747a2000 	C:\Windows\system32\dsound.dll
0x73e90000 - 0x73eb5000 	C:\Windows\system32\POWRPROF.dll
0x74840000 - 0x74879000 	C:\Windows\System32\MMDevApi.dll
0x747d0000 - 0x74806000 	C:\Windows\system32\AUDIOSES.DLL
0x52ec0000 - 0x54309000 	C:\Windows\system32\nvoglv32.DLL
0x75050000 - 0x75071000 	C:\Windows\system32\ntmarta.dll
0x75290000 - 0x752d5000 	C:\Windows\syswow64\WLDAP32.dll
0x72e90000 - 0x72ecc000 	C:\Windows\system32\oleacc.dll
0x6d7f0000 - 0x6d869000 	C:\Windows\system32\mscms.dll
0x6ea00000 - 0x6ea17000 	C:\Windows\system32\USERENV.dll
0x6e9f0000 - 0x6e9fb000 	C:\Windows\system32\profapi.dll
0x68bb0000 - 0x68be8000 	C:\Windows\system32\icm32.dll

VM Arguments:
jvm_args: -Dfile.encoding=Cp1252 
java_command: com.me.mygdxgame.Main
Launcher Type: SUN_STANDARD

Environment Variables:
CLASSPATH=.;C:\Program Files (x86)\Java\jre7\lib\ext\QTJava.zip
PATH=C:/Program Files (x86)/Java/jre7/bin/client;C:/Program Files (x86)/Java/jre7/bin;C:/Program Files (x86)/Java/jre7/lib/i386;C:\Program Files (x86)\NVIDIA Corporation\PhysX\Common;C:\Windows\system32;C:\Windows;C:\Windows\System32\Wbem;C:\Windows\System32\WindowsPowerShell\v1.0\;C:\Program Files (x86)\QuickTime\QTSystem\;C:\Program Files\TortoiseSVN\bin;C:\Gradle\gradle-1.7\bin;;C:\eclipse;
USERNAME=Rig
OS=Windows_NT
PROCESSOR_IDENTIFIER=AMD64 Family 21 Model 2 Stepping 0, AuthenticAMD



---------------  S Y S T E M  ---------------

OS: Windows 7 , 64 bit Build 7601 Service Pack 1

CPU:total 6 (6 cores per cpu, 1 threads per core) family 21 model 2 stepping 0, cmov, cx8, fxsr, mmx, sse, sse2, sse3, ssse3, sse4.1, sse4.2, popcnt, avx, mmxext, 3dnowpref, lzcnt, sse4a, tsc, tscinvbit, tscinv

Memory: 4k page, physical 8287832k(4909084k free), swap 16573804k(11612312k free)

vm_info: Java HotSpot(TM) Client VM (23.25-b01) for windows-x86 JRE (1.7.0_25-b17), built on Jun 21 2013 13:06:48 by "java_re" with unknown MS VC++:1600

time: Mon Sep 16 17:14:41 2013
elapsed time: 276 seconds

